{"/home/dan/dev-repos/taskflows/frontend/src/App.tsx": {"path":"/home/dan/dev-repos/taskflows/frontend/src/App.tsx","statementMap":{"0":{"start":{"line":17,"column":8},"end":{"line":17,"column":null}},"1":{"start":{"line":17,"column":50},"end":{"line":17,"column":71}},"2":{"start":{"line":19,"column":2},"end":{"line":21,"column":null}},"3":{"start":{"line":20,"column":4},"end":{"line":20,"column":null}},"4":{"start":{"line":23,"column":2},"end":{"line":23,"column":null}},"5":{"start":{"line":27,"column":8},"end":{"line":27,"column":null}},"6":{"start":{"line":27,"column":45},"end":{"line":27,"column":61}},"7":{"start":{"line":29,"column":2},"end":{"line":31,"column":null}},"8":{"start":{"line":30,"column":4},"end":{"line":30,"column":null}},"9":{"start":{"line":33,"column":2},"end":{"line":55,"column":null}}},"fnMap":{"0":{"name":"ProtectedRoute","decl":{"start":{"line":16,"column":9},"end":{"line":16,"column":26}},"loc":{"start":{"line":16,"column":26},"end":{"line":24,"column":null}},"line":16},"1":{"name":"(anonymous_1)","decl":{"start":{"line":17,"column":39},"end":{"line":17,"column":40}},"loc":{"start":{"line":17,"column":50},"end":{"line":17,"column":71}},"line":17},"2":{"name":"App","decl":{"start":{"line":26,"column":9},"end":{"line":26,"column":15}},"loc":{"start":{"line":26,"column":15},"end":{"line":57,"column":null}},"line":26},"3":{"name":"(anonymous_3)","decl":{"start":{"line":27,"column":34},"end":{"line":27,"column":35}},"loc":{"start":{"line":27,"column":45},"end":{"line":27,"column":61}},"line":27},"4":{"name":"(anonymous_4)","decl":{"start":{"line":29,"column":12},"end":{"line":29,"column":18}},"loc":{"start":{"line":29,"column":18},"end":{"line":31,"column":5}},"line":29}},"branchMap":{"0":{"loc":{"start":{"line":19,"column":2},"end":{"line":21,"column":null}},"type":"if","locations":[{"start":{"line":19,"column":2},"end":{"line":21,"column":null}},{"start":{},"end":{}}],"line":19}},"s":{"0":0,"1":0,"2":0,"3":0,"4":0,"5":0,"6":0,"7":0,"8":0,"9":0},"f":{"0":0,"1":0,"2":0,"3":0,"4":0},"b":{"0":[0,0]},"meta":{"lastBranch":1,"lastFunction":5,"lastStatement":10,"seen":{"f:16:9:16:26":0,"s:17:8:17:Infinity":0,"f:17:39:17:40":1,"s:17:50:17:71":1,"b:19:2:21:Infinity:undefined:undefined:undefined:undefined":0,"s:19:2:21:Infinity":2,"s:20:4:20:Infinity":3,"s:23:2:23:Infinity":4,"f:26:9:26:15":2,"s:27:8:27:Infinity":5,"f:27:34:27:35":3,"s:27:45:27:61":6,"s:29:2:31:Infinity":7,"f:29:12:29:18":4,"s:30:4:30:Infinity":8,"s:33:2:55:Infinity":9}}}
,"/home/dan/dev-repos/taskflows/frontend/src/api/client.ts": {"path":"/home/dan/dev-repos/taskflows/frontend/src/api/client.ts","statementMap":{"0":{"start":{"line":6,"column":6},"end":{"line":6,"column":null}},"1":{"start":{"line":10,"column":23},"end":{"line":10,"column":null}},"2":{"start":{"line":11,"column":2},"end":{"line":11,"column":null}},"3":{"start":{"line":11,"column":21},"end":{"line":11,"column":null}},"4":{"start":{"line":13,"column":2},"end":{"line":27,"column":null}},"5":{"start":{"line":14,"column":21},"end":{"line":18,"column":null}},"6":{"start":{"line":20,"column":4},"end":{"line":24,"column":null}},"7":{"start":{"line":21,"column":20},"end":{"line":21,"column":null}},"8":{"start":{"line":22,"column":6},"end":{"line":22,"column":null}},"9":{"start":{"line":23,"column":6},"end":{"line":23,"column":null}},"10":{"start":{"line":26,"column":4},"end":{"line":26,"column":null}},"11":{"start":{"line":29,"column":2},"end":{"line":29,"column":null}},"12":{"start":{"line":33,"column":35},"end":{"line":58,"column":null}},"13":{"start":{"line":35,"column":18},"end":{"line":35,"column":null}},"14":{"start":{"line":36,"column":4},"end":{"line":38,"column":null}},"15":{"start":{"line":37,"column":6},"end":{"line":37,"column":null}},"16":{"start":{"line":39,"column":4},"end":{"line":39,"column":null}},"17":{"start":{"line":43,"column":4},"end":{"line":55,"column":null}},"18":{"start":{"line":44,"column":23},"end":{"line":44,"column":null}},"19":{"start":{"line":45,"column":6},"end":{"line":54,"column":null}},"20":{"start":{"line":47,"column":27},"end":{"line":47,"column":null}},"21":{"start":{"line":48,"column":8},"end":{"line":48,"column":null}},"22":{"start":{"line":49,"column":8},"end":{"line":49,"column":null}},"23":{"start":{"line":53,"column":8},"end":{"line":53,"column":null}},"24":{"start":{"line":56,"column":4},"end":{"line":56,"column":null}},"25":{"start":{"line":61,"column":6},"end":{"line":61,"column":null}},"26":{"start":{"line":62,"column":0},"end":{"line":62,"column":null}},"27":{"start":{"line":66,"column":19},"end":{"line":70,"column":null}},"28":{"start":{"line":72,"column":2},"end":{"line":75,"column":null}},"29":{"start":{"line":73,"column":18},"end":{"line":73,"column":null}},"30":{"start":{"line":74,"column":4},"end":{"line":74,"column":null}},"31":{"start":{"line":77,"column":2},"end":{"line":77,"column":null}},"32":{"start":{"line":81,"column":16},"end":{"line":81,"column":null}},"33":{"start":{"line":82,"column":2},"end":{"line":92,"column":null}},"34":{"start":{"line":83,"column":4},"end":{"line":89,"column":null}},"35":{"start":{"line":91,"column":4},"end":{"line":91,"column":null}},"36":{"start":{"line":97,"column":16},"end":{"line":97,"column":null}},"37":{"start":{"line":98,"column":19},"end":{"line":100,"column":null}},"38":{"start":{"line":102,"column":2},"end":{"line":112,"column":null}},"39":{"start":{"line":103,"column":21},"end":{"line":103,"column":null}},"40":{"start":{"line":104,"column":4},"end":{"line":110,"column":null}},"41":{"start":{"line":105,"column":28},"end":{"line":107,"column":null}},"42":{"start":{"line":108,"column":6},"end":{"line":108,"column":null}},"43":{"start":{"line":108,"column":29},"end":{"line":108,"column":null}},"44":{"start":{"line":109,"column":6},"end":{"line":109,"column":null}},"45":{"start":{"line":111,"column":4},"end":{"line":111,"column":null}},"46":{"start":{"line":114,"column":2},"end":{"line":114,"column":null}},"47":{"start":{"line":114,"column":20},"end":{"line":114,"column":null}},"48":{"start":{"line":115,"column":2},"end":{"line":115,"column":null}},"49":{"start":{"line":119,"column":16},"end":{"line":119,"column":null}},"50":{"start":{"line":120,"column":19},"end":{"line":123,"column":null}},"51":{"start":{"line":125,"column":2},"end":{"line":125,"column":null}},"52":{"start":{"line":125,"column":20},"end":{"line":125,"column":null}},"53":{"start":{"line":126,"column":2},"end":{"line":126,"column":null}},"54":{"start":{"line":130,"column":16},"end":{"line":130,"column":null}},"55":{"start":{"line":131,"column":19},"end":{"line":138,"column":null}},"56":{"start":{"line":140,"column":2},"end":{"line":140,"column":null}},"57":{"start":{"line":140,"column":20},"end":{"line":140,"column":null}},"58":{"start":{"line":141,"column":2},"end":{"line":141,"column":null}},"59":{"start":{"line":145,"column":16},"end":{"line":145,"column":null}},"60":{"start":{"line":146,"column":19},"end":{"line":148,"column":null}},"61":{"start":{"line":150,"column":2},"end":{"line":150,"column":null}},"62":{"start":{"line":150,"column":20},"end":{"line":150,"column":null}},"63":{"start":{"line":151,"column":2},"end":{"line":151,"column":null}},"64":{"start":{"line":156,"column":16},"end":{"line":156,"column":null}},"65":{"start":{"line":157,"column":19},"end":{"line":159,"column":null}},"66":{"start":{"line":161,"column":2},"end":{"line":161,"column":null}},"67":{"start":{"line":161,"column":20},"end":{"line":161,"column":null}},"68":{"start":{"line":162,"column":2},"end":{"line":162,"column":null}},"69":{"start":{"line":166,"column":16},"end":{"line":166,"column":null}},"70":{"start":{"line":167,"column":19},"end":{"line":169,"column":null}},"71":{"start":{"line":171,"column":2},"end":{"line":171,"column":null}},"72":{"start":{"line":171,"column":20},"end":{"line":171,"column":null}},"73":{"start":{"line":172,"column":2},"end":{"line":172,"column":null}},"74":{"start":{"line":176,"column":16},"end":{"line":176,"column":null}},"75":{"start":{"line":177,"column":19},"end":{"line":184,"column":null}},"76":{"start":{"line":186,"column":2},"end":{"line":186,"column":null}},"77":{"start":{"line":186,"column":20},"end":{"line":186,"column":null}},"78":{"start":{"line":187,"column":2},"end":{"line":187,"column":null}},"79":{"start":{"line":191,"column":16},"end":{"line":191,"column":null}},"80":{"start":{"line":192,"column":19},"end":{"line":199,"column":null}},"81":{"start":{"line":201,"column":2},"end":{"line":201,"column":null}},"82":{"start":{"line":201,"column":20},"end":{"line":201,"column":null}},"83":{"start":{"line":202,"column":2},"end":{"line":202,"column":null}},"84":{"start":{"line":206,"column":16},"end":{"line":206,"column":null}},"85":{"start":{"line":207,"column":19},"end":{"line":210,"column":null}},"86":{"start":{"line":212,"column":2},"end":{"line":212,"column":null}},"87":{"start":{"line":212,"column":20},"end":{"line":212,"column":null}},"88":{"start":{"line":213,"column":2},"end":{"line":213,"column":null}}},"fnMap":{"0":{"name":"refreshAccessToken","decl":{"start":{"line":9,"column":15},"end":{"line":9,"column":60}},"loc":{"start":{"line":9,"column":60},"end":{"line":30,"column":null}},"line":9},"1":{"name":"(anonymous_1)","decl":{"start":{"line":34,"column":8},"end":{"line":34,"column":18}},"loc":{"start":{"line":34,"column":31},"end":{"line":40,"column":null}},"line":34},"2":{"name":"(anonymous_2)","decl":{"start":{"line":42,"column":8},"end":{"line":42,"column":19}},"loc":{"start":{"line":42,"column":42},"end":{"line":57,"column":null}},"line":42},"3":{"name":"login","decl":{"start":{"line":65,"column":22},"end":{"line":65,"column":28}},"loc":{"start":{"line":65,"column":88},"end":{"line":78,"column":null}},"line":65},"4":{"name":"logout","decl":{"start":{"line":80,"column":22},"end":{"line":80,"column":46}},"loc":{"start":{"line":80,"column":46},"end":{"line":93,"column":null}},"line":80},"5":{"name":"getServices","decl":{"start":{"line":96,"column":22},"end":{"line":96,"column":36}},"loc":{"start":{"line":96,"column":36},"end":{"line":116,"column":null}},"line":96},"6":{"name":"serviceAction","decl":{"start":{"line":118,"column":22},"end":{"line":118,"column":36}},"loc":{"start":{"line":118,"column":95},"end":{"line":127,"column":null}},"line":118},"7":{"name":"batchAction","decl":{"start":{"line":129,"column":22},"end":{"line":129,"column":34}},"loc":{"start":{"line":129,"column":99},"end":{"line":142,"column":null}},"line":129},"8":{"name":"getLogs","decl":{"start":{"line":144,"column":22},"end":{"line":144,"column":30}},"loc":{"start":{"line":144,"column":74},"end":{"line":152,"column":null}},"line":144},"9":{"name":"getEnvironments","decl":{"start":{"line":155,"column":22},"end":{"line":155,"column":40}},"loc":{"start":{"line":155,"column":40},"end":{"line":163,"column":null}},"line":155},"10":{"name":"getEnvironment","decl":{"start":{"line":165,"column":22},"end":{"line":165,"column":37}},"loc":{"start":{"line":165,"column":51},"end":{"line":173,"column":null}},"line":165},"11":{"name":"createEnvironment","decl":{"start":{"line":175,"column":22},"end":{"line":175,"column":40}},"loc":{"start":{"line":175,"column":71},"end":{"line":188,"column":null}},"line":175},"12":{"name":"updateEnvironment","decl":{"start":{"line":190,"column":22},"end":{"line":190,"column":40}},"loc":{"start":{"line":190,"column":85},"end":{"line":203,"column":null}},"line":190},"13":{"name":"deleteEnvironment","decl":{"start":{"line":205,"column":22},"end":{"line":205,"column":40}},"loc":{"start":{"line":205,"column":54},"end":{"line":214,"column":null}},"line":205}},"branchMap":{"0":{"loc":{"start":{"line":11,"column":2},"end":{"line":11,"column":null}},"type":"if","locations":[{"start":{"line":11,"column":2},"end":{"line":11,"column":null}},{"start":{},"end":{}}],"line":11},"1":{"loc":{"start":{"line":20,"column":4},"end":{"line":24,"column":null}},"type":"if","locations":[{"start":{"line":20,"column":4},"end":{"line":24,"column":null}},{"start":{},"end":{}}],"line":20},"2":{"loc":{"start":{"line":36,"column":4},"end":{"line":38,"column":null}},"type":"if","locations":[{"start":{"line":36,"column":4},"end":{"line":38,"column":null}},{"start":{},"end":{}}],"line":36},"3":{"loc":{"start":{"line":43,"column":4},"end":{"line":55,"column":null}},"type":"if","locations":[{"start":{"line":43,"column":4},"end":{"line":55,"column":null}},{"start":{},"end":{}}],"line":43},"4":{"loc":{"start":{"line":45,"column":6},"end":{"line":54,"column":null}},"type":"if","locations":[{"start":{"line":45,"column":6},"end":{"line":54,"column":null}},{"start":{"line":50,"column":13},"end":{"line":54,"column":null}}],"line":45},"5":{"loc":{"start":{"line":72,"column":2},"end":{"line":75,"column":null}},"type":"if","locations":[{"start":{"line":72,"column":2},"end":{"line":75,"column":null}},{"start":{},"end":{}}],"line":72},"6":{"loc":{"start":{"line":74,"column":20},"end":{"line":74,"column":43}},"type":"binary-expr","locations":[{"start":{"line":74,"column":20},"end":{"line":74,"column":29}},{"start":{"line":74,"column":29},"end":{"line":74,"column":43}}],"line":74},"7":{"loc":{"start":{"line":87,"column":12},"end":{"line":87,"column":null}},"type":"cond-expr","locations":[{"start":{"line":87,"column":20},"end":{"line":87,"column":59}},{"start":{"line":87,"column":59},"end":{"line":87,"column":null}}],"line":87},"8":{"loc":{"start":{"line":102,"column":2},"end":{"line":112,"column":null}},"type":"if","locations":[{"start":{"line":102,"column":2},"end":{"line":112,"column":null}},{"start":{},"end":{}}],"line":102},"9":{"loc":{"start":{"line":104,"column":4},"end":{"line":110,"column":null}},"type":"if","locations":[{"start":{"line":104,"column":4},"end":{"line":110,"column":null}},{"start":{},"end":{}}],"line":104},"10":{"loc":{"start":{"line":108,"column":6},"end":{"line":108,"column":null}},"type":"if","locations":[{"start":{"line":108,"column":6},"end":{"line":108,"column":null}},{"start":{},"end":{}}],"line":108},"11":{"loc":{"start":{"line":114,"column":2},"end":{"line":114,"column":null}},"type":"if","locations":[{"start":{"line":114,"column":2},"end":{"line":114,"column":null}},{"start":{},"end":{}}],"line":114},"12":{"loc":{"start":{"line":125,"column":2},"end":{"line":125,"column":null}},"type":"if","locations":[{"start":{"line":125,"column":2},"end":{"line":125,"column":null}},{"start":{},"end":{}}],"line":125},"13":{"loc":{"start":{"line":140,"column":2},"end":{"line":140,"column":null}},"type":"if","locations":[{"start":{"line":140,"column":2},"end":{"line":140,"column":null}},{"start":{},"end":{}}],"line":140},"14":{"loc":{"start":{"line":144,"column":51},"end":{"line":144,"column":74}},"type":"default-arg","locations":[{"start":{"line":144,"column":68},"end":{"line":144,"column":74}}],"line":144},"15":{"loc":{"start":{"line":150,"column":2},"end":{"line":150,"column":null}},"type":"if","locations":[{"start":{"line":150,"column":2},"end":{"line":150,"column":null}},{"start":{},"end":{}}],"line":150},"16":{"loc":{"start":{"line":161,"column":2},"end":{"line":161,"column":null}},"type":"if","locations":[{"start":{"line":161,"column":2},"end":{"line":161,"column":null}},{"start":{},"end":{}}],"line":161},"17":{"loc":{"start":{"line":171,"column":2},"end":{"line":171,"column":null}},"type":"if","locations":[{"start":{"line":171,"column":2},"end":{"line":171,"column":null}},{"start":{},"end":{}}],"line":171},"18":{"loc":{"start":{"line":186,"column":2},"end":{"line":186,"column":null}},"type":"if","locations":[{"start":{"line":186,"column":2},"end":{"line":186,"column":null}},{"start":{},"end":{}}],"line":186},"19":{"loc":{"start":{"line":201,"column":2},"end":{"line":201,"column":null}},"type":"if","locations":[{"start":{"line":201,"column":2},"end":{"line":201,"column":null}},{"start":{},"end":{}}],"line":201},"20":{"loc":{"start":{"line":212,"column":2},"end":{"line":212,"column":null}},"type":"if","locations":[{"start":{"line":212,"column":2},"end":{"line":212,"column":null}},{"start":{},"end":{}}],"line":212}},"s":{"0":4,"1":5,"2":5,"3":0,"4":5,"5":5,"6":5,"7":3,"8":3,"9":3,"10":0,"11":2,"12":4,"13":0,"14":0,"15":0,"16":0,"17":0,"18":0,"19":0,"20":0,"21":0,"22":0,"23":0,"24":0,"25":4,"26":4,"27":9,"28":8,"29":4,"30":4,"31":4,"32":3,"33":3,"34":3,"35":3,"36":12,"37":12,"38":11,"39":5,"40":5,"41":3,"42":3,"43":1,"44":2,"45":2,"46":6,"47":6,"48":5,"49":5,"50":5,"51":5,"52":1,"53":4,"54":6,"55":6,"56":6,"57":1,"58":5,"59":0,"60":0,"61":0,"62":0,"63":0,"64":2,"65":2,"66":2,"67":1,"68":1,"69":2,"70":2,"71":2,"72":1,"73":1,"74":2,"75":2,"76":2,"77":1,"78":1,"79":2,"80":2,"81":2,"82":1,"83":1,"84":2,"85":2,"86":2,"87":1,"88":1},"f":{"0":5,"1":0,"2":0,"3":9,"4":3,"5":12,"6":5,"7":6,"8":0,"9":2,"10":2,"11":2,"12":2,"13":2},"b":{"0":[0,5],"1":[3,2],"2":[0,0],"3":[0,0],"4":[0,0],"5":[4,4],"6":[4,0],"7":[2,1],"8":[5,6],"9":[3,2],"10":[1,2],"11":[1,5],"12":[1,4],"13":[1,5],"14":[0],"15":[0,0],"16":[1,1],"17":[1,1],"18":[1,1],"19":[1,1],"20":[1,1]},"meta":{"lastBranch":21,"lastFunction":14,"lastStatement":89,"seen":{"s:6:6:6:Infinity":0,"f:9:15:9:60":0,"s:10:23:10:Infinity":1,"b:11:2:11:Infinity:undefined:undefined:undefined:undefined":0,"s:11:2:11:Infinity":2,"s:11:21:11:Infinity":3,"s:13:2:27:Infinity":4,"s:14:21:18:Infinity":5,"b:20:4:24:Infinity:undefined:undefined:undefined:undefined":1,"s:20:4:24:Infinity":6,"s:21:20:21:Infinity":7,"s:22:6:22:Infinity":8,"s:23:6:23:Infinity":9,"s:26:4:26:Infinity":10,"s:29:2:29:Infinity":11,"s:33:35:58:Infinity":12,"f:34:8:34:18":1,"s:35:18:35:Infinity":13,"b:36:4:38:Infinity:undefined:undefined:undefined:undefined":2,"s:36:4:38:Infinity":14,"s:37:6:37:Infinity":15,"s:39:4:39:Infinity":16,"f:42:8:42:19":2,"b:43:4:55:Infinity:undefined:undefined:undefined:undefined":3,"s:43:4:55:Infinity":17,"s:44:23:44:Infinity":18,"b:45:6:54:Infinity:50:13:54:Infinity":4,"s:45:6:54:Infinity":19,"s:47:27:47:Infinity":20,"s:48:8:48:Infinity":21,"s:49:8:49:Infinity":22,"s:53:8:53:Infinity":23,"s:56:4:56:Infinity":24,"s:61:6:61:Infinity":25,"s:62:0:62:Infinity":26,"f:65:22:65:28":3,"s:66:19:70:Infinity":27,"b:72:2:75:Infinity:undefined:undefined:undefined:undefined":5,"s:72:2:75:Infinity":28,"s:73:18:73:Infinity":29,"s:74:4:74:Infinity":30,"b:74:20:74:29:74:29:74:43":6,"s:77:2:77:Infinity":31,"f:80:22:80:46":4,"s:81:16:81:Infinity":32,"s:82:2:92:Infinity":33,"s:83:4:89:Infinity":34,"b:87:20:87:59:87:59:87:Infinity":7,"s:91:4:91:Infinity":35,"f:96:22:96:36":5,"s:97:16:97:Infinity":36,"s:98:19:100:Infinity":37,"b:102:2:112:Infinity:undefined:undefined:undefined:undefined":8,"s:102:2:112:Infinity":38,"s:103:21:103:Infinity":39,"b:104:4:110:Infinity:undefined:undefined:undefined:undefined":9,"s:104:4:110:Infinity":40,"s:105:28:107:Infinity":41,"b:108:6:108:Infinity:undefined:undefined:undefined:undefined":10,"s:108:6:108:Infinity":42,"s:108:29:108:Infinity":43,"s:109:6:109:Infinity":44,"s:111:4:111:Infinity":45,"b:114:2:114:Infinity:undefined:undefined:undefined:undefined":11,"s:114:2:114:Infinity":46,"s:114:20:114:Infinity":47,"s:115:2:115:Infinity":48,"f:118:22:118:36":6,"s:119:16:119:Infinity":49,"s:120:19:123:Infinity":50,"b:125:2:125:Infinity:undefined:undefined:undefined:undefined":12,"s:125:2:125:Infinity":51,"s:125:20:125:Infinity":52,"s:126:2:126:Infinity":53,"f:129:22:129:34":7,"s:130:16:130:Infinity":54,"s:131:19:138:Infinity":55,"b:140:2:140:Infinity:undefined:undefined:undefined:undefined":13,"s:140:2:140:Infinity":56,"s:140:20:140:Infinity":57,"s:141:2:141:Infinity":58,"f:144:22:144:30":8,"b:144:68:144:74":14,"s:145:16:145:Infinity":59,"s:146:19:148:Infinity":60,"b:150:2:150:Infinity:undefined:undefined:undefined:undefined":15,"s:150:2:150:Infinity":61,"s:150:20:150:Infinity":62,"s:151:2:151:Infinity":63,"f:155:22:155:40":9,"s:156:16:156:Infinity":64,"s:157:19:159:Infinity":65,"b:161:2:161:Infinity:undefined:undefined:undefined:undefined":16,"s:161:2:161:Infinity":66,"s:161:20:161:Infinity":67,"s:162:2:162:Infinity":68,"f:165:22:165:37":10,"s:166:16:166:Infinity":69,"s:167:19:169:Infinity":70,"b:171:2:171:Infinity:undefined:undefined:undefined:undefined":17,"s:171:2:171:Infinity":71,"s:171:20:171:Infinity":72,"s:172:2:172:Infinity":73,"f:175:22:175:40":11,"s:176:16:176:Infinity":74,"s:177:19:184:Infinity":75,"b:186:2:186:Infinity:undefined:undefined:undefined:undefined":18,"s:186:2:186:Infinity":76,"s:186:20:186:Infinity":77,"s:187:2:187:Infinity":78,"f:190:22:190:40":12,"s:191:16:191:Infinity":79,"s:192:19:199:Infinity":80,"b:201:2:201:Infinity:undefined:undefined:undefined:undefined":19,"s:201:2:201:Infinity":81,"s:201:20:201:Infinity":82,"s:202:2:202:Infinity":83,"f:205:22:205:40":13,"s:206:16:206:Infinity":84,"s:207:19:210:Infinity":85,"b:212:2:212:Infinity:undefined:undefined:undefined:undefined":20,"s:212:2:212:Infinity":86,"s:212:20:212:Infinity":87,"s:213:2:213:Infinity":88}}}
,"/home/dan/dev-repos/taskflows/frontend/src/api/index.ts": {"path":"/home/dan/dev-repos/taskflows/frontend/src/api/index.ts","statementMap":{},"fnMap":{},"branchMap":{},"s":{},"f":{},"b":{},"meta":{"lastBranch":0,"lastFunction":0,"lastStatement":0,"seen":{}}}
,"/home/dan/dev-repos/taskflows/frontend/src/components/environments/DynamicFieldList.tsx": {"path":"/home/dan/dev-repos/taskflows/frontend/src/components/environments/DynamicFieldList.tsx","statementMap":{"0":{"start":{"line":25,"column":2},"end":{"line":60,"column":null}},"1":{"start":{"line":39,"column":24},"end":{"line":41,"column":null}},"2":{"start":{"line":42,"column":12},"end":{"line":55,"column":null}},"3":{"start":{"line":45,"column":56},"end":{"line":45,"column":80}},"4":{"start":{"line":51,"column":33},"end":{"line":51,"column":null}},"5":{"start":{"line":73,"column":2},"end":{"line":88,"column":null}},"6":{"start":{"line":78,"column":25},"end":{"line":78,"column":null}},"7":{"start":{"line":85,"column":25},"end":{"line":85,"column":null}},"8":{"start":{"line":99,"column":2},"end":{"line":114,"column":null}},"9":{"start":{"line":104,"column":25},"end":{"line":104,"column":null}},"10":{"start":{"line":111,"column":25},"end":{"line":111,"column":null}},"11":{"start":{"line":125,"column":2},"end":{"line":140,"column":null}},"12":{"start":{"line":130,"column":25},"end":{"line":130,"column":null}},"13":{"start":{"line":137,"column":25},"end":{"line":137,"column":null}}},"fnMap":{"0":{"name":"DynamicFieldList","decl":{"start":{"line":15,"column":16},"end":{"line":15,"column":36}},"loc":{"start":{"line":24,"column":29},"end":{"line":62,"column":null}},"line":24},"1":{"name":"(anonymous_1)","decl":{"start":{"line":38,"column":21},"end":{"line":38,"column":22}},"loc":{"start":{"line":38,"column":38},"end":{"line":57,"column":11}},"line":38},"2":{"name":"(anonymous_2)","decl":{"start":{"line":45,"column":43},"end":{"line":45,"column":44}},"loc":{"start":{"line":45,"column":56},"end":{"line":45,"column":80}},"line":45},"3":{"name":"(anonymous_3)","decl":{"start":{"line":51,"column":27},"end":{"line":51,"column":33}},"loc":{"start":{"line":51,"column":33},"end":{"line":51,"column":null}},"line":51},"4":{"name":"PortMappingField","decl":{"start":{"line":72,"column":16},"end":{"line":72,"column":33}},"loc":{"start":{"line":72,"column":87},"end":{"line":90,"column":null}},"line":72},"5":{"name":"(anonymous_5)","decl":{"start":{"line":78,"column":18},"end":{"line":78,"column":19}},"loc":{"start":{"line":78,"column":25},"end":{"line":78,"column":null}},"line":78},"6":{"name":"(anonymous_6)","decl":{"start":{"line":85,"column":18},"end":{"line":85,"column":19}},"loc":{"start":{"line":85,"column":25},"end":{"line":85,"column":null}},"line":85},"7":{"name":"VolumeMappingField","decl":{"start":{"line":98,"column":16},"end":{"line":98,"column":35}},"loc":{"start":{"line":98,"column":91},"end":{"line":116,"column":null}},"line":98},"8":{"name":"(anonymous_8)","decl":{"start":{"line":104,"column":18},"end":{"line":104,"column":19}},"loc":{"start":{"line":104,"column":25},"end":{"line":104,"column":null}},"line":104},"9":{"name":"(anonymous_9)","decl":{"start":{"line":111,"column":18},"end":{"line":111,"column":19}},"loc":{"start":{"line":111,"column":25},"end":{"line":111,"column":null}},"line":111},"10":{"name":"EnvVarField","decl":{"start":{"line":124,"column":16},"end":{"line":124,"column":28}},"loc":{"start":{"line":124,"column":73},"end":{"line":142,"column":null}},"line":124},"11":{"name":"(anonymous_11)","decl":{"start":{"line":130,"column":18},"end":{"line":130,"column":19}},"loc":{"start":{"line":130,"column":25},"end":{"line":130,"column":null}},"line":130},"12":{"name":"(anonymous_12)","decl":{"start":{"line":137,"column":18},"end":{"line":137,"column":19}},"loc":{"start":{"line":137,"column":25},"end":{"line":137,"column":null}},"line":137}},"branchMap":{"0":{"loc":{"start":{"line":23,"column":2},"end":{"line":23,"column":null}},"type":"default-arg","locations":[{"start":{"line":23,"column":13},"end":{"line":23,"column":null}}],"line":23},"1":{"loc":{"start":{"line":34,"column":7},"end":{"line":58,"column":null}},"type":"cond-expr","locations":[{"start":{"line":35,"column":8},"end":{"line":35,"column":null}},{"start":{"line":37,"column":8},"end":{"line":58,"column":null}}],"line":34},"2":{"loc":{"start":{"line":39,"column":24},"end":{"line":41,"column":null}},"type":"cond-expr","locations":[{"start":{"line":40,"column":16},"end":{"line":40,"column":null}},{"start":{"line":41,"column":16},"end":{"line":41,"column":null}}],"line":39}},"s":{"0":0,"1":0,"2":0,"3":0,"4":0,"5":0,"6":0,"7":0,"8":0,"9":0,"10":0,"11":0,"12":0,"13":0},"f":{"0":0,"1":0,"2":0,"3":0,"4":0,"5":0,"6":0,"7":0,"8":0,"9":0,"10":0,"11":0,"12":0},"b":{"0":[0],"1":[0,0],"2":[0,0]},"meta":{"lastBranch":3,"lastFunction":13,"lastStatement":14,"seen":{"f:15:16:15:36":0,"b:23:13:23:Infinity":0,"s:25:2:60:Infinity":0,"b:35:8:35:Infinity:37:8:58:Infinity":1,"f:38:21:38:22":1,"s:39:24:41:Infinity":1,"b:40:16:40:Infinity:41:16:41:Infinity":2,"s:42:12:55:Infinity":2,"f:45:43:45:44":2,"s:45:56:45:80":3,"f:51:27:51:33":3,"s:51:33:51:Infinity":4,"f:72:16:72:33":4,"s:73:2:88:Infinity":5,"f:78:18:78:19":5,"s:78:25:78:Infinity":6,"f:85:18:85:19":6,"s:85:25:85:Infinity":7,"f:98:16:98:35":7,"s:99:2:114:Infinity":8,"f:104:18:104:19":8,"s:104:25:104:Infinity":9,"f:111:18:111:19":9,"s:111:25:111:Infinity":10,"f:124:16:124:28":10,"s:125:2:140:Infinity":11,"f:130:18:130:19":11,"s:130:25:130:Infinity":12,"f:137:18:137:19":12,"s:137:25:137:Infinity":13}}}
,"/home/dan/dev-repos/taskflows/frontend/src/components/environments/EnvironmentForm.tsx": {"path":"/home/dan/dev-repos/taskflows/frontend/src/components/environments/EnvironmentForm.tsx","statementMap":{"0":{"start":{"line":13,"column":29},"end":{"line":20,"column":null}},"1":{"start":{"line":22,"column":31},"end":{"line":27,"column":null}},"2":{"start":{"line":29,"column":21},"end":{"line":32,"column":null}},"3":{"start":{"line":40,"column":8},"end":{"line":40,"column":null}},"4":{"start":{"line":41,"column":33},"end":{"line":41,"column":null}},"5":{"start":{"line":42,"column":8},"end":{"line":42,"column":null}},"6":{"start":{"line":43,"column":8},"end":{"line":43,"column":null}},"7":{"start":{"line":45,"column":22},"end":{"line":45,"column":null}},"8":{"start":{"line":46,"column":22},"end":{"line":46,"column":null}},"9":{"start":{"line":49,"column":30},"end":{"line":49,"column":null}},"10":{"start":{"line":52,"column":24},"end":{"line":52,"column":null}},"11":{"start":{"line":53,"column":36},"end":{"line":53,"column":null}},"12":{"start":{"line":54,"column":40},"end":{"line":54,"column":null}},"13":{"start":{"line":55,"column":28},"end":{"line":55,"column":null}},"14":{"start":{"line":56,"column":34},"end":{"line":56,"column":null}},"15":{"start":{"line":57,"column":24},"end":{"line":57,"column":null}},"16":{"start":{"line":58,"column":28},"end":{"line":58,"column":null}},"17":{"start":{"line":59,"column":28},"end":{"line":63,"column":null}},"18":{"start":{"line":61,"column":79},"end":{"line":61,"column":95}},"19":{"start":{"line":65,"column":23},"end":{"line":65,"column":null}},"20":{"start":{"line":68,"column":27},"end":{"line":88,"column":null}},"21":{"start":{"line":69,"column":4},"end":{"line":69,"column":null}},"22":{"start":{"line":72,"column":4},"end":{"line":87,"column":null}},"23":{"start":{"line":73,"column":6},"end":{"line":86,"column":null}},"24":{"start":{"line":75,"column":8},"end":{"line":75,"column":null}},"25":{"start":{"line":76,"column":8},"end":{"line":76,"column":null}},"26":{"start":{"line":77,"column":8},"end":{"line":77,"column":null}},"27":{"start":{"line":78,"column":8},"end":{"line":78,"column":null}},"28":{"start":{"line":79,"column":8},"end":{"line":79,"column":null}},"29":{"start":{"line":80,"column":8},"end":{"line":80,"column":null}},"30":{"start":{"line":81,"column":8},"end":{"line":81,"column":null}},"31":{"start":{"line":82,"column":8},"end":{"line":82,"column":null}},"32":{"start":{"line":83,"column":6},"end":{"line":86,"column":null}},"33":{"start":{"line":85,"column":8},"end":{"line":85,"column":null}},"34":{"start":{"line":90,"column":23},"end":{"line":131,"column":null}},"35":{"start":{"line":91,"column":4},"end":{"line":91,"column":null}},"36":{"start":{"line":93,"column":42},"end":{"line":111,"column":null}},"37":{"start":{"line":108,"column":62},"end":{"line":108,"column":81}},"38":{"start":{"line":113,"column":4},"end":{"line":130,"column":null}},"39":{"start":{"line":114,"column":6},"end":{"line":120,"column":null}},"40":{"start":{"line":115,"column":8},"end":{"line":115,"column":null}},"41":{"start":{"line":116,"column":8},"end":{"line":116,"column":null}},"42":{"start":{"line":118,"column":8},"end":{"line":118,"column":null}},"43":{"start":{"line":119,"column":8},"end":{"line":119,"column":null}},"44":{"start":{"line":121,"column":6},"end":{"line":121,"column":null}},"45":{"start":{"line":123,"column":6},"end":{"line":123,"column":null}},"46":{"start":{"line":124,"column":27},"end":{"line":124,"column":null}},"47":{"start":{"line":125,"column":6},"end":{"line":129,"column":null}},"48":{"start":{"line":133,"column":2},"end":{"line":282,"column":null}},"49":{"start":{"line":145,"column":29},"end":{"line":145,"column":null}},"50":{"start":{"line":154,"column":29},"end":{"line":154,"column":null}},"51":{"start":{"line":162,"column":31},"end":{"line":162,"column":null}},"52":{"start":{"line":173,"column":33},"end":{"line":173,"column":null}},"53":{"start":{"line":183,"column":35},"end":{"line":183,"column":null}},"54":{"start":{"line":190,"column":35},"end":{"line":190,"column":null}},"55":{"start":{"line":197,"column":33},"end":{"line":197,"column":null}},"56":{"start":{"line":204,"column":33},"end":{"line":204,"column":null}},"57":{"start":{"line":210,"column":29},"end":{"line":210,"column":null}},"58":{"start":{"line":211,"column":37},"end":{"line":211,"column":null}},"59":{"start":{"line":211,"column":69},"end":{"line":211,"column":80}},"60":{"start":{"line":213,"column":35},"end":{"line":213,"column":null}},"61":{"start":{"line":214,"column":18},"end":{"line":214,"column":null}},"62":{"start":{"line":215,"column":18},"end":{"line":215,"column":null}},"63":{"start":{"line":218,"column":18},"end":{"line":222,"column":null}},"64":{"start":{"line":230,"column":29},"end":{"line":230,"column":null}},"65":{"start":{"line":231,"column":37},"end":{"line":231,"column":null}},"66":{"start":{"line":231,"column":73},"end":{"line":231,"column":84}},"67":{"start":{"line":233,"column":37},"end":{"line":233,"column":null}},"68":{"start":{"line":234,"column":18},"end":{"line":234,"column":null}},"69":{"start":{"line":235,"column":18},"end":{"line":235,"column":null}},"70":{"start":{"line":238,"column":18},"end":{"line":242,"column":null}},"71":{"start":{"line":250,"column":29},"end":{"line":250,"column":null}},"72":{"start":{"line":251,"column":37},"end":{"line":251,"column":null}},"73":{"start":{"line":251,"column":73},"end":{"line":251,"column":84}},"74":{"start":{"line":253,"column":37},"end":{"line":253,"column":null}},"75":{"start":{"line":254,"column":18},"end":{"line":254,"column":null}},"76":{"start":{"line":255,"column":18},"end":{"line":255,"column":null}},"77":{"start":{"line":258,"column":18},"end":{"line":262,"column":null}},"78":{"start":{"line":273,"column":27},"end":{"line":273,"column":null}}},"fnMap":{"0":{"name":"EnvironmentForm","decl":{"start":{"line":39,"column":16},"end":{"line":39,"column":32}},"loc":{"start":{"line":39,"column":87},"end":{"line":284,"column":null}},"line":39},"1":{"name":"(anonymous_1)","decl":{"start":{"line":61,"column":59},"end":{"line":61,"column":60}},"loc":{"start":{"line":61,"column":79},"end":{"line":61,"column":95}},"line":61},"2":{"name":"(anonymous_2)","decl":{"start":{"line":68,"column":27},"end":{"line":68,"column":28}},"loc":{"start":{"line":68,"column":57},"end":{"line":88,"column":null}},"line":68},"3":{"name":"(anonymous_3)","decl":{"start":{"line":90,"column":23},"end":{"line":90,"column":30}},"loc":{"start":{"line":90,"column":53},"end":{"line":131,"column":null}},"line":90},"4":{"name":"(anonymous_4)","decl":{"start":{"line":108,"column":54},"end":{"line":108,"column":55}},"loc":{"start":{"line":108,"column":62},"end":{"line":108,"column":81}},"line":108},"5":{"name":"(anonymous_5)","decl":{"start":{"line":145,"column":22},"end":{"line":145,"column":23}},"loc":{"start":{"line":145,"column":29},"end":{"line":145,"column":null}},"line":145},"6":{"name":"(anonymous_6)","decl":{"start":{"line":154,"column":22},"end":{"line":154,"column":23}},"loc":{"start":{"line":154,"column":29},"end":{"line":154,"column":null}},"line":154},"7":{"name":"(anonymous_7)","decl":{"start":{"line":162,"column":24},"end":{"line":162,"column":25}},"loc":{"start":{"line":162,"column":31},"end":{"line":162,"column":null}},"line":162},"8":{"name":"(anonymous_8)","decl":{"start":{"line":173,"column":26},"end":{"line":173,"column":27}},"loc":{"start":{"line":173,"column":33},"end":{"line":173,"column":null}},"line":173},"9":{"name":"(anonymous_9)","decl":{"start":{"line":183,"column":28},"end":{"line":183,"column":29}},"loc":{"start":{"line":183,"column":35},"end":{"line":183,"column":null}},"line":183},"10":{"name":"(anonymous_10)","decl":{"start":{"line":190,"column":28},"end":{"line":190,"column":29}},"loc":{"start":{"line":190,"column":35},"end":{"line":190,"column":null}},"line":190},"11":{"name":"(anonymous_11)","decl":{"start":{"line":197,"column":26},"end":{"line":197,"column":27}},"loc":{"start":{"line":197,"column":33},"end":{"line":197,"column":null}},"line":197},"12":{"name":"(anonymous_12)","decl":{"start":{"line":204,"column":26},"end":{"line":204,"column":27}},"loc":{"start":{"line":204,"column":33},"end":{"line":204,"column":null}},"line":204},"13":{"name":"(anonymous_13)","decl":{"start":{"line":210,"column":23},"end":{"line":210,"column":29}},"loc":{"start":{"line":210,"column":29},"end":{"line":210,"column":null}},"line":210},"14":{"name":"(anonymous_14)","decl":{"start":{"line":211,"column":26},"end":{"line":211,"column":27}},"loc":{"start":{"line":211,"column":37},"end":{"line":211,"column":null}},"line":211},"15":{"name":"(anonymous_15)","decl":{"start":{"line":211,"column":59},"end":{"line":211,"column":60}},"loc":{"start":{"line":211,"column":69},"end":{"line":211,"column":80}},"line":211},"16":{"name":"(anonymous_16)","decl":{"start":{"line":212,"column":26},"end":{"line":212,"column":27}},"loc":{"start":{"line":212,"column":43},"end":{"line":216,"column":null}},"line":212},"17":{"name":"(anonymous_17)","decl":{"start":{"line":217,"column":28},"end":{"line":217,"column":29}},"loc":{"start":{"line":218,"column":18},"end":{"line":222,"column":null}},"line":218},"18":{"name":"(anonymous_18)","decl":{"start":{"line":230,"column":23},"end":{"line":230,"column":29}},"loc":{"start":{"line":230,"column":29},"end":{"line":230,"column":null}},"line":230},"19":{"name":"(anonymous_19)","decl":{"start":{"line":231,"column":26},"end":{"line":231,"column":27}},"loc":{"start":{"line":231,"column":37},"end":{"line":231,"column":null}},"line":231},"20":{"name":"(anonymous_20)","decl":{"start":{"line":231,"column":63},"end":{"line":231,"column":64}},"loc":{"start":{"line":231,"column":73},"end":{"line":231,"column":84}},"line":231},"21":{"name":"(anonymous_21)","decl":{"start":{"line":232,"column":26},"end":{"line":232,"column":27}},"loc":{"start":{"line":232,"column":43},"end":{"line":236,"column":null}},"line":232},"22":{"name":"(anonymous_22)","decl":{"start":{"line":237,"column":28},"end":{"line":237,"column":29}},"loc":{"start":{"line":238,"column":18},"end":{"line":242,"column":null}},"line":238},"23":{"name":"(anonymous_23)","decl":{"start":{"line":250,"column":23},"end":{"line":250,"column":29}},"loc":{"start":{"line":250,"column":29},"end":{"line":250,"column":null}},"line":250},"24":{"name":"(anonymous_24)","decl":{"start":{"line":251,"column":26},"end":{"line":251,"column":27}},"loc":{"start":{"line":251,"column":37},"end":{"line":251,"column":null}},"line":251},"25":{"name":"(anonymous_25)","decl":{"start":{"line":251,"column":63},"end":{"line":251,"column":64}},"loc":{"start":{"line":251,"column":73},"end":{"line":251,"column":84}},"line":251},"26":{"name":"(anonymous_26)","decl":{"start":{"line":252,"column":26},"end":{"line":252,"column":27}},"loc":{"start":{"line":252,"column":43},"end":{"line":256,"column":null}},"line":252},"27":{"name":"(anonymous_27)","decl":{"start":{"line":257,"column":28},"end":{"line":257,"column":29}},"loc":{"start":{"line":258,"column":18},"end":{"line":262,"column":null}},"line":258},"28":{"name":"(anonymous_28)","decl":{"start":{"line":273,"column":21},"end":{"line":273,"column":27}},"loc":{"start":{"line":273,"column":27},"end":{"line":273,"column":null}},"line":273}},"branchMap":{"0":{"loc":{"start":{"line":39,"column":47},"end":{"line":39,"column":62}},"type":"default-arg","locations":[{"start":{"line":39,"column":56},"end":{"line":39,"column":62}}],"line":39},"1":{"loc":{"start":{"line":45,"column":35},"end":{"line":45,"column":58}},"type":"binary-expr","locations":[{"start":{"line":45,"column":35},"end":{"line":45,"column":56}},{"start":{"line":45,"column":56},"end":{"line":45,"column":58}}],"line":45},"2":{"loc":{"start":{"line":46,"column":52},"end":{"line":46,"column":79}},"type":"binary-expr","locations":[{"start":{"line":46,"column":52},"end":{"line":46,"column":73}},{"start":{"line":46,"column":73},"end":{"line":46,"column":79}}],"line":46},"3":{"loc":{"start":{"line":49,"column":43},"end":{"line":49,"column":72}},"type":"binary-expr","locations":[{"start":{"line":49,"column":43},"end":{"line":49,"column":70}},{"start":{"line":49,"column":70},"end":{"line":49,"column":72}}],"line":49},"4":{"loc":{"start":{"line":52,"column":37},"end":{"line":52,"column":69}},"type":"binary-expr","locations":[{"start":{"line":52,"column":37},"end":{"line":52,"column":67}},{"start":{"line":52,"column":67},"end":{"line":52,"column":69}}],"line":52},"5":{"loc":{"start":{"line":53,"column":62},"end":{"line":53,"column":107}},"type":"binary-expr","locations":[{"start":{"line":53,"column":62},"end":{"line":53,"column":99}},{"start":{"line":53,"column":99},"end":{"line":53,"column":107}}],"line":53},"6":{"loc":{"start":{"line":54,"column":68},"end":{"line":54,"column":111}},"type":"binary-expr","locations":[{"start":{"line":54,"column":68},"end":{"line":54,"column":107}},{"start":{"line":54,"column":107},"end":{"line":54,"column":111}}],"line":54},"7":{"loc":{"start":{"line":55,"column":41},"end":{"line":55,"column":76}},"type":"binary-expr","locations":[{"start":{"line":55,"column":41},"end":{"line":55,"column":74}},{"start":{"line":55,"column":74},"end":{"line":55,"column":76}}],"line":55},"8":{"loc":{"start":{"line":56,"column":47},"end":{"line":56,"column":87}},"type":"binary-expr","locations":[{"start":{"line":56,"column":47},"end":{"line":56,"column":82}},{"start":{"line":56,"column":82},"end":{"line":56,"column":87}}],"line":56},"9":{"loc":{"start":{"line":57,"column":52},"end":{"line":57,"column":84}},"type":"binary-expr","locations":[{"start":{"line":57,"column":52},"end":{"line":57,"column":82}},{"start":{"line":57,"column":82},"end":{"line":57,"column":84}}],"line":57},"10":{"loc":{"start":{"line":58,"column":58},"end":{"line":58,"column":92}},"type":"binary-expr","locations":[{"start":{"line":58,"column":58},"end":{"line":58,"column":90}},{"start":{"line":58,"column":90},"end":{"line":58,"column":92}}],"line":58},"11":{"loc":{"start":{"line":60,"column":4},"end":{"line":62,"column":null}},"type":"cond-expr","locations":[{"start":{"line":61,"column":8},"end":{"line":61,"column":null}},{"start":{"line":62,"column":8},"end":{"line":62,"column":null}}],"line":60},"12":{"loc":{"start":{"line":65,"column":23},"end":{"line":65,"column":null}},"type":"binary-expr","locations":[{"start":{"line":65,"column":23},"end":{"line":65,"column":51}},{"start":{"line":65,"column":51},"end":{"line":65,"column":null}}],"line":65},"13":{"loc":{"start":{"line":72,"column":4},"end":{"line":87,"column":null}},"type":"if","locations":[{"start":{"line":72,"column":4},"end":{"line":87,"column":null}},{"start":{},"end":{}}],"line":72},"14":{"loc":{"start":{"line":73,"column":6},"end":{"line":86,"column":null}},"type":"if","locations":[{"start":{"line":73,"column":6},"end":{"line":86,"column":null}},{"start":{"line":83,"column":6},"end":{"line":86,"column":null}}],"line":73},"15":{"loc":{"start":{"line":83,"column":6},"end":{"line":86,"column":null}},"type":"if","locations":[{"start":{"line":83,"column":6},"end":{"line":86,"column":null}},{"start":{},"end":{}}],"line":83},"16":{"loc":{"start":{"line":96,"column":10},"end":{"line":98,"column":null}},"type":"binary-expr","locations":[{"start":{"line":96,"column":10},"end":{"line":96,"column":29}},{"start":{"line":96,"column":29},"end":{"line":98,"column":null}}],"line":96},"17":{"loc":{"start":{"line":99,"column":10},"end":{"line":110,"column":null}},"type":"binary-expr","locations":[{"start":{"line":99,"column":10},"end":{"line":99,"column":31}},{"start":{"line":99,"column":31},"end":{"line":110,"column":null}}],"line":99},"18":{"loc":{"start":{"line":104,"column":20},"end":{"line":104,"column":null}},"type":"binary-expr","locations":[{"start":{"line":104,"column":20},"end":{"line":104,"column":31}},{"start":{"line":104,"column":31},"end":{"line":104,"column":null}}],"line":104},"19":{"loc":{"start":{"line":114,"column":6},"end":{"line":120,"column":null}},"type":"if","locations":[{"start":{"line":114,"column":6},"end":{"line":120,"column":null}},{"start":{"line":117,"column":13},"end":{"line":120,"column":null}}],"line":114},"20":{"loc":{"start":{"line":114,"column":10},"end":{"line":114,"column":33}},"type":"binary-expr","locations":[{"start":{"line":114,"column":10},"end":{"line":114,"column":20}},{"start":{"line":114,"column":20},"end":{"line":114,"column":33}}],"line":114},"21":{"loc":{"start":{"line":124,"column":27},"end":{"line":124,"column":null}},"type":"cond-expr","locations":[{"start":{"line":124,"column":52},"end":{"line":124,"column":68}},{"start":{"line":124,"column":68},"end":{"line":124,"column":null}}],"line":124},"22":{"loc":{"start":{"line":126,"column":8},"end":{"line":128,"column":null}},"type":"cond-expr","locations":[{"start":{"line":127,"column":12},"end":{"line":127,"column":null}},{"start":{"line":128,"column":12},"end":{"line":128,"column":null}}],"line":126},"23":{"loc":{"start":{"line":138,"column":13},"end":{"line":138,"column":null}},"type":"cond-expr","locations":[{"start":{"line":138,"column":22},"end":{"line":138,"column":43}},{"start":{"line":138,"column":43},"end":{"line":138,"column":null}}],"line":138},"24":{"loc":{"start":{"line":158,"column":11},"end":{"line":165,"column":null}},"type":"binary-expr","locations":[{"start":{"line":158,"column":11},"end":{"line":158,"column":null}},{"start":{"line":159,"column":12},"end":{"line":165,"column":null}}],"line":158},"25":{"loc":{"start":{"line":168,"column":11},"end":{"line":266,"column":null}},"type":"binary-expr","locations":[{"start":{"line":168,"column":11},"end":{"line":168,"column":null}},{"start":{"line":169,"column":12},"end":{"line":266,"column":null}}],"line":168},"26":{"loc":{"start":{"line":278,"column":13},"end":{"line":278,"column":null}},"type":"cond-expr","locations":[{"start":{"line":278,"column":22},"end":{"line":278,"column":33}},{"start":{"line":278,"column":33},"end":{"line":278,"column":null}}],"line":278}},"s":{"0":0,"1":0,"2":0,"3":0,"4":0,"5":0,"6":0,"7":0,"8":0,"9":0,"10":0,"11":0,"12":0,"13":0,"14":0,"15":0,"16":0,"17":0,"18":0,"19":0,"20":0,"21":0,"22":0,"23":0,"24":0,"25":0,"26":0,"27":0,"28":0,"29":0,"30":0,"31":0,"32":0,"33":0,"34":0,"35":0,"36":0,"37":0,"38":0,"39":0,"40":0,"41":0,"42":0,"43":0,"44":0,"45":0,"46":0,"47":0,"48":0,"49":0,"50":0,"51":0,"52":0,"53":0,"54":0,"55":0,"56":0,"57":0,"58":0,"59":0,"60":0,"61":0,"62":0,"63":0,"64":0,"65":0,"66":0,"67":0,"68":0,"69":0,"70":0,"71":0,"72":0,"73":0,"74":0,"75":0,"76":0,"77":0,"78":0},"f":{"0":0,"1":0,"2":0,"3":0,"4":0,"5":0,"6":0,"7":0,"8":0,"9":0,"10":0,"11":0,"12":0,"13":0,"14":0,"15":0,"16":0,"17":0,"18":0,"19":0,"20":0,"21":0,"22":0,"23":0,"24":0,"25":0,"26":0,"27":0,"28":0},"b":{"0":[0],"1":[0,0],"2":[0,0],"3":[0,0],"4":[0,0],"5":[0,0],"6":[0,0],"7":[0,0],"8":[0,0],"9":[0,0],"10":[0,0],"11":[0,0],"12":[0,0],"13":[0,0],"14":[0,0],"15":[0,0],"16":[0,0],"17":[0,0],"18":[0,0],"19":[0,0],"20":[0,0],"21":[0,0],"22":[0,0],"23":[0,0],"24":[0,0],"25":[0,0],"26":[0,0]},"meta":{"lastBranch":27,"lastFunction":29,"lastStatement":79,"seen":{"s:13:29:20:Infinity":0,"s:22:31:27:Infinity":1,"s:29:21:32:Infinity":2,"f:39:16:39:32":0,"b:39:56:39:62":0,"s:40:8:40:Infinity":3,"s:41:33:41:Infinity":4,"s:42:8:42:Infinity":5,"s:43:8:43:Infinity":6,"s:45:22:45:Infinity":7,"b:45:35:45:56:45:56:45:58":1,"s:46:22:46:Infinity":8,"b:46:52:46:73:46:73:46:79":2,"s:49:30:49:Infinity":9,"b:49:43:49:70:49:70:49:72":3,"s:52:24:52:Infinity":10,"b:52:37:52:67:52:67:52:69":4,"s:53:36:53:Infinity":11,"b:53:62:53:99:53:99:53:107":5,"s:54:40:54:Infinity":12,"b:54:68:54:107:54:107:54:111":6,"s:55:28:55:Infinity":13,"b:55:41:55:74:55:74:55:76":7,"s:56:34:56:Infinity":14,"b:56:47:56:82:56:82:56:87":8,"s:57:24:57:Infinity":15,"b:57:52:57:82:57:82:57:84":9,"s:58:28:58:Infinity":16,"b:58:58:58:90:58:90:58:92":10,"s:59:28:63:Infinity":17,"b:61:8:61:Infinity:62:8:62:Infinity":11,"f:61:59:61:60":1,"s:61:79:61:95":18,"s:65:23:65:Infinity":19,"b:65:23:65:51:65:51:65:Infinity":12,"s:68:27:88:Infinity":20,"f:68:27:68:28":2,"s:69:4:69:Infinity":21,"b:72:4:87:Infinity:undefined:undefined:undefined:undefined":13,"s:72:4:87:Infinity":22,"b:73:6:86:Infinity:83:6:86:Infinity":14,"s:73:6:86:Infinity":23,"s:75:8:75:Infinity":24,"s:76:8:76:Infinity":25,"s:77:8:77:Infinity":26,"s:78:8:78:Infinity":27,"s:79:8:79:Infinity":28,"s:80:8:80:Infinity":29,"s:81:8:81:Infinity":30,"s:82:8:82:Infinity":31,"b:83:6:86:Infinity:undefined:undefined:undefined:undefined":15,"s:83:6:86:Infinity":32,"s:85:8:85:Infinity":33,"s:90:23:131:Infinity":34,"f:90:23:90:30":3,"s:91:4:91:Infinity":35,"s:93:42:111:Infinity":36,"b:96:10:96:29:96:29:98:Infinity":16,"b:99:10:99:31:99:31:110:Infinity":17,"b:104:20:104:31:104:31:104:Infinity":18,"f:108:54:108:55":4,"s:108:62:108:81":37,"s:113:4:130:Infinity":38,"b:114:6:120:Infinity:117:13:120:Infinity":19,"s:114:6:120:Infinity":39,"b:114:10:114:20:114:20:114:33":20,"s:115:8:115:Infinity":40,"s:116:8:116:Infinity":41,"s:118:8:118:Infinity":42,"s:119:8:119:Infinity":43,"s:121:6:121:Infinity":44,"s:123:6:123:Infinity":45,"s:124:27:124:Infinity":46,"b:124:52:124:68:124:68:124:Infinity":21,"s:125:6:129:Infinity":47,"b:127:12:127:Infinity:128:12:128:Infinity":22,"s:133:2:282:Infinity":48,"b:138:22:138:43:138:43:138:Infinity":23,"f:145:22:145:23":5,"s:145:29:145:Infinity":49,"f:154:22:154:23":6,"s:154:29:154:Infinity":50,"b:158:11:158:Infinity:159:12:165:Infinity":24,"f:162:24:162:25":7,"s:162:31:162:Infinity":51,"b:168:11:168:Infinity:169:12:266:Infinity":25,"f:173:26:173:27":8,"s:173:33:173:Infinity":52,"f:183:28:183:29":9,"s:183:35:183:Infinity":53,"f:190:28:190:29":10,"s:190:35:190:Infinity":54,"f:197:26:197:27":11,"s:197:33:197:Infinity":55,"f:204:26:204:27":12,"s:204:33:204:Infinity":56,"f:210:23:210:29":13,"s:210:29:210:Infinity":57,"f:211:26:211:27":14,"s:211:37:211:Infinity":58,"f:211:59:211:60":15,"s:211:69:211:80":59,"f:212:26:212:27":16,"s:213:35:213:Infinity":60,"s:214:18:214:Infinity":61,"s:215:18:215:Infinity":62,"f:217:28:217:29":17,"s:218:18:222:Infinity":63,"f:230:23:230:29":18,"s:230:29:230:Infinity":64,"f:231:26:231:27":19,"s:231:37:231:Infinity":65,"f:231:63:231:64":20,"s:231:73:231:84":66,"f:232:26:232:27":21,"s:233:37:233:Infinity":67,"s:234:18:234:Infinity":68,"s:235:18:235:Infinity":69,"f:237:28:237:29":22,"s:238:18:242:Infinity":70,"f:250:23:250:29":23,"s:250:29:250:Infinity":71,"f:251:26:251:27":24,"s:251:37:251:Infinity":72,"f:251:63:251:64":25,"s:251:73:251:84":73,"f:252:26:252:27":26,"s:253:37:253:Infinity":74,"s:254:18:254:Infinity":75,"s:255:18:255:Infinity":76,"f:257:28:257:29":27,"s:258:18:262:Infinity":77,"f:273:21:273:27":28,"s:273:27:273:Infinity":78,"b:278:22:278:33:278:33:278:Infinity":26}}}
,"/home/dan/dev-repos/taskflows/frontend/src/components/environments/EnvironmentTable.tsx": {"path":"/home/dan/dev-repos/taskflows/frontend/src/components/environments/EnvironmentTable.tsx","statementMap":{"0":{"start":{"line":13,"column":33},"end":{"line":13,"column":null}},"1":{"start":{"line":14,"column":8},"end":{"line":14,"column":null}},"2":{"start":{"line":15,"column":8},"end":{"line":15,"column":null}},"3":{"start":{"line":17,"column":23},"end":{"line":35,"column":null}},"4":{"start":{"line":18,"column":22},"end":{"line":23,"column":null}},"5":{"start":{"line":25,"column":4},"end":{"line":25,"column":null}},"6":{"start":{"line":25,"column":20},"end":{"line":25,"column":null}},"7":{"start":{"line":27,"column":4},"end":{"line":34,"column":null}},"8":{"start":{"line":28,"column":6},"end":{"line":28,"column":null}},"9":{"start":{"line":29,"column":6},"end":{"line":29,"column":null}},"10":{"start":{"line":31,"column":6},"end":{"line":31,"column":null}},"11":{"start":{"line":32,"column":27},"end":{"line":32,"column":null}},"12":{"start":{"line":33,"column":6},"end":{"line":33,"column":null}},"13":{"start":{"line":37,"column":2},"end":{"line":135,"column":null}},"14":{"start":{"line":97,"column":16},"end":{"line":129,"column":null}},"15":{"start":{"line":121,"column":39},"end":{"line":121,"column":null}}},"fnMap":{"0":{"name":"EnvironmentTable","decl":{"start":{"line":12,"column":16},"end":{"line":12,"column":33}},"loc":{"start":{"line":12,"column":85},"end":{"line":137,"column":null}},"line":12},"1":{"name":"(anonymous_1)","decl":{"start":{"line":17,"column":23},"end":{"line":17,"column":30}},"loc":{"start":{"line":17,"column":47},"end":{"line":35,"column":null}},"line":17},"2":{"name":"(anonymous_2)","decl":{"start":{"line":96,"column":31},"end":{"line":96,"column":32}},"loc":{"start":{"line":97,"column":16},"end":{"line":129,"column":null}},"line":97},"3":{"name":"(anonymous_3)","decl":{"start":{"line":121,"column":33},"end":{"line":121,"column":39}},"loc":{"start":{"line":121,"column":39},"end":{"line":121,"column":null}},"line":121}},"branchMap":{"0":{"loc":{"start":{"line":25,"column":4},"end":{"line":25,"column":null}},"type":"if","locations":[{"start":{"line":25,"column":4},"end":{"line":25,"column":null}},{"start":{},"end":{}}],"line":25},"1":{"loc":{"start":{"line":32,"column":27},"end":{"line":32,"column":null}},"type":"cond-expr","locations":[{"start":{"line":32,"column":52},"end":{"line":32,"column":68}},{"start":{"line":32,"column":68},"end":{"line":32,"column":null}}],"line":32},"2":{"loc":{"start":{"line":58,"column":13},"end":{"line":130,"column":null}},"type":"cond-expr","locations":[{"start":{"line":59,"column":14},"end":{"line":85,"column":null}},{"start":{"line":86,"column":16},"end":{"line":130,"column":null}}],"line":58},"3":{"loc":{"start":{"line":86,"column":16},"end":{"line":130,"column":null}},"type":"cond-expr","locations":[{"start":{"line":87,"column":14},"end":{"line":94,"column":null}},{"start":{"line":96,"column":14},"end":{"line":130,"column":null}}],"line":86},"4":{"loc":{"start":{"line":102,"column":36},"end":{"line":102,"column":null}},"type":"cond-expr","locations":[{"start":{"line":102,"column":60},"end":{"line":102,"column":69}},{"start":{"line":102,"column":69},"end":{"line":102,"column":null}}],"line":102},"5":{"loc":{"start":{"line":103,"column":23},"end":{"line":103,"column":null}},"type":"cond-expr","locations":[{"start":{"line":103,"column":47},"end":{"line":103,"column":58}},{"start":{"line":103,"column":58},"end":{"line":103,"column":null}}],"line":103},"6":{"loc":{"start":{"line":107,"column":21},"end":{"line":107,"column":null}},"type":"binary-expr","locations":[{"start":{"line":107,"column":21},"end":{"line":107,"column":44}},{"start":{"line":107,"column":44},"end":{"line":107,"column":null}}],"line":107},"7":{"loc":{"start":{"line":108,"column":21},"end":{"line":108,"column":null}},"type":"binary-expr","locations":[{"start":{"line":108,"column":21},"end":{"line":108,"column":46}},{"start":{"line":108,"column":46},"end":{"line":108,"column":null}}],"line":108}},"s":{"0":0,"1":0,"2":0,"3":0,"4":0,"5":0,"6":0,"7":0,"8":0,"9":0,"10":0,"11":0,"12":0,"13":0,"14":0,"15":0},"f":{"0":0,"1":0,"2":0,"3":0},"b":{"0":[0,0],"1":[0,0],"2":[0,0],"3":[0,0],"4":[0,0],"5":[0,0],"6":[0,0],"7":[0,0]},"meta":{"lastBranch":8,"lastFunction":4,"lastStatement":16,"seen":{"f:12:16:12:33":0,"s:13:33:13:Infinity":0,"s:14:8:14:Infinity":1,"s:15:8:15:Infinity":2,"s:17:23:35:Infinity":3,"f:17:23:17:30":1,"s:18:22:23:Infinity":4,"b:25:4:25:Infinity:undefined:undefined:undefined:undefined":0,"s:25:4:25:Infinity":5,"s:25:20:25:Infinity":6,"s:27:4:34:Infinity":7,"s:28:6:28:Infinity":8,"s:29:6:29:Infinity":9,"s:31:6:31:Infinity":10,"s:32:27:32:Infinity":11,"b:32:52:32:68:32:68:32:Infinity":1,"s:33:6:33:Infinity":12,"s:37:2:135:Infinity":13,"b:59:14:85:Infinity:86:16:130:Infinity":2,"b:87:14:94:Infinity:96:14:130:Infinity":3,"f:96:31:96:32":2,"s:97:16:129:Infinity":14,"b:102:60:102:69:102:69:102:Infinity":4,"b:103:47:103:58:103:58:103:Infinity":5,"b:107:21:107:44:107:44:107:Infinity":6,"b:108:21:108:46:108:46:108:Infinity":7,"f:121:33:121:39":3,"s:121:39:121:Infinity":15}}}
,"/home/dan/dev-repos/taskflows/frontend/src/components/environments/index.ts": {"path":"/home/dan/dev-repos/taskflows/frontend/src/components/environments/index.ts","statementMap":{},"fnMap":{},"branchMap":{},"s":{},"f":{},"b":{},"meta":{"lastBranch":0,"lastFunction":0,"lastStatement":0,"seen":{}}}
,"/home/dan/dev-repos/taskflows/frontend/src/components/layout/Header.tsx": {"path":"/home/dan/dev-repos/taskflows/frontend/src/components/layout/Header.tsx","statementMap":{"0":{"start":{"line":15,"column":2},"end":{"line":39,"column":null}},"1":{"start":{"line":22,"column":16},"end":{"line":31,"column":null}}},"fnMap":{"0":{"name":"Header","decl":{"start":{"line":14,"column":16},"end":{"line":14,"column":23}},"loc":{"start":{"line":14,"column":69},"end":{"line":41,"column":null}},"line":14},"1":{"name":"(anonymous_1)","decl":{"start":{"line":21,"column":31},"end":{"line":21,"column":32}},"loc":{"start":{"line":22,"column":16},"end":{"line":31,"column":null}},"line":22}},"branchMap":{"0":{"loc":{"start":{"line":19,"column":11},"end":{"line":33,"column":null}},"type":"binary-expr","locations":[{"start":{"line":19,"column":11},"end":{"line":19,"column":26}},{"start":{"line":19,"column":26},"end":{"line":19,"column":null}},{"start":{"line":20,"column":12},"end":{"line":33,"column":null}}],"line":19},"1":{"loc":{"start":{"line":23,"column":19},"end":{"line":23,"column":null}},"type":"binary-expr","locations":[{"start":{"line":23,"column":19},"end":{"line":23,"column":32}},{"start":{"line":23,"column":32},"end":{"line":23,"column":null}}],"line":23},"2":{"loc":{"start":{"line":24,"column":19},"end":{"line":29,"column":null}},"type":"cond-expr","locations":[{"start":{"line":25,"column":20},"end":{"line":27,"column":null}},{"start":{"line":29,"column":20},"end":{"line":29,"column":null}}],"line":24},"3":{"loc":{"start":{"line":37,"column":9},"end":{"line":37,"column":null}},"type":"binary-expr","locations":[{"start":{"line":37,"column":9},"end":{"line":37,"column":20}},{"start":{"line":37,"column":20},"end":{"line":37,"column":null}}],"line":37}},"s":{"0":0,"1":0},"f":{"0":0,"1":0},"b":{"0":[0,0,0],"1":[0,0],"2":[0,0],"3":[0,0]},"meta":{"lastBranch":4,"lastFunction":2,"lastStatement":2,"seen":{"f:14:16:14:23":0,"s:15:2:39:Infinity":0,"b:19:11:19:26:19:26:19:Infinity:20:12:33:Infinity":0,"f:21:31:21:32":1,"s:22:16:31:Infinity":1,"b:23:19:23:32:23:32:23:Infinity":1,"b:25:20:27:Infinity:29:20:29:Infinity":2,"b:37:9:37:20:37:20:37:Infinity":3}}}
,"/home/dan/dev-repos/taskflows/frontend/src/components/layout/MainLayout.tsx": {"path":"/home/dan/dev-repos/taskflows/frontend/src/components/layout/MainLayout.tsx","statementMap":{"0":{"start":{"line":5,"column":2},"end":{"line":11,"column":null}}},"fnMap":{"0":{"name":"MainLayout","decl":{"start":{"line":4,"column":16},"end":{"line":4,"column":29}},"loc":{"start":{"line":4,"column":29},"end":{"line":13,"column":null}},"line":4}},"branchMap":{},"s":{"0":0},"f":{"0":0},"b":{},"meta":{"lastBranch":0,"lastFunction":1,"lastStatement":1,"seen":{"f:4:16:4:29":0,"s:5:2:11:Infinity":0}}}
,"/home/dan/dev-repos/taskflows/frontend/src/components/layout/Sidebar.tsx": {"path":"/home/dan/dev-repos/taskflows/frontend/src/components/layout/Sidebar.tsx","statementMap":{"0":{"start":{"line":14,"column":2},"end":{"line":28,"column":null}},"1":{"start":{"line":17,"column":29},"end":{"line":23,"column":null}},"2":{"start":{"line":33,"column":8},"end":{"line":33,"column":null}},"3":{"start":{"line":35,"column":23},"end":{"line":38,"column":null}},"4":{"start":{"line":36,"column":4},"end":{"line":36,"column":null}},"5":{"start":{"line":37,"column":4},"end":{"line":37,"column":null}},"6":{"start":{"line":40,"column":2},"end":{"line":68,"column":null}}},"fnMap":{"0":{"name":"NavItem","decl":{"start":{"line":13,"column":9},"end":{"line":13,"column":17}},"loc":{"start":{"line":13,"column":52},"end":{"line":30,"column":null}},"line":13},"1":{"name":"(anonymous_1)","decl":{"start":{"line":17,"column":17},"end":{"line":17,"column":18}},"loc":{"start":{"line":17,"column":29},"end":{"line":23,"column":null}},"line":17},"2":{"name":"Sidebar","decl":{"start":{"line":32,"column":16},"end":{"line":32,"column":26}},"loc":{"start":{"line":32,"column":26},"end":{"line":70,"column":null}},"line":32},"3":{"name":"(anonymous_3)","decl":{"start":{"line":35,"column":23},"end":{"line":35,"column":35}},"loc":{"start":{"line":35,"column":35},"end":{"line":38,"column":null}},"line":35}},"branchMap":{"0":{"loc":{"start":{"line":20,"column":10},"end":{"line":22,"column":null}},"type":"cond-expr","locations":[{"start":{"line":21,"column":14},"end":{"line":21,"column":null}},{"start":{"line":22,"column":14},"end":{"line":22,"column":null}}],"line":20}},"s":{"0":0,"1":0,"2":0,"3":0,"4":0,"5":0,"6":0},"f":{"0":0,"1":0,"2":0,"3":0},"b":{"0":[0,0]},"meta":{"lastBranch":1,"lastFunction":4,"lastStatement":7,"seen":{"f:13:9:13:17":0,"s:14:2:28:Infinity":0,"f:17:17:17:18":1,"s:17:29:23:Infinity":1,"b:21:14:21:Infinity:22:14:22:Infinity":0,"f:32:16:32:26":2,"s:33:8:33:Infinity":2,"s:35:23:38:Infinity":3,"f:35:23:35:35":3,"s:36:4:36:Infinity":4,"s:37:4:37:Infinity":5,"s:40:2:68:Infinity":6}}}
,"/home/dan/dev-repos/taskflows/frontend/src/components/layout/index.ts": {"path":"/home/dan/dev-repos/taskflows/frontend/src/components/layout/index.ts","statementMap":{},"fnMap":{},"branchMap":{},"s":{},"f":{},"b":{},"meta":{"lastBranch":0,"lastFunction":0,"lastStatement":0,"seen":{}}}
,"/home/dan/dev-repos/taskflows/frontend/src/components/logs/LogViewer.tsx": {"path":"/home/dan/dev-repos/taskflows/frontend/src/components/logs/LogViewer.tsx","statementMap":{"0":{"start":{"line":12,"column":27},"end":{"line":17,"column":null}},"1":{"start":{"line":20,"column":32},"end":{"line":20,"column":null}},"2":{"start":{"line":21,"column":36},"end":{"line":21,"column":null}},"3":{"start":{"line":22,"column":34},"end":{"line":22,"column":null}},"4":{"start":{"line":23,"column":8},"end":{"line":23,"column":null}},"5":{"start":{"line":24,"column":8},"end":{"line":24,"column":null}},"6":{"start":{"line":26,"column":38},"end":{"line":26,"column":null}},"7":{"start":{"line":27,"column":24},"end":{"line":27,"column":null}},"8":{"start":{"line":29,"column":15},"end":{"line":29,"column":null}},"9":{"start":{"line":31,"column":8},"end":{"line":37,"column":null}},"10":{"start":{"line":32,"column":4},"end":{"line":32,"column":null}},"11":{"start":{"line":32,"column":26},"end":{"line":32,"column":null}},"12":{"start":{"line":33,"column":18},"end":{"line":33,"column":null}},"13":{"start":{"line":34,"column":4},"end":{"line":36,"column":null}},"14":{"start":{"line":35,"column":24},"end":{"line":35,"column":82}},"15":{"start":{"line":40,"column":2},"end":{"line":44,"column":null}},"16":{"start":{"line":41,"column":4},"end":{"line":43,"column":null}},"17":{"start":{"line":42,"column":6},"end":{"line":42,"column":null}},"18":{"start":{"line":47,"column":2},"end":{"line":67,"column":null}},"19":{"start":{"line":48,"column":22},"end":{"line":48,"column":null}},"20":{"start":{"line":49,"column":4},"end":{"line":49,"column":null}},"21":{"start":{"line":49,"column":20},"end":{"line":49,"column":null}},"22":{"start":{"line":51,"column":25},"end":{"line":63,"column":null}},"23":{"start":{"line":53,"column":8},"end":{"line":53,"column":null}},"24":{"start":{"line":56,"column":6},"end":{"line":62,"column":null}},"25":{"start":{"line":57,"column":8},"end":{"line":57,"column":null}},"26":{"start":{"line":58,"column":6},"end":{"line":62,"column":null}},"27":{"start":{"line":61,"column":8},"end":{"line":61,"column":null}},"28":{"start":{"line":65,"column":4},"end":{"line":65,"column":null}},"29":{"start":{"line":66,"column":4},"end":{"line":66,"column":null}},"30":{"start":{"line":66,"column":17},"end":{"line":66,"column":null}},"31":{"start":{"line":69,"column":24},"end":{"line":71,"column":null}},"32":{"start":{"line":70,"column":4},"end":{"line":70,"column":null}},"33":{"start":{"line":73,"column":25},"end":{"line":83,"column":null}},"34":{"start":{"line":74,"column":17},"end":{"line":74,"column":null}},"35":{"start":{"line":75,"column":16},"end":{"line":75,"column":null}},"36":{"start":{"line":76,"column":14},"end":{"line":76,"column":null}},"37":{"start":{"line":77,"column":4},"end":{"line":77,"column":null}},"38":{"start":{"line":78,"column":4},"end":{"line":78,"column":null}},"39":{"start":{"line":79,"column":4},"end":{"line":79,"column":null}},"40":{"start":{"line":80,"column":4},"end":{"line":80,"column":null}},"41":{"start":{"line":81,"column":4},"end":{"line":81,"column":null}},"42":{"start":{"line":82,"column":4},"end":{"line":82,"column":null}},"43":{"start":{"line":85,"column":2},"end":{"line":161,"column":null}},"44":{"start":{"line":96,"column":33},"end":{"line":96,"column":null}},"45":{"start":{"line":103,"column":31},"end":{"line":103,"column":null}},"46":{"start":{"line":111,"column":33},"end":{"line":111,"column":null}}},"fnMap":{"0":{"name":"LogViewer","decl":{"start":{"line":19,"column":16},"end":{"line":19,"column":26}},"loc":{"start":{"line":19,"column":59},"end":{"line":163,"column":null}},"line":19},"1":{"name":"(anonymous_1)","decl":{"start":{"line":31,"column":31},"end":{"line":31,"column":37}},"loc":{"start":{"line":31,"column":37},"end":{"line":37,"column":5}},"line":31},"2":{"name":"(anonymous_2)","decl":{"start":{"line":35,"column":14},"end":{"line":35,"column":15}},"loc":{"start":{"line":35,"column":24},"end":{"line":35,"column":82}},"line":35},"3":{"name":"(anonymous_3)","decl":{"start":{"line":40,"column":12},"end":{"line":40,"column":18}},"loc":{"start":{"line":40,"column":18},"end":{"line":44,"column":5}},"line":40},"4":{"name":"(anonymous_4)","decl":{"start":{"line":47,"column":12},"end":{"line":47,"column":18}},"loc":{"start":{"line":47,"column":18},"end":{"line":67,"column":5}},"line":47},"5":{"name":"(anonymous_5)","decl":{"start":{"line":51,"column":25},"end":{"line":51,"column":31}},"loc":{"start":{"line":51,"column":31},"end":{"line":63,"column":null}},"line":51},"6":{"name":"(anonymous_6)","decl":{"start":{"line":66,"column":11},"end":{"line":66,"column":17}},"loc":{"start":{"line":66,"column":17},"end":{"line":66,"column":null}},"line":66},"7":{"name":"(anonymous_7)","decl":{"start":{"line":69,"column":24},"end":{"line":69,"column":30}},"loc":{"start":{"line":69,"column":30},"end":{"line":71,"column":null}},"line":69},"8":{"name":"(anonymous_8)","decl":{"start":{"line":73,"column":25},"end":{"line":73,"column":31}},"loc":{"start":{"line":73,"column":31},"end":{"line":83,"column":null}},"line":73},"9":{"name":"(anonymous_9)","decl":{"start":{"line":96,"column":26},"end":{"line":96,"column":27}},"loc":{"start":{"line":96,"column":33},"end":{"line":96,"column":null}},"line":96},"10":{"name":"(anonymous_10)","decl":{"start":{"line":103,"column":24},"end":{"line":103,"column":25}},"loc":{"start":{"line":103,"column":31},"end":{"line":103,"column":null}},"line":103},"11":{"name":"(anonymous_11)","decl":{"start":{"line":111,"column":26},"end":{"line":111,"column":27}},"loc":{"start":{"line":111,"column":33},"end":{"line":111,"column":null}},"line":111}},"branchMap":{"0":{"loc":{"start":{"line":29,"column":15},"end":{"line":29,"column":null}},"type":"binary-expr","locations":[{"start":{"line":29,"column":15},"end":{"line":29,"column":29}},{"start":{"line":29,"column":29},"end":{"line":29,"column":null}}],"line":29},"1":{"loc":{"start":{"line":32,"column":4},"end":{"line":32,"column":null}},"type":"if","locations":[{"start":{"line":32,"column":4},"end":{"line":32,"column":null}},{"start":{},"end":{}}],"line":32},"2":{"loc":{"start":{"line":41,"column":4},"end":{"line":43,"column":null}},"type":"if","locations":[{"start":{"line":41,"column":4},"end":{"line":43,"column":null}},{"start":{},"end":{}}],"line":41},"3":{"loc":{"start":{"line":41,"column":8},"end":{"line":41,"column":47}},"type":"binary-expr","locations":[{"start":{"line":41,"column":8},"end":{"line":41,"column":22}},{"start":{"line":41,"column":22},"end":{"line":41,"column":47}}],"line":41},"4":{"loc":{"start":{"line":49,"column":4},"end":{"line":49,"column":null}},"type":"if","locations":[{"start":{"line":49,"column":4},"end":{"line":49,"column":null}},{"start":{},"end":{}}],"line":49},"5":{"loc":{"start":{"line":56,"column":6},"end":{"line":62,"column":null}},"type":"if","locations":[{"start":{"line":56,"column":6},"end":{"line":62,"column":null}},{"start":{"line":58,"column":6},"end":{"line":62,"column":null}}],"line":56},"6":{"loc":{"start":{"line":56,"column":10},"end":{"line":56,"column":37}},"type":"binary-expr","locations":[{"start":{"line":56,"column":10},"end":{"line":56,"column":25}},{"start":{"line":56,"column":25},"end":{"line":56,"column":37}}],"line":56},"7":{"loc":{"start":{"line":58,"column":6},"end":{"line":62,"column":null}},"type":"if","locations":[{"start":{"line":58,"column":6},"end":{"line":62,"column":null}},{"start":{},"end":{}}],"line":58},"8":{"loc":{"start":{"line":60,"column":15},"end":{"line":60,"column":42}},"type":"binary-expr","locations":[{"start":{"line":60,"column":15},"end":{"line":60,"column":29}},{"start":{"line":60,"column":29},"end":{"line":60,"column":42}}],"line":60},"9":{"loc":{"start":{"line":117,"column":47},"end":{"line":117,"column":79}},"type":"cond-expr","locations":[{"start":{"line":117,"column":60},"end":{"line":117,"column":77}},{"start":{"line":117,"column":77},"end":{"line":117,"column":79}}],"line":117},"10":{"loc":{"start":{"line":128,"column":9},"end":{"line":158,"column":null}},"type":"cond-expr","locations":[{"start":{"line":129,"column":10},"end":{"line":151,"column":null}},{"start":{"line":153,"column":10},"end":{"line":158,"column":null}}],"line":128},"11":{"loc":{"start":{"line":157,"column":13},"end":{"line":157,"column":null}},"type":"binary-expr","locations":[{"start":{"line":157,"column":13},"end":{"line":157,"column":29}},{"start":{"line":157,"column":29},"end":{"line":157,"column":null}}],"line":157}},"s":{"0":0,"1":0,"2":0,"3":0,"4":0,"5":0,"6":0,"7":0,"8":0,"9":0,"10":0,"11":0,"12":0,"13":0,"14":0,"15":0,"16":0,"17":0,"18":0,"19":0,"20":0,"21":0,"22":0,"23":0,"24":0,"25":0,"26":0,"27":0,"28":0,"29":0,"30":0,"31":0,"32":0,"33":0,"34":0,"35":0,"36":0,"37":0,"38":0,"39":0,"40":0,"41":0,"42":0,"43":0,"44":0,"45":0,"46":0},"f":{"0":0,"1":0,"2":0,"3":0,"4":0,"5":0,"6":0,"7":0,"8":0,"9":0,"10":0,"11":0},"b":{"0":[0,0],"1":[0,0],"2":[0,0],"3":[0,0],"4":[0,0],"5":[0,0],"6":[0,0],"7":[0,0],"8":[0,0],"9":[0,0],"10":[0,0],"11":[0,0]},"meta":{"lastBranch":12,"lastFunction":12,"lastStatement":47,"seen":{"s:12:27:17:Infinity":0,"f:19:16:19:26":0,"s:20:32:20:Infinity":1,"s:21:36:21:Infinity":2,"s:22:34:22:Infinity":3,"s:23:8:23:Infinity":4,"s:24:8:24:Infinity":5,"s:26:38:26:Infinity":6,"s:27:24:27:Infinity":7,"s:29:15:29:Infinity":8,"b:29:15:29:29:29:29:29:Infinity":0,"s:31:8:37:Infinity":9,"f:31:31:31:37":1,"b:32:4:32:Infinity:undefined:undefined:undefined:undefined":1,"s:32:4:32:Infinity":10,"s:32:26:32:Infinity":11,"s:33:18:33:Infinity":12,"s:34:4:36:Infinity":13,"f:35:14:35:15":2,"s:35:24:35:82":14,"s:40:2:44:Infinity":15,"f:40:12:40:18":3,"b:41:4:43:Infinity:undefined:undefined:undefined:undefined":2,"s:41:4:43:Infinity":16,"b:41:8:41:22:41:22:41:47":3,"s:42:6:42:Infinity":17,"s:47:2:67:Infinity":18,"f:47:12:47:18":4,"s:48:22:48:Infinity":19,"b:49:4:49:Infinity:undefined:undefined:undefined:undefined":4,"s:49:4:49:Infinity":20,"s:49:20:49:Infinity":21,"s:51:25:63:Infinity":22,"f:51:25:51:31":5,"s:53:8:53:Infinity":23,"b:56:6:62:Infinity:58:6:62:Infinity":5,"s:56:6:62:Infinity":24,"b:56:10:56:25:56:25:56:37":6,"s:57:8:57:Infinity":25,"b:58:6:62:Infinity:undefined:undefined:undefined:undefined":7,"s:58:6:62:Infinity":26,"b:60:15:60:29:60:29:60:42":8,"s:61:8:61:Infinity":27,"s:65:4:65:Infinity":28,"s:66:4:66:Infinity":29,"f:66:11:66:17":6,"s:66:17:66:Infinity":30,"s:69:24:71:Infinity":31,"f:69:24:69:30":7,"s:70:4:70:Infinity":32,"s:73:25:83:Infinity":33,"f:73:25:73:31":8,"s:74:17:74:Infinity":34,"s:75:16:75:Infinity":35,"s:76:14:76:Infinity":36,"s:77:4:77:Infinity":37,"s:78:4:78:Infinity":38,"s:79:4:79:Infinity":39,"s:80:4:80:Infinity":40,"s:81:4:81:Infinity":41,"s:82:4:82:Infinity":42,"s:85:2:161:Infinity":43,"f:96:26:96:27":9,"s:96:33:96:Infinity":44,"f:103:24:103:25":10,"s:103:31:103:Infinity":45,"f:111:26:111:27":11,"s:111:33:111:Infinity":46,"b:117:60:117:77:117:77:117:79":9,"b:129:10:151:Infinity:153:10:158:Infinity":10,"b:157:13:157:29:157:29:157:Infinity":11}}}
,"/home/dan/dev-repos/taskflows/frontend/src/components/logs/index.ts": {"path":"/home/dan/dev-repos/taskflows/frontend/src/components/logs/index.ts","statementMap":{},"fnMap":{},"branchMap":{},"s":{},"f":{},"b":{},"meta":{"lastBranch":0,"lastFunction":0,"lastStatement":0,"seen":{}}}
,"/home/dan/dev-repos/taskflows/frontend/src/components/services/BatchActions.tsx": {"path":"/home/dan/dev-repos/taskflows/frontend/src/components/services/BatchActions.tsx","statementMap":{"0":{"start":{"line":8,"column":33},"end":{"line":8,"column":null}},"1":{"start":{"line":9,"column":8},"end":{"line":9,"column":null}},"2":{"start":{"line":10,"column":8},"end":{"line":10,"column":null}},"3":{"start":{"line":11,"column":43},"end":{"line":11,"column":null}},"4":{"start":{"line":12,"column":46},"end":{"line":12,"column":null}},"5":{"start":{"line":14,"column":24},"end":{"line":14,"column":null}},"6":{"start":{"line":15,"column":23},"end":{"line":15,"column":null}},"7":{"start":{"line":17,"column":28},"end":{"line":45,"column":null}},"8":{"start":{"line":18,"column":4},"end":{"line":18,"column":null}},"9":{"start":{"line":18,"column":23},"end":{"line":18,"column":null}},"10":{"start":{"line":20,"column":25},"end":{"line":20,"column":null}},"11":{"start":{"line":23,"column":4},"end":{"line":31,"column":null}},"12":{"start":{"line":24,"column":24},"end":{"line":29,"column":null}},"13":{"start":{"line":30,"column":6},"end":{"line":30,"column":null}},"14":{"start":{"line":30,"column":22},"end":{"line":30,"column":null}},"15":{"start":{"line":33,"column":4},"end":{"line":33,"column":null}},"16":{"start":{"line":34,"column":4},"end":{"line":44,"column":null}},"17":{"start":{"line":35,"column":6},"end":{"line":35,"column":null}},"18":{"start":{"line":36,"column":6},"end":{"line":36,"column":null}},"19":{"start":{"line":37,"column":6},"end":{"line":37,"column":null}},"20":{"start":{"line":39,"column":6},"end":{"line":39,"column":null}},"21":{"start":{"line":40,"column":27},"end":{"line":40,"column":null}},"22":{"start":{"line":41,"column":6},"end":{"line":41,"column":null}},"23":{"start":{"line":43,"column":6},"end":{"line":43,"column":null}},"24":{"start":{"line":47,"column":2},"end":{"line":79,"column":null}},"25":{"start":{"line":57,"column":23},"end":{"line":57,"column":null}},"26":{"start":{"line":66,"column":23},"end":{"line":66,"column":null}},"27":{"start":{"line":75,"column":23},"end":{"line":75,"column":null}}},"fnMap":{"0":{"name":"BatchActions","decl":{"start":{"line":7,"column":16},"end":{"line":7,"column":31}},"loc":{"start":{"line":7,"column":31},"end":{"line":81,"column":null}},"line":7},"1":{"name":"(anonymous_1)","decl":{"start":{"line":17,"column":28},"end":{"line":17,"column":35}},"loc":{"start":{"line":17,"column":65},"end":{"line":45,"column":null}},"line":17},"2":{"name":"(anonymous_2)","decl":{"start":{"line":57,"column":17},"end":{"line":57,"column":23}},"loc":{"start":{"line":57,"column":23},"end":{"line":57,"column":null}},"line":57},"3":{"name":"(anonymous_3)","decl":{"start":{"line":66,"column":17},"end":{"line":66,"column":23}},"loc":{"start":{"line":66,"column":23},"end":{"line":66,"column":null}},"line":66},"4":{"name":"(anonymous_4)","decl":{"start":{"line":75,"column":17},"end":{"line":75,"column":23}},"loc":{"start":{"line":75,"column":23},"end":{"line":75,"column":null}},"line":75}},"branchMap":{"0":{"loc":{"start":{"line":18,"column":4},"end":{"line":18,"column":null}},"type":"if","locations":[{"start":{"line":18,"column":4},"end":{"line":18,"column":null}},{"start":{},"end":{}}],"line":18},"1":{"loc":{"start":{"line":23,"column":4},"end":{"line":31,"column":null}},"type":"if","locations":[{"start":{"line":23,"column":4},"end":{"line":31,"column":null}},{"start":{},"end":{}}],"line":23},"2":{"loc":{"start":{"line":23,"column":8},"end":{"line":23,"column":57}},"type":"binary-expr","locations":[{"start":{"line":23,"column":8},"end":{"line":23,"column":32}},{"start":{"line":23,"column":32},"end":{"line":23,"column":57}}],"line":23},"3":{"loc":{"start":{"line":28,"column":17},"end":{"line":28,"column":null}},"type":"cond-expr","locations":[{"start":{"line":28,"column":40},"end":{"line":28,"column":51}},{"start":{"line":28,"column":51},"end":{"line":28,"column":null}}],"line":28},"4":{"loc":{"start":{"line":30,"column":6},"end":{"line":30,"column":null}},"type":"if","locations":[{"start":{"line":30,"column":6},"end":{"line":30,"column":null}},{"start":{},"end":{}}],"line":30},"5":{"loc":{"start":{"line":40,"column":27},"end":{"line":40,"column":null}},"type":"cond-expr","locations":[{"start":{"line":40,"column":52},"end":{"line":40,"column":68}},{"start":{"line":40,"column":68},"end":{"line":40,"column":null}}],"line":40},"6":{"loc":{"start":{"line":55,"column":18},"end":{"line":55,"column":null}},"type":"binary-expr","locations":[{"start":{"line":55,"column":18},"end":{"line":55,"column":35}},{"start":{"line":55,"column":35},"end":{"line":55,"column":null}}],"line":55},"7":{"loc":{"start":{"line":64,"column":18},"end":{"line":64,"column":null}},"type":"binary-expr","locations":[{"start":{"line":64,"column":18},"end":{"line":64,"column":35}},{"start":{"line":64,"column":35},"end":{"line":64,"column":null}}],"line":64},"8":{"loc":{"start":{"line":73,"column":18},"end":{"line":73,"column":null}},"type":"binary-expr","locations":[{"start":{"line":73,"column":18},"end":{"line":73,"column":35}},{"start":{"line":73,"column":35},"end":{"line":73,"column":null}}],"line":73}},"s":{"0":0,"1":0,"2":0,"3":0,"4":0,"5":0,"6":0,"7":0,"8":0,"9":0,"10":0,"11":0,"12":0,"13":0,"14":0,"15":0,"16":0,"17":0,"18":0,"19":0,"20":0,"21":0,"22":0,"23":0,"24":0,"25":0,"26":0,"27":0},"f":{"0":0,"1":0,"2":0,"3":0,"4":0},"b":{"0":[0,0],"1":[0,0],"2":[0,0],"3":[0,0],"4":[0,0],"5":[0,0],"6":[0,0],"7":[0,0],"8":[0,0]},"meta":{"lastBranch":9,"lastFunction":5,"lastStatement":28,"seen":{"f:7:16:7:31":0,"s:8:33:8:Infinity":0,"s:9:8:9:Infinity":1,"s:10:8:10:Infinity":2,"s:11:43:11:Infinity":3,"s:12:46:12:Infinity":4,"s:14:24:14:Infinity":5,"s:15:23:15:Infinity":6,"s:17:28:45:Infinity":7,"f:17:28:17:35":1,"b:18:4:18:Infinity:undefined:undefined:undefined:undefined":0,"s:18:4:18:Infinity":8,"s:18:23:18:Infinity":9,"s:20:25:20:Infinity":10,"b:23:4:31:Infinity:undefined:undefined:undefined:undefined":1,"s:23:4:31:Infinity":11,"b:23:8:23:32:23:32:23:57":2,"s:24:24:29:Infinity":12,"b:28:40:28:51:28:51:28:Infinity":3,"b:30:6:30:Infinity:undefined:undefined:undefined:undefined":4,"s:30:6:30:Infinity":13,"s:30:22:30:Infinity":14,"s:33:4:33:Infinity":15,"s:34:4:44:Infinity":16,"s:35:6:35:Infinity":17,"s:36:6:36:Infinity":18,"s:37:6:37:Infinity":19,"s:39:6:39:Infinity":20,"s:40:27:40:Infinity":21,"b:40:52:40:68:40:68:40:Infinity":5,"s:41:6:41:Infinity":22,"s:43:6:43:Infinity":23,"s:47:2:79:Infinity":24,"b:55:18:55:35:55:35:55:Infinity":6,"f:57:17:57:23":2,"s:57:23:57:Infinity":25,"b:64:18:64:35:64:35:64:Infinity":7,"f:66:17:66:23":3,"s:66:23:66:Infinity":26,"b:73:18:73:35:73:35:73:Infinity":8,"f:75:17:75:23":4,"s:75:23:75:Infinity":27}}}
,"/home/dan/dev-repos/taskflows/frontend/src/components/services/ServiceRow.tsx": {"path":"/home/dan/dev-repos/taskflows/frontend/src/components/services/ServiceRow.tsx","statementMap":{"0":{"start":{"line":16,"column":8},"end":{"line":16,"column":null}},"1":{"start":{"line":17,"column":33},"end":{"line":17,"column":null}},"2":{"start":{"line":18,"column":8},"end":{"line":18,"column":null}},"3":{"start":{"line":19,"column":46},"end":{"line":19,"column":null}},"4":{"start":{"line":21,"column":20},"end":{"line":21,"column":null}},"5":{"start":{"line":23,"column":23},"end":{"line":35,"column":null}},"6":{"start":{"line":24,"column":4},"end":{"line":24,"column":null}},"7":{"start":{"line":25,"column":4},"end":{"line":34,"column":null}},"8":{"start":{"line":26,"column":6},"end":{"line":26,"column":null}},"9":{"start":{"line":27,"column":6},"end":{"line":27,"column":null}},"10":{"start":{"line":29,"column":6},"end":{"line":29,"column":null}},"11":{"start":{"line":30,"column":27},"end":{"line":30,"column":null}},"12":{"start":{"line":31,"column":6},"end":{"line":31,"column":null}},"13":{"start":{"line":33,"column":6},"end":{"line":33,"column":null}},"14":{"start":{"line":37,"column":2},"end":{"line":100,"column":null}},"15":{"start":{"line":42,"column":26},"end":{"line":42,"column":null}},"16":{"start":{"line":66,"column":31},"end":{"line":66,"column":null}},"17":{"start":{"line":75,"column":31},"end":{"line":75,"column":null}},"18":{"start":{"line":86,"column":29},"end":{"line":86,"column":null}},"19":{"start":{"line":94,"column":27},"end":{"line":94,"column":null}}},"fnMap":{"0":{"name":"ServiceRow","decl":{"start":{"line":15,"column":16},"end":{"line":15,"column":27}},"loc":{"start":{"line":15,"column":85},"end":{"line":102,"column":null}},"line":15},"1":{"name":"(anonymous_1)","decl":{"start":{"line":23,"column":23},"end":{"line":23,"column":30}},"loc":{"start":{"line":23,"column":71},"end":{"line":35,"column":null}},"line":23},"2":{"name":"(anonymous_2)","decl":{"start":{"line":42,"column":20},"end":{"line":42,"column":26}},"loc":{"start":{"line":42,"column":26},"end":{"line":42,"column":null}},"line":42},"3":{"name":"(anonymous_3)","decl":{"start":{"line":66,"column":25},"end":{"line":66,"column":31}},"loc":{"start":{"line":66,"
[...]
,"/home/dan/dev-repos/taskflows/frontend/src/hooks/useToast.ts": {"path":"/home/dan/dev-repos/taskflows/frontend/src/hooks/useToast.ts","statementMap":{"0":{"start":{"line":5,"column":8},"end":{"line":5,"column":null}},"1":{"start":{"line":6,"column":2},"end":{"line":8,"column":null}},"2":{"start":{"line":7,"column":4},"end":{"line":7,"column":null}},"3":{"start":{"line":9,"column":2},"end":{"line":9,"column":null}}},"fnMap":{"0":{"name":"useToast","decl":{"start":{"line":4,"column":16},"end":{"line":4,"column":46}},"loc":{"start":{"line":4,"column":46},"end":{"line":10,"column":null}},"line":4}},"branchMap":{"0":{"loc":{"start":{"line":6,"column":2},"end":{"line":8,"column":null}},"type":"if","locations":[{"start":{"line":6,"column":2},"end":{"line":8,"column":null}},{"start":{},"end":{}}],"line":6}},"s":{"0":75,"1":75,"2":0,"3":75},"f":{"0":75},"b":{"0":[0,75]},"meta":{"lastBranch":1,"lastFunction":1,"lastStatement":4,"seen":{"f:4:16:4:46":0,"s:5:8:5:Infinity":0,"b:6:2:8:Infinity:undefined:undefined:undefined:undefined":0,"s:6:2:8:Infinity":1,"s:7:4:7:Infinity":2,"s:9:2:9:Infinity":3}}}
,"/home/dan/dev-repos/taskflows/frontend/src/pages/DashboardPage.tsx": {"path":"/home/dan/dev-repos/taskflows/frontend/src/pages/DashboardPage.tsx","statementMap":{"0":{"start":{"line":6,"column":26},"end":{"line":6,"column":null}},"1":{"start":{"line":7,"column":19},"end":{"line":7,"column":null}},"2":{"start":{"line":9,"column":2},"end":{"line":15,"column":null}}},"fnMap":{"0":{"name":"DashboardPage","decl":{"start":{"line":5,"column":16},"end":{"line":5,"column":32}},"loc":{"start":{"line":5,"column":32},"end":{"line":17,"column":null}},"line":5}},"branchMap":{"0":{"loc":{"start":{"line":7,"column":19},"end":{"line":7,"column":null}},"type":"binary-expr","locations":[{"start":{"line":7,"column":19},"end":{"line":7,"column":37}},{"start":{"line":7,"column":37},"end":{"line":7,"column":null}}],"line":7}},"s":{"0":0,"1":0,"2":0},"f":{"0":0},"b":{"0":[0,0]},"meta":{"lastBranch":1,"lastFunction":1,"lastStatement":3,"seen":{"f:5:16:5:32":0,"s:6:26:6:Infinity":0,"s:7:19:7:Infinity":1,"b:7:19:7:37:7:37:7:Infinity":0,"s:9:2:15:Infinity":2}}}
,"/home/dan/dev-repos/taskflows/frontend/src/pages/EnvironmentCreatePage.tsx": {"path":"/home/dan/dev-repos/taskflows/frontend/src/pages/EnvironmentCreatePage.tsx","statementMap":{"0":{"start":{"line":5,"column":2},"end":{"line":19,"column":null}}},"fnMap":{"0":{"name":"EnvironmentCreatePage","decl":{"start":{"line":4,"column":16},"end":{"line":4,"column":40}},"loc":{"start":{"line":4,"column":40},"end":{"line":21,"column":null}},"line":4}},"branchMap":{},"s":{"0":0},"f":{"0":0},"b":{},"meta":{"lastBranch":0,"lastFunction":1,"lastStatement":1,"seen":{"f:4:16:4:40":0,"s:5:2:19:Infinity":0}}}
,"/home/dan/dev-repos/taskflows/frontend/src/pages/EnvironmentEditPage.tsx": {"path":"/home/dan/dev-repos/taskflows/frontend/src/pages/EnvironmentEditPage.tsx","statementMap":{"0":{"start":{"line":7,"column":15},"end":{"line":7,"column":null}},"1":{"start":{"line":8,"column":39},"end":{"line":8,"column":null}},"2":{"start":{"line":10,"column":2},"end":{"line":19,"column":null}},"3":{"start":{"line":11,"column":4},"end":{"line":17,"column":null}},"4":{"start":{"line":21,"column":2},"end":{"line":56,"column":null}},"5":{"start":{"line":22,"column":4},"end":{"line":54,"column":null}},"6":{"start":{"line":58,"column":2},"end":{"line":73,"column":null}},"7":{"start":{"line":59,"column":4},"end":{"line":71,"column":null}},"8":{"start":{"line":75,"column":2},"end":{"line":89,"column":null}}},"fnMap":{"0":{"name":"EnvironmentEditPage","decl":{"start":{"line":6,"column":16},"end":{"line":6,"column":38}},"loc":{"start":{"line":6,"column":38},"end":{"line":91,"column":null}},"line":6}},"branchMap":{"0":{"loc":{"start":{"line":8,"column":58},"end":{"line":8,"column":68}},"type":"binary-expr","locations":[{"start":{"line":8,"column":58},"end":{"line":8,"column":66}},{"start":{"line":8,"column":66},"end":{"line":8,"column":68}}],"line":8},"1":{"loc":{"start":{"line":10,"column":2},"end":{"line":19,"column":null}},"type":"if","locations":[{"start":{"line":10,"column":2},"end":{"line":19,"column":null}},{"start":{},"end":{}}],"line":10},"2":{"loc":{"start":{"line":21,"column":2},"end":{"line":56,"column":null}},"type":"if","locations":[{"start":{"line":21,"column":2},"end":{"line":56,"column":null}},{"start":{},"end":{}}],"line":21},"3":{"loc":{"start":{"line":58,"column":2},"end":{"line":73,"column":null}},"type":"if","locations":[{"start":{"line":58,"column":2},"end":{"line":73,"column":null}},{"start":{},"end":{}}],"line":58}},"s":{"0":0,"1":0,"2":0,"3":0,"4":0,"5":0,"6":0,"7":0,"8":0},"f":{"0":0},"b":{"0":[0,0],"1":[0,0],"2":[0,0],"3":[0,0]},"meta":{"lastBranch":4,"lastFunction":1,"lastStatement":9,"seen":{"f:6:16:6:38":0,"s:7:15:7:Infinity":0,"s:8:39:8:Infinity":1,"b:8:58:8:66:8:66:8:68":0,"b:10:2:19:Infinity:undefined:undefined:undefined:undefined":1,"s:10:2:19:Infinity":2,"s:11:4:17:Infinity":3,"b:21:2:56:Infinity:undefined:undefined:undefined:undefined":2,"s:21:2:56:Infinity":4,"s:22:4:54:Infinity":5,"b:58:2:73:Infinity:undefined:undefined:undefined:undefined":3,"s:58:2:73:Infinity":6,"s:59:4:71:Infinity":7,"s:75:2:89:Infinity":8}}}
,"/home/dan/dev-repos/taskflows/frontend/src/pages/EnvironmentsPage.tsx": {"path":"/home/dan/dev-repos/taskflows/frontend/src/pages/EnvironmentsPage.tsx","statementMap":{"0":{"start":{"line":9,"column":26},"end":{"line":9,"column":null}},"1":{"start":{"line":10,"column":23},"end":{"line":10,"column":null}},"2":{"start":{"line":12,"column":2},"end":{"line":28,"column":null}}},"fnMap":{"0":{"name":"EnvironmentsPage","decl":{"start":{"line":8,"column":16},"end":{"line":8,"column":35}},"loc":{"start":{"line":8,"column":35},"end":{"line":30,"column":null}},"line":8}},"branchMap":{"0":{"loc":{"start":{"line":10,"column":23},"end":{"line":10,"column":null}},"type":"binary-expr","locations":[{"start":{"line":10,"column":23},"end":{"line":10,"column":45}},{"start":{"line":10,"column":45},"end":{"line":10,"column":null}}],"line":10}},"s":{"0":0,"1":0,"2":0},"f":{"0":0},"b":{"0":[0,0]},"meta":{"lastBranch":1,"lastFunction":1,"lastStatement":3,"seen":{"f:8:16:8:35":0,"s:9:26:9:Infinity":0,"s:10:23:10:Infinity":1,"b:10:23:10:45:10:45:10:Infinity":0,"s:12:2:28:Infinity":2}}}
,"/home/dan/dev-repos/taskflows/frontend/src/pages/LoginPage.tsx": {"path":"/home/dan/dev-repos/taskflows/frontend/src/pages/LoginPage.tsx","statementMap":{"0":{"start":{"line":8,"column":8},"end":{"line":8,"column":null}},"1":{"start":{"line":9,"column":20},"end":{"line":9,"column":null}},"2":{"start":{"line":10,"column":45},"end":{"line":10,"column":null}},"3":{"start":{"line":12,"column":30},"end":{"line":12,"column":null}},"4":{"start":{"line":13,"column":30},"end":{"line":13,"column":null}},"5":{"start":{"line":14,"column":32},"end":{"line":14,"column":null}},"6":{"start":{"line":15,"column":24},"end":{"line":15,"column":null}},"7":{"start":{"line":17,"column":2},"end":{"line":21,"column":null}},"8":{"start":{"line":18,"column":4},"end":{"line":20,"column":null}},"9":{"start":{"line":19,"column":6},"end":{"line":19,"column":null}},"10":{"start":{"line":23,"column":23},"end":{"line":39,"column":null}},"11":{"start":{"line":24,"column":4},"end":{"line":24,"column":null}},"12":{"start":{"line":25,"column":4},"end":{"line":25,"column":null}},"13":{"start":{"line":26,"column":4},"end":{"line":26,"column":null}},"14":{"start":{"line":28,"column":4},"end":{"line":38,"column":null}},"15":{"start":{"line":29,"column":23},"end":{"line":29,"column":null}},"16":{"start":{"line":30,"column":6},"end":{"line":30,"column":null}},"17":{"start":{"line":31,"column":6},"end":{"line":31,"column":null}},"18":{"start":{"line":33,"column":22},"end":{"line":33,"column":null}},"19":{"start":{"line":34,"column":6},"end":{"line":34,"column":null}},"20":{"start":{"line":35,"column":6},"end":{"line":35,"column":null}},"21":{"start":{"line":37,"column":6},"end":{"line":37,"column":null}},"22":{"start":{"line":41,"column":2},"end":{"line":83,"column":null}},"23":{"start":{"line":56,"column":31},"end":{"line":56,"column":null}},"24":{"start":{"line":66,"column":31},"end":{"line":66,"column":null}}},"fnMap":{"0":{"name":"LoginPage","decl":{"start":{"line":7,"column":16},"end":{"line":7,"column":28}},"loc":{"start":{"line":7,"column":28},"end":{"line":85,"column":null}},"line":7},"1":{"name":"(anonymous_1)","decl":{"start":{"line":17,"column":12},"end":{"line":17,"column":18}},"loc":{"start":{"line":17,"column":18},"end":{"line":21,"column":5}},"line":17},"2":{"name":"(anonymous_2)","decl":{"start":{"line":23,"column":23},"end":{"line":23,"column":30}},"loc":{"start":{"line":23,"column":53},"end":{"line":39,"column":null}},"line":23},"3":{"name":"(anonymous_3)","decl":{"start":{"line":56,"column":24},"end":{"line":56,"column":25}},"loc":{"start":{"line":56,"column":31},"end":{"line":56,"column":null}},"line":56},"4":{"name":"(anonymous_4)","decl":{"start":{"line":66,"column":24},"end":{"line":66,"column":25}},"loc":{"start":{"line":66,"column":31},"end":{"line":66,"column":null}},"line":66}},"branchMap":{"0":{"loc":{"start":{"line":18,"column":4},"end":{"line":20,"column":null}},"type":"if","locations":[{"start":{"line":18,"column":4},"end":{"line":20,"column":null}},{"start":{},"end":{}}],"line":18},"1":{"loc":{"start":{"line":33,"column":22},"end":{"line":33,"column":null}},"type":"cond-expr","locations":[{"start":{"line":33,"column":45},"end":{"line":33,"column":59}},{"start":{"line":33,"column":59},"end":{"line":33,"column":null}}],"line":33}},"s":{"0":75,"1":75,"2":75,"3":75,"4":75,"5":75,"6":75,"7":75,"8":10,"9":4,"10":75,"11":5,"12":5,"13":5,"14":5,"15":5,"16":3,"17":3,"18":2,"19":2,"20":2,"21":5,"22":75,"23":22,"24":36},"f":{"0":75,"1":10,"2":5,"3":22,"4":36},"b":{"0":[4,6],"1":[2,0]},"meta":{"lastBranch":2,"lastFunction":5,"lastStatement":25,"seen":{"f:7:16:7:28":0,"s:8:8:8:Infinity":0,"s:9:20:9:Infinity":1,"s:10:45:10:Infinity":2,"s:12:30:12:Infinity":3,"s:13:30:13:Infinity":4,"s:14:32:14:Infinity":5,"s:15:24:15:Infinity":6,"s:17:2:21:Infinity":7,"f:17:12:17:18":1,"b:18:4:20:Infinity:undefined:undefined:undefined:undefined":0,"s:18:4:20:Infinity":8,"s:19:6:19:Infinity":9,"s:23:23:39:Infinity":10,"f:23:23:23:30":2,"s:24:4:24:Infinity":11,"s:25:4:25:Infinity":12,"s:26:4:26:Infinity":13,"s:28:4:38:Infinity":14,"s:29:23:29:Infinity":15,"s:30:6:30:Infinity":16,"s:31:6:31:Infinity":17,"s:33:22:33:Infinity":18,"b:33:45:33:59:33:59:33:Infinity":1,"s:34:6:34:Infinity":19,"s:35:6:35:Infinity":20,"s:37:6:37:Infinity":21,"s:41:2:83:Infinity":22,"f:56:24:56:25":3,"s:56:31:56:Infinity":23,"f:66:24:66:25":4,"s:66:31:66:Infinity":24}}}
,"/home/dan/dev-repos/taskflows/frontend/src/pages/LogsPage.tsx": {"path":"/home/dan/dev-repos/taskflows/frontend/src/pages/LogsPage.tsx","statementMap":{"0":{"start":{"line":7,"column":22},"end":{"line":7,"column":null}},"1":{"start":{"line":9,"column":2},"end":{"line":18,"column":null}},"2":{"start":{"line":10,"column":4},"end":{"line":16,"column":null}},"3":{"start":{"line":20,"column":2},"end":{"line":41,"column":null}}},"fnMap":{"0":{"name":"LogsPage","decl":{"start":{"line":6,"column":16},"end":{"line":6,"column":27}},"loc":{"start":{"line":6,"column":27},"end":{"line":43,"column":null}},"line":6}},"branchMap":{"0":{"loc":{"start":{"line":9,"column":2},"end":{"line":18,"column":null}},"type":"if","locations":[{"start":{"line":9,"column":2},"end":{"line":18,"column":null}},{"start":{},"end":{}}],"line":9}},"s":{"0":0,"1":0,"2":0,"3":0},"f":{"0":0},"b":{"0":[0,0]},"meta":{"lastBranch":1,"lastFunction":1,"lastStatement":4,"seen":{"f:6:16:6:27":0,"s:7:22:7:Infinity":0,"b:9:2:18:Infinity:undefined:undefined:undefined:undefined":0,"s:9:2:18:Infinity":1,"s:10:4:16:Infinity":2,"s:20:2:41:Infinity":3}}}
,"/home/dan/dev-repos/taskflows/frontend/src/stores/authStore.ts": {"path":"/home/dan/dev-repos/taskflows/frontend/src/stores/authStore.ts","statementMap":{"0":{"start":{"line":17,"column":13},"end":{"line":63,"column":null}},"1":{"start":{"line":19,"column":14},"end":{"line":60,"column":null}},"2":{"start":{"line":25,"column":28},"end":{"line":25,"column":null}},"3":{"start":{"line":26,"column":29},"end":{"line":26,"column":null}},"4":{"start":{"line":27,"column":8},"end":{"line":33,"column":null}},"5":{"start":{"line":28,"column":10},"end":{"line":32,"column":null}},"6":{"start":{"line":37,"column":8},"end":{"line":37,"column":null}},"7":{"start":{"line":38,"column":8},"end":{"line":38,"column":null}},"8":{"start":{"line":39,"column":8},"end":{"line":43,"column":null}},"9":{"start":{"line":47,"column":8},"end":{"line":47,"column":null}},"10":{"start":{"line":48,"column":8},"end":{"line":48,"column":null}},"11":{"start":{"line":49,"column":8},"end":{"line":53,"column":null}},"12":{"start":{"line":57,"column":8},"end":{"line":57,"column":null}},"13":{"start":{"line":58,"column":8},"end":{"line":58,"column":null}}},"fnMap":{"0":{"name":"(anonymous_0)","decl":{"start":{"line":19,"column":4},"end":{"line":19,"column":5}},"loc":{"start":{"line":19,"column":14},"end":{"line":60,"column":null}},"line":19},"1":{"name":"(anonymous_1)","decl":{"start":{"line":24,"column":18},"end":{"line":24,"column":24}},"loc":{"start":{"line":24,"column":24},"end":{"line":34,"column":null}},"line":24},"2":{"name":"(anonymous_2)","decl":{"start":{"line":36,"column":13},"end":{"line":36,"column":14}},"loc":{"start":{"line":36,"column":60},"end":{"line":44,"column":null}},"line":36},"3":{"name":"(anonymous_3)","decl":{"start":{"line":46,"column":14},"end":{"line":46,"column":20}},"loc":{"start":{"line":46,"column":20},"end":{"line":54,"column":null}},"line":46},"4":{"name":"(anonymous_4)","decl":{"start":{"line":56,"column":26},"end":{"line":56,"column":27}},"loc":{"start":{"line":56,"column":48},"end":{"line":59,"column":null}},"line":56}},"branchMap":{"0":{"loc":{"start":{"line":27,"column":8},"end":{"line":33,"column":null}},"type":"if","locations":[{"start":{"line":27,"column":8},"end":{"line":33,"column":null}},{"start":{},"end":{}}],"line":27},"1":{"loc":{"start":{"line":27,"column":12},"end":{"line":27,"column":41}},"type":"binary-expr","locations":[{"start":{"line":27,"column":12},"end":{"line":27,"column":27}},{"start":{"line":27,"column":27},"end":{"line":27,"column":41}}],"line":27}},"s":{"0":5,"1":5,"2":5,"3":5,"4":5,"5":2,"6":22,"7":22,"8":22,"9":6,"10":6,"11":6,"12":6,"13":6},"f":{"0":5,"1":5,"2":22,"3":6,"4":6},"b":{"0":[2,3],"1":[5,3]},"meta":{"lastBranch":2,"lastFunction":5,"lastStatement":14,"seen":{"s:17:13:63:Infinity":0,"f:19:4:19:5":0,"s:19:14:60:Infinity":1,"f:24:18:24:24":1,"s:25:28:25:Infinity":2,"s:26:29:26:Infinity":3,"b:27:8:33:Infinity:undefined:undefined:undefined:undefined":0,"s:27:8:33:Infinity":4,"b:27:12:27:27:27:27:27:41":1,"s:28:10:32:Infinity":5,"f:36:13:36:14":2,"s:37:8:37:Infinity":6,"s:38:8:38:Infinity":7,"s:39:8:43:Infinity":8,"f:46:14:46:20":3,"s:47:8:47:Infinity":9,"s:48:8:48:Infinity":10,"s:49:8:53:Infinity":11,"f:56:26:56:27":4,"s:57:8:57:Infinity":12,"s:58:8:58:Infinity":13}}}
,"/home/dan/dev-repos/taskflows/frontend/src/stores/index.ts": {"path":"/home/dan/dev-repos/taskflows/frontend/src/stores/index.ts","statementMap":{},"fnMap":{},"branchMap":{},"s":{},"f":{},"b":{},"meta":{"lastBranch":0,"lastFunction":0,"lastStatement":0,"seen":{}}}
,"/home/dan/dev-repos/taskflows/frontend/src/stores/serviceStore.ts": {"path":"/home/dan/dev-repos/taskflows/frontend/src/stores/serviceStore.ts","statementMap":{"0":{"start":{"line":16,"column":13},"end":{"line":48,"column":null}},"1":{"start":{"line":18,"column":14},"end":{"line":45,"column":null}},"2":{"start":{"line":23,"column":8},"end":{"line":31,"column":null}},"3":{"start":{"line":24,"column":30},"end":{"line":24,"column":null}},"4":{"start":{"line":25,"column":10},"end":{"line":29,"column":null}},"5":{"start":{"line":26,"column":12},"end":{"line":26,"column":null}},"6":{"start":{"line":28,"column":12},"end":{"line":28,"column":null}},"7":{"start":{"line":30,"column":10},"end":{"line":30,"column":null}},"8":{"start":{"line":35,"column":8},"end":{"line":35,"column":null}},"9":{"start":{"line":39,"column":8},"end":{"line":39,"column":null}},"10":{"start":{"line":43,"column":8},"end":{"line":43,"column":null}}},"fnMap":{"0":{"name":"(anonymous_0)","decl":{"start":{"line":18,"column":4},"end":{"line":18,"column":5}},"loc":{"start":{"line":18,"column":14},"end":{"line":45,"column":null}},"line":18},"1":{"name":"(anonymous_1)","decl":{"start":{"line":22,"column":23},"end":{"line":22,"column":24}},"loc":{"start":{"line":22,"column":48},"end":{"line":32,"column":null}},"line":22},"2":{"name":"(anonymous_2)","decl":{"start":{"line":23,"column":12},"end":{"line":23,"column":13}},"loc":{"start":{"line":23,"column":23},"end":{"line":31,"column":9}},"line":23},"3":{"name":"(anonymous_3)","decl":{"start":{"line":34,"column":17},"end":{"line":34,"column":18}},"loc":{"start":{"line":34,"column":45},"end":{"line":36,"column":null}},"line":34},"4":{"name":"(anonymous_4)","decl":{"start":{"line":38,"column":22},"end":{"line":38,"column":28}},"loc":{"start":{"line":38,"column":28},"end":{"line":40,"column":null}},"line":38},"5":{"name":"(anonymous_5)","decl":{"start":{"line":42,"column":22},"end":{"line":42,"column":23}},"loc":{"start":{"line":42,"column":41},"end":{"line":44,"column":null}},"line":42}},"branchMap":{"0":{"loc":{"start":{"line":25,"column":10},"end":{"line":29,"column":null}},"type":"if","locations":[{"start":{"line":25,"column":10},"end":{"line":29,"column":null}},{"start":{"line":27,"column":17},"end":{"line":29,"column":null}}],"line":25}},"s":{"0":0,"1":0,"2":0,"3":0,"4":0,"5":0,"6":0,"7":0,"8":0,"9":0,"10":0},"f":{"0":0,"1":0,"2":0,"3":0,"4":0,"5":0},"b":{"0":[0,0]},"meta":{"lastBranch":1,"lastFunction":6,"lastStatement":11,"seen":{"s:16:13:48:Infinity":0,"f:18:4:18:5":0,"s:18:14:45:Infinity":1,"f:22:23:22:24":1,"s:23:8:31:Infinity":2,"f:23:12:23:13":2,"s:24:30:24:Infinity":3,"b:25:10:29:Infinity:27:17:29:Infinity":0,"s:25:10:29:Infinity":4,"s:26:12:26:Infinity":5,"s:28:12:28:Infinity":6,"s:30:10:30:Infinity":7,"f:34:17:34:18":3,"s:35:8:35:Infinity":8,"f:38:22:38:28":4,"s:39:8:39:Infinity":9,"f:42:22:42:23":5,"s:43:8:43:Infinity":10}}}
,"/home/dan/dev-repos/taskflows/frontend/src/types/auth.ts": {"path":"/home/dan/dev-repos/taskflows/frontend/src/types/auth.ts","statementMap":{},"fnMap":{},"branchMap":{},"s":{},"f":{},"b":{},"meta":{"lastBranch":0,"lastFunction":0,"lastStatement":0,"seen":{}}}
,"/home/dan/dev-repos/taskflows/frontend/src/types/environment.ts": {"path":"/home/dan/dev-repos/taskflows/frontend/src/types/environment.ts","statementMap":{},"fnMap":{},"branchMap":{},"s":{},"f":{},"b":{},"meta":{"lastBranch":0,"lastFunction":0,"lastStatement":0,"seen":{}}}
,"/home/dan/dev-repos/taskflows/frontend/src/types/index.ts": {"path":"/home/dan/dev-repos/taskflows/frontend/src/types/index.ts","statementMap":{},"fnMap":{},"branchMap":{},"s":{},"f":{},"b":{},"meta":{"lastBranch":0,"lastFunction":0,"lastStatement":0,"seen":{}}}
,"/home/dan/dev-repos/taskflows/frontend/src/types/service.ts": {"path":"/home/dan/dev-repos/taskflows/frontend/src/types/service.ts","statementMap":{},"fnMap":{},"branchMap":{},"s":{},"f":{},"b":{},"meta":{"lastBranch":0,"lastFunction":0,"lastStatement":0,"seen":{}}}
}
