{"/home/dan/repos/personal/taskflows/frontend/src/App.tsx": {"path":"/home/dan/repos/personal/taskflows/frontend/src/App.tsx","statementMap":{"0":{"start":{"line":18,"column":8},"end":{"line":18,"column":null}},"1":{"start":{"line":18,"column":50},"end":{"line":18,"column":71}},"2":{"start":{"line":19,"column":8},"end":{"line":19,"column":null}},"3":{"start":{"line":19,"column":48},"end":{"line":19,"column":67}},"4":{"start":{"line":22,"column":2},"end":{"line":24,"column":null}},"5":{"start":{"line":23,"column":4},"end":{"line":23,"column":null}},"6":{"start":{"line":26,"column":2},"end":{"line":28,"column":null}},"7":{"start":{"line":27,"column":4},"end":{"line":27,"column":null}},"8":{"start":{"line":30,"column":2},"end":{"line":30,"column":null}},"9":{"start":{"line":34,"column":8},"end":{"line":34,"column":null}},"10":{"start":{"line":34,"column":45},"end":{"line":34,"column":61}},"11":{"start":{"line":35,"column":8},"end":{"line":35,"column":null}},"12":{"start":{"line":35,"column":48},"end":{"line":35,"column":67}},"13":{"start":{"line":38,"column":2},"end":{"line":38,"column":null}},"14":{"start":{"line":40,"column":2},"end":{"line":42,"column":null}},"15":{"start":{"line":41,"column":4},"end":{"line":41,"column":null}},"16":{"start":{"line":45,"column":2},"end":{"line":47,"column":null}},"17":{"start":{"line":46,"column":4},"end":{"line":46,"column":null}},"18":{"start":{"line":49,"column":2},"end":{"line":74,"column":null}}},"fnMap":{"0":{"name":"ProtectedRoute","decl":{"start":{"line":17,"column":9},"end":{"line":17,"column":26}},"loc":{"start":{"line":17,"column":26},"end":{"line":31,"column":null}},"line":17},"1":{"name":"(anonymous_1)","decl":{"start":{"line":18,"column":39},"end":{"line":18,"column":40}},"loc":{"start":{"line":18,"column":50},"end":{"line":18,"column":71}},"line":18},"2":{"name":"(anonymous_2)","decl":{"start":{"line":19,"column":37},"end":{"line":19,"column":38}},"loc":{"start":{"line":19,"column":48},"end":{"line":19,"column":67}},"line":19},"3":{"name":"App","decl":{"start":{"line":33,"column":9},"end":{"line":33,"column":15}},"loc":{"start":{"line":33,"column":15},"end":{"line":76,"column":null}},"line":33},"4":{"name":"(anonymous_4)","decl":{"start":{"line":34,"column":34},"end":{"line":34,"column":35}},"loc":{"start":{"line":34,"column":45},"end":{"line":34,"column":61}},"line":34},"5":{"name":"(anonymous_5)","decl":{"start":{"line":35,"column":37},"end":{"line":35,"column":38}},"loc":{"start":{"line":35,"column":48},"end":{"line":35,"column":67}},"line":35},"6":{"name":"(anonymous_6)","decl":{"start":{"line":40,"column":12},"end":{"line":40,"column":18}},"loc":{"start":{"line":40,"column":18},"end":{"line":42,"column":5}},"line":40}},"branchMap":{"0":{"loc":{"start":{"line":22,"column":2},"end":{"line":24,"column":null}},"type":"if","locations":[{"start":{"line":22,"column":2},"end":{"line":24,"column":null}},{"start":{},"end":{}}],"line":22},"1":{"loc":{"start":{"line":26,"column":2},"end":{"line":28,"column":null}},"type":"if","locations":[{"start":{"line":26,"column":2},"end":{"line":28,"column":null}},{"start":{},"end":{}}],"line":26},"2":{"loc":{"start":{"line":45,"column":2},"end":{"line":47,"column":null}},"type":"if","locations":[{"start":{"line":45,"column":2},"end":{"line":47,"column":null}},{"start":{},"end":{}}],"line":45}},"s":{"0":0,"1":0,"2":0,"3":0,"4":0,"5":0,"6":0,"7":0,"8":0,"9":0,"10":0,"11":0,"12":0,"13":0,"14":0,"15":0,"16":0,"17":0,"18":0},"f":{"0":0,"1":0,"2":0,"3":0,"4":0,"5":0,"6":0},"b":{"0":[0,0],"1":[0,0],"2":[0,0]},"meta":{"lastBranch":3,"lastFunction":7,"lastStatement":19,"seen":{"f:17:9:17:26":0,"s:18:8:18:Infinity":0,"f:18:39:18:40":1,"s:18:50:18:71":1,"s:19:8:19:Infinity":2,"f:19:37:19:38":2,"s:19:48:19:67":3,"b:22:2:24:Infinity:undefined:undefined:undefined:undefined":0,"s:22:2:24:Infinity":4,"s:23:4:23:Infinity":5,"b:26:2:28:Infinity:undefined:undefined:undefined:undefined":1,"s:26:2:28:Infinity":6,"s:27:4:27:Infinity":7,"s:30:2:30:Infinity":8,"f:33:9:33:15":3,"s:34:8:34:Infinity":9,"f:34:34:34:35":4,"s:34:45:34:61":10,"s:35:8:35:Infinity":11,"f:35:37:35:38":5,"s:35:48:35:67":12,"s:38:2:38:Infinity":13,"s:40:2:42:Infinity":14,"f:40:12:40:18":6,"s:41:4:41:Infinity":15,"b:45:2:47:Infinity:undefined:undefined:undefined:undefined":2,"s:45:2:47:Infinity":16,"s:46:4:46:Infinity":17,"s:49:2:74:Infinity":18},"fnNames":{}}}
,"/home/dan/repos/personal/taskflows/frontend/src/api/client.ts": {"path":"/home/dan/repos/personal/taskflows/frontend/src/api/client.ts","statementMap":{"0":{"start":{"line":6,"column":52},"end":{"line":6,"column":null}},"1":{"start":{"line":12,"column":2},"end":{"line":14,"column":null}},"2":{"start":{"line":13,"column":4},"end":{"line":13,"column":null}},"3":{"start":{"line":16,"column":23},"end":{"line":16,"column":null}},"4":{"start":{"line":17,"column":2},"end":{"line":17,"column":null}},"5":{"start":{"line":17,"column":21},"end":{"line":17,"column":null}},"6":{"start":{"line":20,"column":2},"end":{"line":38,"column":null}},"7":{"start":{"line":21,"column":4},"end":{"line":35,"column":null}},"8":{"start":{"line":22,"column":23},"end":{"line":26,"column":null}},"9":{"start":{"line":28,"column":6},"end":{"line":32,"column":null}},"10":{"start":{"line":29,"column":22},"end":{"line":29,"column":null}},"11":{"start":{"line":30,"column":8},"end":{"line":30,"column":null}},"12":{"start":{"line":31,"column":8},"end":{"line":31,"column":null}},"13":{"start":{"line":34,"column":6},"end":{"line":34,"column":null}},"14":{"start":{"line":37,"column":4},"end":{"line":37,"column":null}},"15":{"start":{"line":40,"column":2},"end":{"line":45,"column":null}},"16":{"start":{"line":41,"column":4},"end":{"line":41,"column":null}},"17":{"start":{"line":44,"column":4},"end":{"line":44,"column":null}},"18":{"start":{"line":51,"column":16},"end":{"line":51,"column":null}},"19":{"start":{"line":52,"column":20},"end":{"line":52,"column":null}},"20":{"start":{"line":55,"column":18},"end":{"line":55,"column":null}},"21":{"start":{"line":56,"column":2},"end":{"line":58,"column":null}},"22":{"start":{"line":57,"column":4},"end":{"line":57,"column":null}},"23":{"start":{"line":59,"column":8},"end":{"line":59,"column":null}},"24":{"start":{"line":60,"column":2},"end":{"line":62,"column":null}},"25":{"start":{"line":61,"column":4},"end":{"line":61,"column":null}},"26":{"start":{"line":65,"column":19},"end":{"line":65,"column":null}},"27":{"start":{"line":68,"column":2},"end":{"line":84,"column":null}},"28":{"start":{"line":69,"column":21},"end":{"line":69,"column":null}},"29":{"start":{"line":70,"column":4},"end":{"line":83,"column":null}},"30":{"start":{"line":72,"column":27},"end":{"line":72,"column":null}},"31":{"start":{"line":73,"column":6},"end":{"line":73,"column":null}},"32":{"start":{"line":74,"column":28},"end":{"line":74,"column":null}},"33":{"start":{"line":75,"column":6},"end":{"line":77,"column":null}},"34":{"start":{"line":76,"column":8},"end":{"line":76,"column":null}},"35":{"start":{"line":78,"column":6},"end":{"line":78,"column":null}},"36":{"start":{"line":81,"column":6},"end":{"line":81,"column":null}},"37":{"start":{"line":82,"column":6},"end":{"line":82,"column":null}},"38":{"start":{"line":86,"column":2},"end":{"line":86,"column":null}},"39":{"start":{"line":91,"column":19},"end":{"line":95,"column":null}},"40":{"start":{"line":97,"column":2},"end":{"line":100,"column":null}},"41":{"start":{"line":98,"column":18},"end":{"line":98,"column":null}},"42":{"start":{"line":99,"column":4},"end":{"line":99,"column":null}},"43":{"start":{"line":102,"column":2},"end":{"line":102,"column":null}},"44":{"start":{"line":106,"column":16},"end":{"line":106,"column":null}},"45":{"start":{"line":107,"column":23},"end":{"line":107,"column":null}},"46":{"start":{"line":108,"column":20},"end":{"line":108,"column":null}},"47":{"start":{"line":109,"column":2},"end":{"line":121,"column":null}},"48":{"start":{"line":110,"column":4},"end":{"line":118,"column":null}},"49":{"start":{"line":120,"column":4},"end":{"line":120,"column":null}},"50":{"start":{"line":126,"column":19},"end":{"line":126,"column":null}},"51":{"start":{"line":128,"column":2},"end":{"line":128,"column":null}},"52":{"start":{"line":128,"column":20},"end":{"line":128,"column":null}},"53":{"start":{"line":129,"column":2},"end":{"line":129,"column":null}},"54":{"start":{"line":133,"column":19},"end":{"line":136,"column":null}},"55":{"start":{"line":138,"column":2},"end":{"line":138,"column":null}},"56":{"start":{"line":138,"column":20},"end":{"line":138,"column":null}},"57":{"start":{"line":139,"column":2},"end":{"line":139,"column":null}},"58":{"start":{"line":143,"column":19},"end":{"line":146,"column":null}},"59":{"start":{"line":148,"column":2},"end":{"line":148,"column":null}},"60":{"start":{"line":148,"column":20},"end":{"line":148,"column":null}},"61":{"start":{"line":149,"column":2},"end":{"line":149,"column":null}},"62":{"start":{"line":153,"column":19},"end":{"line":156,"column":null}},"63":{"start":{"line":158,"column":2},"end":{"line":158,"column":null}},"64":{"start":{"line":158,"column":20},"end":{"line":158,"column":null}},"65":{"start":{"line":159,"column":2},"end":{"line":159,"column":null}},"66":{"start":{"line":163,"column":19},"end":{"line":166,"column":null}},"67":{"start":{"line":168,"column":2},"end":{"line":168,"column":null}},"68":{"start":{"line":168,"column":20},"end":{"line":168,"column":null}},"69":{"start":{"line":169,"column":2},"end":{"line":169,"column":null}},"70":{"start":{"line":173,"column":19},"end":{"line":175,"column":null}},"71":{"start":{"line":177,"column":2},"end":{"line":177,"column":null}},"72":{"start":{"line":177,"column":20},"end":{"line":177,"column":null}},"73":{"start":{"line":178,"column":2},"end":{"line":178,"column":null}},"74":{"start":{"line":182,"column":19},"end":{"line":182,"column":null}},"75":{"start":{"line":183,"column":2},"end":{"line":183,"column":null}},"76":{"start":{"line":184,"column":2},"end":{"line":184,"column":null}},"77":{"start":{"line":184,"column":12},"end":{"line":184,"column":null}},"78":{"start":{"line":185,"column":2},"end":{"line":185,"column":null}},"79":{"start":{"line":185,"column":15},"end":{"line":185,"column":null}},"80":{"start":{"line":186,"column":2},"end":{"line":186,"column":null}},"81":{"start":{"line":186,"column":15},"end":{"line":186,"column":null}},"82":{"start":{"line":188,"column":19},"end":{"line":191,"column":null}},"83":{"start":{"line":193,"column":2},"end":{"line":193,"column":null}},"84":{"start":{"line":193,"column":20},"end":{"line":193,"column":null}},"85":{"start":{"line":194,"column":2},"end":{"line":194,"column":null}},"86":{"start":{"line":198,"column":19},"end":{"line":198,"column":null}},"87":{"start":{"line":200,"column":2},"end":{"line":200,"column":null}},"88":{"start":{"line":200,"column":20},"end":{"line":200,"column":null}},"89":{"start":{"line":201,"column":2},"end":{"line":201,"column":null}},"90":{"start":{"line":205,"column":19},"end":{"line":209,"column":null}},"91":{"start":{"line":211,"column":2},"end":{"line":211,"column":null}},"92":{"start":{"line":211,"column":20},"end":{"line":211,"column":null}},"93":{"start":{"line":212,"column":2},"end":{"line":212,"column":null}},"94":{"start":{"line":216,"column":19},"end":{"line":218,"column":null}},"95":{"start":{"line":220,"column":2},"end":{"line":220,"column":null}},"96":{"start":{"line":220,"column":20},"end":{"line":220,"column":null}},"97":{"start":{"line":221,"column":2},"end":{"line":221,"column":null}},"98":{"start":{"line":226,"column":19},"end":{"line":226,"column":null}},"99":{"start":{"line":228,"column":2},"end":{"line":228,"column":null}},"100":{"start":{"line":228,"column":20},"end":{"line":228,"column":null}},"101":{"start":{"line":229,"column":2},"end":{"line":229,"column":null}},"102":{"start":{"line":233,"column":19},"end":{"line":233,"column":null}},"103":{"start":{"line":235,"column":2},"end":{"line":235,"column":null}},"104":{"start":{"line":235,"column":20},"end":{"line":235,"column":null}},"105":{"start":{"line":236,"column":2},"end":{"line":236,"column":null}},"106":{"start":{"line":240,"column":19},"end":{"line":244,"column":null}},"107":{"start":{"line":246,"column":2},"end":{"line":246,"column":null}},"108":{"start":{"line":246,"column":20},"end":{"line":246,"column":null}},"109":{"start":{"line":247,"column":2},"end":{"line":247,"column":null}},"110":{"start":{"line":251,"column":19},"end":{"line":255,"column":null}},"111":{"start":{"line":257,"column":2},"end":{"line":257,"column":null}},"112":{"start":{"line":257,"column":20},"end":{"line":257,"column":null}},"113":{"start":{"line":258,"column":2},"end":{"line":258,"column":null}},"114":{"start":{"line":262,"column":19},"end":{"line":264,"column":null}},"115":{"start":{"line":266,"column":2},"end":{"line":266,"column":null}},"116":{"start":{"line":266,"column":20},"end":{"line":266,"column":null}}},"fnMap":{"0":{"name":"refreshAccessToken","decl":{"start":{"line":10,"column":15},"end":{"line":10,"column":60}},"loc":{"start":{"line":10,"column":60},"end":{"line":46,"column":null}},"line":10},"1":{"name":"(anonymous_1)","decl":{"start":{"line":20,"column":20},"end":{"line":20,"column":32}},"loc":{"start":{"line":20,"column":32},"end":{"line":38,"column":5}},"line":20},"2":{"name":"fetchWithAuth","decl":{"start":{"line":50,"column":15},"end":{"line":50,"column":29}},"loc":{"start":{"line":50,"column":94},"end":{"line":87,"column":null}},"line":50},"3":{"name":"login","decl":{"start":{"line":90,"column":22},"end":{"line":90,"column":28}},"loc":{"start":{"line":90,"column":88},"end":{"line":103,"column":null}},"line":90},"4":{"name":"logout","decl":{"start":{"line":105,"column":22},"end":{"line":105,"column":46}},"loc":{"start":{"line":105,"column":46},"end":{"line":122,"column":null}},"line":105},"5":{"name":"getServices","decl":{"start":{"line":125,"column":22},"end":{"line":125,"column":36}},"loc":{"start":{"line":125,"column":36},"end":{"line":130,"column":null}},"line":125},"6":{"name":"serviceAction","decl":{"start":{"line":132,"column":22},"end":{"line":132,"column":36}},"loc":{"start":{"line":132,"column":95},"end":{"line":140,"column":null}},"line":132},"7":{"name":"enableService","decl":{"start":{"line":142,"column":22},"end":{"line":142,"column":36}},"loc":{"start":{"line":142,"column":51},"end":{"line":150,"column":null}},"line":142},"8":{"name":"disableService","decl":{"start":{"line":152,"column":22},"end":{"line":152,"column":37}},"loc":{"start":{"line":152,"column":52},"end":{"line":160,"column":null}},"line":152},"9":{"name":"removeService","decl":{"start":{"line":162,"column":22},"end":{"line":162,"column":36}},"loc":{"start":{"line":162,"column":51},"end":{"line":170,"column":null}},"line":162},"10":{"name":"showService","decl":{"start":{"line":172,"column":22},"end":{"line":172,"column":34}},"loc":{"start":{"line":172,"column":49},"end":{"line":179,"column":null}},"line":172},"11":{"name":"createService","decl":{"start":{"line":181,"column":22},"end":{"line":181,"column":36}},"loc":{"start":{"line":181,"column":99},"end":{"line":195,"column":null}},"line":181},"12":{"name":"getServers","decl":{"start":{"line":197,"column":22},"end":{"line":197,"column":35}},"loc":{"start":{"line":197,"column":35},"end":{"line":202,"column":null}},"line":197},"13":{"name":"batchAction","decl":{"start":{"line":204,"column":22},"end":{"line":204,"column":34}},"loc":{"start":{"line":204,"column":133},"end":{"line":213,"column":null}},"line":204},"14":{"name":"getLogs","decl":{"start":{"line":215,"column":22},"end":{"line":215,"column":30}},"loc":{"start":{"line":215,"column":74},"end":{"line":222,"column":null}},"line":215},"15":{"name":"getEnvironments","decl":{"start":{"line":225,"column":22},"end":{"line":225,"column":40}},"loc":{"start":{"line":225,"column":40},"end":{"line":230,"column":null}},"line":225},"16":{"name":"getEnvironment","decl":{"start":{"line":232,"column":22},"end":{"line":232,"column":37}},"loc":{"start":{"line":232,"column":51},"end":{"line":237,"column":null}},"line":232},"17":{"name":"createEnvironment","decl":{"start":{"line":239,"column":22},"end":{"line":239,"column":40}},"loc":{"start":{"line":239,"column":71},"end":{"line":248,"column":null}},"line":239},"18":{"name":"updateEnvironment","decl":{"start":{"line":250,"column":22},"end":{"line":250,"column":40}},"loc":{"start":{"line":250,"column":85},"end":{"line":259,"column":null}},"line":250},"19":{"name":"deleteEnvironment","decl":{"start":{"line":261,"column":22},"end":{"line":261,"column":40}},"loc":{"start":{"line":261,"column":69},"end":{"line":267,"column":null}},"line":261}},"branchMap":{"0":{"loc":{"start":{"line":12,"column":2},"end":{"line":14,"column":null}},"type":"if","locations":[{"start":{"line":12,"column":2},"end":{"line":14,"column":null}},{"start":{},"end":{}}],"line":12},"1":{"loc":{"start":{"line":17,"column":2},"end":{"line":17,"column":null}},"type":"if","locations":[{"start":{"line":17,"column":2},"end":{"line":17,"column":null}},{"start":{},"end":{}}],"line":17},"2":{"loc":{"start":{"line":28,"column":6},"end":{"line":32,"column":null}},"type":"if","locations":[{"start":{"line":28,"column":6},"end":{"line":32,"column":null}},{"start":{},"end":{}}],"line":28},"3":{"loc":{"start":{"line":56,"column":2},"end":{"line":58,"column":null}},"type":"if","locations":[{"start":{"line":56,"column":2},"end":{"line":58,"column":null}},{"start":{},"end":{}}],"line":56},"4":{"loc":{"start":{"line":59,"column":18},"end":{"line":59,"column":41}},"type":"binary-expr","locations":[{"start":{"line":59,"column":18},"end":{"line":59,"column":34}},{"start":{"line":59,"column":34},"end":{"line":59,"column":41}}],"line":59},"5":{"loc":{"start":{"line":60,"column":2},"end":{"line":62,"column":null}},"type":"if","locations":[{"start":{"line":60,"column":2},"end":{"line":62,"column":null}},{"start":{},"end":{}}],"line":60},"6":{"loc":{"start":{"line":60,"column":6},"end":{"line":60,"column":65}},"type":"binary-expr","locations":[{"start":{"line":60,"column":6},"end":{"line":60,"column":19}},{"start":{"line":60,"column":19},"end":{"line":60,"column":65}}],"line":60},"7":{"loc":{"start":{"line":68,"column":2},"end":{"line":84,"column":null}},"type":"if","locations":[{"start":{"line":68,"column":2},"end":{"line":84,"column":null}},{"start":{},"end":{}}],"line":68},"8":{"loc":{"start":{"line":70,"column":4},"end":{"line":83,"column":null}},"type":"if","locations":[{"start":{"line":70,"column":4},"end":{"line":83,"column":null}},{"start":{"line":79,"column":11},"end":{"line":83,"column":null}}],"line":70},"9":{"loc":{"start":{"line":75,"column":6},"end":{"line":77,"column":null}},"type":"if","locations":[{"start":{"line":75,"column":6},"end":{"line":77,"column":null}},{"start":{},"end":{}}],"line":75},"10":{"loc":{"start":{"line":75,"column":10},"end":{"line":75,"column":73}},"type":"binary-expr","locations":[{"start":{"line":75,"column":10},"end":{"line":75,"column":27}},{"start":{"line":75,"column":27},"end":{"line":75,"column":73}}],"line":75},"11":{"loc":{"start":{"line":97,"column":2},"end":{"line":100,"column":null}},"type":"if","locations":[{"start":{"line":97,"column":2},"end":{"line":100,"column":null}},{"start":{},"end":{}}],"line":97},"12":{"loc":{"start":{"line":99,"column":20},"end":{"line":99,"column":43}},"type":"binary-expr","locations":[{"start":{"line":99,"column":20},"end":{"line":99,"column":29}},{"start":{"line":99,"column":29},"end":{"line":99,"column":43}}],"line":99},"13":{"loc":{"start":{"line":114,"column":12},"end":{"line":114,"column":null}},"type":"cond-expr","locations":[{"start":{"line":114,"column":20},"end":{"line":114,"column":59}},{"start":{"line":114,"column":59},"end":{"line":114,"column":null}}],"line":114},"14":{"loc":{"start":{"line":115,"column":12},"end":{"line":115,"column":null}},"type":"cond-expr","locations":[{"start":{"line":115,"column":24},"end":{"line":115,"column":56}},{"start":{"line":115,"column":56},"end":{"line":115,"column":null}}],"line":115},"15":{"loc":{"start":{"line":128,"column":2},"end":{"line":128,"column":null}},"type":"if","locations":[{"start":{"line":128,"column":2},"end":{"line":128,"column":null}},{"start":{},"end":{}}],"line":128},"16":{"loc":{"start":{"line":138,"column":2},"end":{"line":138,"column":null}},"type":"if","locations":[{"start":{"line":138,"column":2},"end":{"line":138,"column":null}},{"start":{},"end":{}}],"line":138},"17":{"loc":{"start":{"line":148,"column":2},"end":{"line":148,"column":null}},"type":"if","locations":[{"start":{"line":148,"column":2},"end":{"line":148,"column":null}},{"start":{},"end":{}}],"line":148},"18":{"loc":{"start":{"line":158,"column":2},"end":{"line":158,"column":null}},"type":"if","locations":[{"start":{"line":158,"column":2},"end":{"line":158,"column":null}},{"start":{},"end":{}}],"line":158},"19":{"loc":{"start":{"line":168,"column":2},"end":{"line":168,"column":null}},"type":"if","locations":[{"start":{"line":168,"column":2},"end":{"line":168,"column":null}},{"start":{},"end":{}}],"line":168},"20":{"loc":{"start":{"line":177,"column":2},"end":{"line":177,"column":null}},"type":"if","locations":[{"start":{"line":177,"column":2},"end":{"line":177,"column":null}},{"start":{},"end":{}}],"line":177},"21":{"loc":{"start":{"line":184,"column":2},"end":{"line":184,"column":null}},"type":"if","locations":[{"start":{"line":184,"column":2},"end":{"line":184,"column":null}},{"start":{},"end":{}}],"line":184},"22":{"loc":{"start":{"line":185,"column":2},"end":{"line":185,"column":null}},"type":"if","locations":[{"start":{"line":185,"column":2},"end":{"line":185,"column":null}},{"start":{},"end":{}}],"line":185},"23":{"loc":{"start":{"line":186,"column":2},"end":{"line":186,"column":null}},"type":"if","locations":[{"start":{"line":186,"column":2},"end":{"line":186,"column":null}},{"start":{},"end":{}}],"line":186},"24":{"loc":{"start":{"line":193,"column":2},"end":{"line":193,"column":null}},"type":"if","locations":[{"start":{"line":193,"column":2},"end":{"line":193,"column":null}},{"start":{},"end":{}}],"line":193},"25":{"loc":{"start":{"line":200,"column":2},"end":{"line":200,"column":null}},"type":"if","locations":[{"start":{"line":200,"column":2},"end":{"line":200,"column":null}},{"start":{},"end":{}}],"line":200},"26":{"loc":{"start":{"line":211,"column":2},"end":{"line":211,"column":null}},"type":"if","locations":[{"start":{"line":211,"column":2},"end":{"line":211,"column":null}},{"start":{},"end":{}}],"line":211},"27":{"loc":{"start":{"line":215,"column":51},"end":{"line":215,"column":74}},"type":"default-arg","locations":[{"start":{"line":215,"column":68},"end":{"line":215,"column":74}}],"line":215},"28":{"loc":{"start":{"line":220,"column":2},"end":{"line":220,"column":null}},"type":"if","locations":[{"start":{"line":220,"column":2},"end":{"line":220,"column":null}},{"start":{},"end":{}}],"line":220},"29":{"loc":{"start":{"line":228,"column":2},"end":{"line":228,"column":null}},"type":"if","locations":[{"start":{"line":228,"column":2},"end":{"line":228,"column":null}},{"start":{},"end":{}}],"line":228},"30":{"loc":{"start":{"line":235,"column":2},"end":{"line":235,"column":null}},"type":"if","locations":[{"start":{"line":235,"column":2},"end":{"line":235,"column":null}},{"start":{},"end":{}}],"line":235},"31":{"loc":{"start":{"line":246,"column":2},"end":{"line":246,"column":null}},"type":"if","locations":[{"start":{"line":246,"column":2},"end":{"line":246,"column":null}},{"start":{},"end":{}}],"line":246},"32":{"loc":{"start":{"line":257,"column":2},"end":{"line":257,"column":null}},"type":"if","locations":[{"start":{"line":257,"column":2},"end":{"line":257,"column":null}},{"start":{},"end":{}}],"line":257},"33":{"loc":{"start":{"line":266,"column":2},"end":{"line":266,"column":null}},"type":"if","locations":[{"start":{"line":266,"column":2},"end":{"line":266,"column":null}},{"start":{},"end":{}}],"line":266}},"s":{"0":4,"1":11,"2":0,"3":11,"4":11,"5":0,"6":11,"7":11,"8":11,"9":11,"10":9,"11":9,"12":9,"13":0,"14":2,"15":11,"16":11,"17":11,"18":38,"19":38,"20":38,"21":38,"22":37,"23":38,"24":38,"25":0,"26":38,"27":37,"28":11,"29":11,"30":9,"31":9,"32":9,"33":9,"34":0,"35":9,"36":2,"37":2,"38":26,"39":9,"40":8,"41":4,"42":4,"43":4,"44":3,"45":3,"46":3,"47":3,"48":3,"49":3,"50":12,"51":9,"52":2,"53":7,"54":5,"55":5,"56":1,"57":4,"58":1,"59":1,"60":0,"61":1,"62":1,"63":1,"64":0,"65":1,"66":1,"67":1,"68":0,"69":1,"70":1,"71":1,"72":0,"73":1,"74":0,"75":0,"76":0,"77":0,"78":0,"79":0,"80":0,"81":0,"82":0,"83":0,"84":0,"85":0,"86":1,"87":1,"88":0,"89":1,"90":6,"91":6,"92":1,"93":5,"94":0,"95":0,"96":0,"97":0,"98":2,"99":2,"100":1,"101":1,"102":2,"103":2,"104":1,"105":1,"106":2,"107":2,"108":1,"109":1,"110":2,"111":2,"112":1,"113":1,"114":2,"115":2,"116":1},"f":{"0":11,"1":11,"2":38,"3":9,"4":3,"5":12,"6":5,"7":1,"8":1,"9":1,"10":1,"11":0,"12":1,"13":6,"14":0,"15":2,"16":2,"17":2,"18":2,"19":2},"b":{"0":[0,11],"1":[0,11],"2":[9,2],"3":[37,1],"4":[38,18],"5":[0,38],"6":[38,0],"7":[11,26],"8":[9,2],"9":[0,9],"10":[9,0],"11":[4,4],"12":[4,0],"13":[2,1],"14":[0,3],"15":[2,7],"16":[1,4],"17":[0,1],"18":[0,1],"19":[0,1],"20":[0,1],"21":[0,0],"22":[0,0],"23":[0,0],"24":[0,0],"25":[0,1],"26":[1,5],"27":[0],"28":[0,0],"29":[1,1],"30":[1,1],"31":[1,1],"32":[1,1],"33":[1,1]},"meta":{"lastBranch":34,"lastFunction":20,"lastStatement":117,"seen":{"s:6:52:6:Infinity":0,"f:10:15:10:60":0,"b:12:2:14:Infinity:undefined:undefined:undefined:undefined":0,"s:12:2:14:Infinity":1,"s:13:4:13:Infinity":2,"s:16:23:16:Infinity":3,"b:17:2:17:Infinity:undefined:undefined:undefined:undefined":1,"s:17:2:17:Infinity":4,"s:17:21:17:Infinity":5,"s:20:2:38:Infinity":6,"f:20:20:20:32":1,"s:21:4:35:Infinity":7,"s:22:23:26:Infinity":8,"b:28:6:32:Infinity:undefined:undefined:undefined:undefined":2,"s:28:6:32:Infinity":9,"s:29:22:29:Infinity":10,"s:30:8:30:Infinity":11,"s:31:8:31:Infinity":12,"s:34:6:34:Infinity":13,"s:37:4:37:Infinity":14,"s:40:2:45:Infinity":15,"s:41:4:41:Infinity":16,"s:44:4:44:Infinity":17,"f:50:15:50:29":2,"s:51:16:51:Infinity":18,"s:52:20:52:Infinity":19,"s:55:18:55:Infinity":20,"b:56:2:58:Infinity:undefined:undefined:undefined:undefined":3,"s:56:2:58:Infinity":21,"s:57:4:57:Infinity":22,"s:59:8:59:Infinity":23,"b:59:18:59:34:59:34:59:41":4,"b:60:2:62:Infinity:undefined:undefined:undefined:undefined":5,"s:60:2:62:Infinity":24,"b:60:6:60:19:60:19:60:65":6,"s:61:4:61:Infinity":25,"s:65:19:65:Infinity":26,"b:68:2:84:Infinity:undefined:undefined:undefined:undefined":7,"s:68:2:84:Infinity":27,"s:69:21:69:Infinity":28,"b:70:4:83:Infinity:79:11:83:Infinity":8,"s:70:4:83:Infinity":29,"s:72:27:72:Infinity":30,"s:73:6:73:Infinity":31,"s:74:28:74:Infinity":32,"b:75:6:77:Infinity:undefined:undefined:undefined:undefined":9,"s:75:6:77:Infinity":33,"b:75:10:75:27:75:27:75:73":10,"s:76:8:76:Infinity":34,"s:78:6:78:Infinity":35,"s:81:6:81:Infinity":36,"s:82:6:82:Infinity":37,"s:86:2:86:Infinity":38,"f:90:22:90:28":3,"s:91:19:95:Infinity":39,"b:97:2:100:Infinity:undefined:undefined:undefined:undefined":11,"s:97:2:100:Infinity":40,"s:98:18:98:Infinity":41,"s:99:4:99:Infinity":42,"b:99:20:99:29:99:29:99:43":12,"s:102:2:102:Infinity":43,"f:105:22:105:46":4,"s:106:16:106:Infinity":44,"s:107:23:107:Infinity":45,"s:108:20:108:Infinity":46,"s:109:2:121:Infinity":47,"s:110:4:118:Infinity":48,"b:114:20:114:59:114:59:114:Infinity":13,"b:115:24:115:56:115:56:115:Infinity":14,"s:120:4:120:Infinity":49,"f:125:22:125:36":5,"s:126:19:126:Infinity":50,"b:128:2:128:Infinity:undefined:undefined:undefined:undefined":15,"s:128:2:128:Infinity":51,"s:128:20:128:Infinity":52,"s:129:2:129:Infinity":53,"f:132:22:132:36":6,"s:133:19:136:Infinity":54,"b:138:2:138:Infinity:undefined:undefined:undefined:undefined":16,"s:138:2:138:Infinity":55,"s:138:20:138:Infinity":56,"s:139:2:139:Infinity":57,"f:142:22:142:36":7,"s:143:19:146:Infinity":58,"b:148:2:148:Infinity:undefined:undefined:undefined:undefined":17,"s:148:2:148:Infinity":59,"s:148:20:148:Infinity":60,"s:149:2:149:Infinity":61,"f:152:22:152:37":8,"s:153:19:156:Infinity":62,"b:158:2:158:Infinity:undefined:undefined:undefined:undefined":18,"s:158:2:158:Infinity":63,"s:158:20:158:Infinity":64,"s:159:2:159:Infinity":65,"f:162:22:162:36":9,"s:163:19:166:Infinity":66,"b:168:2:168:Infinity:undefined:undefined:undefined:undefined":19,"s:168:2:168:Infinity":67,"s:168:20:168:Infinity":68,"s:169:2:169:Infinity":69,"f:172:22:172:34":10,"s:173:19:175:Infinity":70,"b:177:2:177:Infinity:undefined:undefined:undefined:undefined":20,"s:177:2:177:Infinity":71,"s:177:20:177:Infinity":72,"s:178:2:178:Infinity":73,"f:181:22:181:36":11,"s:182:19:182:Infinity":74,"s:183:2:183:Infinity":75,"b:184:2:184:Infinity:undefined:undefined:undefined:undefined":21,"s:184:2:184:Infinity":76,"s:184:12:184:Infinity":77,"b:185:2:185:Infinity:undefined:undefined:undefined:undefined":22,"s:185:2:185:Infinity":78,"s:185:15:185:Infinity":79,"b:186:2:186:Infinity:undefined:undefined:undefined:undefined":23,"s:186:2:186:Infinity":80,"s:186:15:186:Infinity":81,"s:188:19:191:Infinity":82,"b:193:2:193:Infinity:undefined:undefined:undefined:undefined":24,"s:193:2:193:Infinity":83,"s:193:20:193:Infinity":84,"s:194:2:194:Infinity":85,"f:197:22:197:35":12,"s:198:19:198:Infinity":86,"b:200:2:200:Infinity:undefined:undefined:undefined:undefined":25,"s:200:2:200:Infinity":87,"s:200:20:200:Infinity":88,"s:201:2:201:Infinity":89,"f:204:22:204:34":13,"s:205:19:209:Infinity":90,"b:211:2:211:Infinity:undefined:undefined:undefined:undefined":26,"s:211:2:211:Infinity":91,"s:211:20:211:Infinity":92,"s:212:2:212:Infinity":93,"f:215:22:215:30":14,"b:215:68:215:74":27,"s:216:19:218:Infinity":94,"b:220:2:220:Infinity:undefined:undefined:undefined:undefined":28,"s:220:2:220:Infinity":95,"s:220:20:220:Infinity":96,"s:221:2:221:Infinity":97,"f:225:22:225:40":15,"s:226:19:226:Infinity":98,"b:228:2:228:Infinity:undefined:undefined:undefined:undefined":29,"s:228:2:228:Infinity":99,"s:228:20:228:Infinity":100,"s:229:2:229:Infinity":101,"f:232:22:232:37":16,"s:233:19:233:Infinity":102,"b:235:2:235:Infinity:undefined:undefined:undefined:undefined":30,"s:235:2:235:Infinity":103,"s:235:20:235:Infinity":104,"s:236:2:236:Infinity":105,"f:239:22:239:40":17,"s:240:19:244:Infinity":106,"b:246:2:246:Infinity:undefined:undefined:undefined:undefined":31,"s:246:2:246:Infinity":107,"s:246:20:246:Infinity":108,"s:247:2:247:Infinity":109,"f:250:22:250:40":18,"s:251:19:255:Infinity":110,"b:257:2:257:Infinity:undefined:undefined:undefined:undefined":32,"s:257:2:257:Infinity":111,"s:257:20:257:Infinity":112,"s:258:2:258:Infinity":113,"f:261:22:261:40":19,"s:262:19:264:Infinity":114,"b:266:2:266:Infinity:undefined:undefined:undefined:undefined":33,"s:266:2:266:Infinity":115,"s:266:20:266:Infinity":116},"fnNames":{}}}
,"/home/dan/repos/personal/taskflows/frontend/src/api/index.ts": {"path":"/home/dan/repos/personal/taskflows/frontend/src/api/index.ts","statementMap":{},"fnMap":{},"branchMap":{},"s":{},"f":{},"b":{},"meta":{"lastBranch":0,"lastFunction":0,"lastStatement":0,"seen":{},"fnNames":{}}}
,"/home/dan/repos/personal/taskflows/frontend/src/components/environments/DynamicFieldList.tsx": {"path":"/home/dan/repos/personal/taskflows/frontend/src/components/environments/DynamicFieldList.tsx","statementMap":{"0":{"start":{"line":25,"column":2},"end":{"line":58,"column":null}},"1":{"start":{"line":39,"column":24},"end":{"line":39,"column":null}},"2":{"start":{"line":40,"column":12},"end":{"line":53,"column":null}},"3":{"start":{"line":43,"column":56},"end":{"line":43,"column":80}},"4":{"start":{"line":49,"column":33},"end":{"line":49,"column":null}},"5":{"start":{"line":72,"column":2},"end":{"line":95,"column":null}},"6":{"start":{"line":79,"column":29},"end":{"line":79,"column":null}},"7":{"start":{"line":89,"column":29},"end":{"line":89,"column":null}},"8":{"start":{"line":107,"column":2},"end":{"line":130,"column":null}},"9":{"start":{"line":114,"column":29},"end":{"line":114,"column":null}},"10":{"start":{"line":124,"column":29},"end":{"line":124,"column":null}},"11":{"start":{"line":142,"column":2},"end":{"line":162,"column":null}},"12":{"start":{"line":149,"column":29},"end":{"line":149,"column":null}},"13":{"start":{"line":158,"column":27},"end":{"line":158,"column":null}}},"fnMap":{"0":{"name":"DynamicFieldList","decl":{"start":{"line":15,"column":16},"end":{"line":15,"column":36}},"loc":{"start":{"line":24,"column":29},"end":{"line":60,"column":null}},"line":24},"1":{"name":"(anonymous_1)","decl":{"start":{"line":38,"column":21},"end":{"line":38,"column":22}},"loc":{"start":{"line":38,"column":38},"end":{"line":55,"column":11}},"line":38},"2":{"name":"(anonymous_2)","decl":{"start":{"line":43,"column":43},"end":{"line":43,"column":44}},"loc":{"start":{"line":43,"column":56},"end":{"line":43,"column":80}},"line":43},"3":{"name":"(anonymous_3)","decl":{"start":{"line":49,"column":27},"end":{"line":49,"column":33}},"loc":{"start":{"line":49,"column":33},"end":{"line":49,"column":null}},"line":49},"4":{"name":"PortMappingField","decl":{"start":{"line":71,"column":16},"end":{"line":71,"column":33}},"loc":{"start":{"line":71,"column":95},"end":{"line":97,"column":null}},"line":71},"5":{"name":"(anonymous_5)","decl":{"start":{"line":79,"column":22},"end":{"line":79,"column":23}},"loc":{"start":{"line":79,"column":29},"end":{"line":79,"column":null}},"line":79},"6":{"name":"(anonymous_6)","decl":{"start":{"line":89,"column":22},"end":{"line":89,"column":23}},"loc":{"start":{"line":89,"column":29},"end":{"line":89,"column":null}},"line":89},"7":{"name":"VolumeMappingField","decl":{"start":{"line":106,"column":16},"end":{"line":106,"column":35}},"loc":{"start":{"line":106,"column":99},"end":{"line":132,"column":null}},"line":106},"8":{"name":"(anonymous_8)","decl":{"start":{"line":114,"column":22},"end":{"line":114,"column":23}},"loc":{"start":{"line":114,"column":29},"end":{"line":114,"column":null}},"line":114},"9":{"name":"(anonymous_9)","decl":{"start":{"line":124,"column":22},"end":{"line":124,"column":23}},"loc":{"start":{"line":124,"column":29},"end":{"line":124,"column":null}},"line":124},"10":{"name":"EnvVarField","decl":{"start":{"line":141,"column":16},"end":{"line":141,"column":28}},"loc":{"start":{"line":141,"column":81},"end":{"line":164,"column":null}},"line":141},"11":{"name":"(anonymous_11)","decl":{"start":{"line":149,"column":22},"end":{"line":149,"column":23}},"loc":{"start":{"line":149,"column":29},"end":{"line":149,"column":null}},"line":149},"12":{"name":"(anonymous_12)","decl":{"start":{"line":158,"column":20},"end":{"line":158,"column":21}},"loc":{"start":{"line":158,"column":27},"end":{"line":158,"column":null}},"line":158}},"branchMap":{"0":{"loc":{"start":{"line":23,"column":2},"end":{"line":23,"column":null}},"type":"default-arg","locations":[{"start":{"line":23,"column":13},"end":{"line":23,"column":null}}],"line":23},"1":{"loc":{"start":{"line":34,"column":7},"end":{"line":56,"column":null}},"type":"cond-expr","locations":[{"start":{"line":35,"column":8},"end":{"line":35,"column":null}},{"start":{"line":37,"column":8},"end":{"line":56,"column":null}}],"line":34},"2":{"loc":{"start":{"line":39,"column":24},"end":{"line":39,"column":null}},"type":"cond-expr","locations":[{"start":{"line":39,"column":39},"end":{"line":39,"column":67}},{"start":{"line":39,"column":67},"end":{"line":39,"column":null}}],"line":39},"3":{"loc":{"start":{"line":82,"column":11},"end":{"line":82,"column":null}},"type":"binary-expr","locations":[{"start":{"line":82,"column":11},"end":{"line":82,"column":27}},{"start":{"line":82,"column":27},"end":{"line":82,"column":null}}],"line":82},"4":{"loc":{"start":{"line":92,"column":11},"end":{"line":92,"column":null}},"type":"binary-expr","locations":[{"start":{"line":92,"column":11},"end":{"line":92,"column":32}},{"start":{"line":92,"column":32},"end":{"line":92,"column":null}}],"line":92},"5":{"loc":{"start":{"line":117,"column":11},"end":{"line":117,"column":null}},"type":"binary-expr","locations":[{"start":{"line":117,"column":11},"end":{"line":117,"column":27}},{"start":{"line":117,"column":27},"end":{"line":117,"column":null}}],"line":117},"6":{"loc":{"start":{"line":127,"column":11},"end":{"line":127,"column":null}},"type":"binary-expr","locations":[{"start":{"line":127,"column":11},"end":{"line":127,"column":32}},{"start":{"line":127,"column":32},"end":{"line":127,"column":null}}],"line":127},"7":{"loc":{"start":{"line":152,"column":11},"end":{"line":152,"column":null}},"type":"binary-expr","locations":[{"start":{"line":152,"column":11},"end":{"line":152,"column":27}},{"start":{"line":152,"column":27},"end":{"line":152,"column":null}}],"line":152}},"s":{"0":0,"1":0,"2":0,"3":0,"4":0,"5":0,"6":0,"7":0,"8":0,"9":0,"10":0,"11":0,"12":0,"13":0},"f":{"0":0,"1":0,"2":0,"3":0,"4":0,"5":0,"6":0,"7":0,"8":0,"9":0,"10":0,"11":0,"12":0},"b":{"0":[0],"1":[0,0],"2":[0,0],"3":[0,0],"4":[0,0],"5":[0,0],"6":[0,0],"7":[0,0]},"meta":{"lastBranch":8,"lastFunction":13,"lastStatement":14,"seen":{"f:15:16:15:36":0,"b:23:13:23:Infinity":0,"s:25:2:58:Infinity":0,"b:35:8:35:Infinity:37:8:56:Infinity":1,"f:38:21:38:22":1,"s:39:24:39:Infinity":1,"b:39:39:39:67:39:67:39:Infinity":2,"s:40:12:53:Infinity":2,"f:43:43:43:44":2,"s:43:56:43:80":3,"f:49:27:49:33":3,"s:49:33:49:Infinity":4,"f:71:16:71:33":4,"s:72:2:95:Infinity":5,"f:79:22:79:23":5,"s:79:29:79:Infinity":6,"b:82:11:82:27:82:27:82:Infinity":3,"f:89:22:89:23":6,"s:89:29:89:Infinity":7,"b:92:11:92:32:92:32:92:Infinity":4,"f:106:16:106:35":7,"s:107:2:130:Infinity":8,"f:114:22:114:23":8,"s:114:29:114:Infinity":9,"b:117:11:117:27:117:27:117:Infinity":5,"f:124:22:124:23":9,"s:124:29:124:Infinity":10,"b:127:11:127:32:127:32:127:Infinity":6,"f:141:16:141:28":10,"s:142:2:162:Infinity":11,"f:149:22:149:23":11,"s:149:29:149:Infinity":12,"b:152:11:152:27:152:27:152:Infinity":7,"f:158:20:158:21":12,"s:158:27:158:Infinity":13},"fnNames":{}}}
,"/home/dan/repos/personal/taskflows/frontend/src/components/environments/EnvironmentForm.tsx": {"path":"/home/dan/repos/personal/taskflows/frontend/src/components/environments/EnvironmentForm.tsx","statementMap":{"0":{"start":{"line":15,"column":29},"end":{"line":22,"column":null}},"1":{"start":{"line":24,"column":31},"end":{"line":29,"column":null}},"2":{"start":{"line":31,"column":21},"end":{"line":34,"column":null}},"3":{"start":{"line":43,"column":18},"end":{"line":43,"column":null}},"4":{"start":{"line":44,"column":2},"end":{"line":46,"column":null}},"5":{"start":{"line":45,"column":4},"end":{"line":45,"column":null}},"6":{"start":{"line":47,"column":2},"end":{"line":47,"column":null}},"7":{"start":{"line":51,"column":2},"end":{"line":53,"column":null}},"8":{"start":{"line":52,"column":4},"end":{"line":52,"column":null}},"9":{"start":{"line":54,"column":2},"end":{"line":56,"column":null}},"10":{"start":{"line":55,"column":4},"end":{"line":55,"column":null}},"11":{"start":{"line":57,"column":2},"end":{"line":57,"column":null}},"12":{"start":{"line":61,"column":2},"end":{"line":63,"column":null}},"13":{"start":{"line":62,"column":4},"end":{"line":62,"column":null}},"14":{"start":{"line":64,"column":2},"end":{"line":66,"column":null}},"15":{"start":{"line":65,"column":4},"end":{"line":65,"column":null}},"16":{"start":{"line":67,"column":2},"end":{"line":67,"column":null}},"17":{"start":{"line":71,"column":8},"end":{"line":71,"column":null}},"18":{"start":{"line":72,"column":16},"end":{"line":72,"column":null}},"19":{"start":{"line":73,"column":8},"end":{"line":73,"column":null}},"20":{"start":{"line":74,"column":8},"end":{"line":74,"column":null}},"21":{"start":{"line":76,"column":22},"end":{"line":76,"column":null}},"22":{"start":{"line":77,"column":22},"end":{"line":77,"column":null}},"23":{"start":{"line":80,"column":34},"end":{"line":80,"column":null}},"24":{"start":{"line":81,"column":38},"end":{"line":81,"column":null}},"25":{"start":{"line":82,"column":38},"end":{"line":82,"column":null}},"26":{"start":{"line":85,"column":30},"end":{"line":85,"column":null}},"27":{"start":{"line":88,"column":24},"end":{"line":88,"column":null}},"28":{"start":{"line":89,"column":36},"end":{"line":89,"column":null}},"29":{"start":{"line":90,"column":40},"end":{"line":90,"column":null}},"30":{"start":{"line":91,"column":28},"end":{"line":91,"column":null}},"31":{"start":{"line":92,"column":34},"end":{"line":92,"column":null}},"32":{"start":{"line":93,"column":24},"end":{"line":93,"column":null}},"33":{"start":{"line":94,"column":28},"end":{"line":94,"column":null}},"34":{"start":{"line":95,"column":28},"end":{"line":99,"column":null}},"35":{"start":{"line":97,"column":79},"end":{"line":97,"column":95}},"36":{"start":{"line":101,"column":23},"end":{"line":101,"column":null}},"37":{"start":{"line":104,"column":27},"end":{"line":124,"column":null}},"38":{"start":{"line":105,"column":4},"end":{"line":105,"column":null}},"39":{"start":{"line":108,"column":4},"end":{"line":123,"column":null}},"40":{"start":{"line":109,"column":6},"end":{"line":122,"column":null}},"41":{"start":{"line":111,"column":8},"end":{"line":111,"column":null}},"42":{"start":{"line":112,"column":8},"end":{"line":112,"column":null}},"43":{"start":{"line":113,"column":8},"end":{"line":113,"column":null}},"44":{"start":{"line":114,"column":8},"end":{"line":114,"column":null}},"45":{"start":{"line":115,"column":8},"end":{"line":115,"column":null}},"46":{"start":{"line":116,"column":8},"end":{"line":116,"column":null}},"47":{"start":{"line":117,"column":8},"end":{"line":117,"column":null}},"48":{"start":{"line":118,"column":8},"end":{"line":118,"column":null}},"49":{"start":{"line":119,"column":6},"end":{"line":122,"column":null}},"50":{"start":{"line":121,"column":8},"end":{"line":121,"column":null}},"51":{"start":{"line":127,"column":28},"end":{"line":173,"column":null}},"52":{"start":{"line":128,"column":4},"end":{"line":128,"column":null}},"53":{"start":{"line":128,"column":27},"end":{"line":128,"column":null}},"54":{"start":{"line":130,"column":20},"end":{"line":130,"column":null}},"55":{"start":{"line":131,"column":81},"end":{"line":131,"column":null}},"56":{"start":{"line":132,"column":83},"end":{"line":132,"column":null}},"57":{"start":{"line":133,"column":63},"end":{"line":133,"column":null}},"58":{"start":{"line":136,"column":4},"end":{"line":145,"column":null}},"59":{"start":{"line":137,"column":24},"end":{"line":137,"column":null}},"60":{"start":{"line":138,"column":29},"end":{"line":138,"column":null}},"61":{"start":{"line":139,"column":6},"end":{"line":144,"column":null}},"62":{"start":{"line":140,"column":8},"end":{"line":140,"column":null}},"63":{"start":{"line":141,"column":8},"end":{"line":141,"column":null}},"64":{"start":{"line":141,"column":23},"end":{"line":141,"column":null}},"65":{"start":{"line":142,"column":8},"end":{"line":142,"column":null}},"66":{"start":{"line":142,"column":28},"end":{"line":142,"column":null}},"67":{"start":{"line":143,"column":8},"end":{"line":143,"column":null}},"68":{"start":{"line":148,"column":4},"end":{"line":157,"column":null}},"69":{"start":{"line":149,"column":24},"end":{"line":149,"column":null}},"70":{"start":{"line":150,"column":29},"end":{"line":150,"column":null}},"71":{"start":{"line":151,"column":6},"end":{"line":156,"column":null}},"72":{"start":{"line":152,"column":8},"end":{"line":152,"column":null}},"73":{"start":{"line":153,"column":8},"end":{"line":153,"column":null}},"74":{"start":{"line":153,"column":23},"end":{"line":153,"column":null}},"75":{"start":{"line":154,"column":8},"end":{"line":154,"column":null}},"76":{"start":{"line":154,"column":28},"end":{"line":154,"column":null}},"77":{"start":{"line":155,"column":8},"end":{"line":155,"column":null}},"78":{"start":{"line":160,"column":4},"end":{"line":166,"column":null}},"79":{"start":{"line":161,"column":24},"end":{"line":161,"column":null}},"80":{"start":{"line":162,"column":6},"end":{"line":165,"column":null}},"81":{"start":{"line":163,"column":8},"end":{"line":163,"column":null}},"82":{"start":{"line":164,"column":8},"end":{"line":164,"column":null}},"83":{"start":{"line":168,"column":4},"end":{"line":168,"column":null}},"84":{"start":{"line":169,"column":4},"end":{"line":169,"column":null}},"85":{"start":{"line":170,"column":4},"end":{"line":170,"column":null}},"86":{"start":{"line":172,"column":4},"end":{"line":172,"column":null}},"87":{"start":{"line":175,"column":23},"end":{"line":222,"column":null}},"88":{"start":{"line":176,"column":4},"end":{"line":176,"column":null}},"89":{"start":{"line":179,"column":4},"end":{"line":182,"column":null}},"90":{"start":{"line":180,"column":6},"end":{"line":180,"column":null}},"91":{"start":{"line":181,"column":6},"end":{"line":181,"column":null}},"92":{"start":{"line":184,"column":42},"end":{"line":202,"column":null}},"93":{"start":{"line":199,"column":62},"end":{"line":199,"column":81}},"94":{"start":{"line":204,"column":4},"end":{"line":221,"column":null}},"95":{"start":{"line":205,"column":6},"end":{"line":211,"column":null}},"96":{"start":{"line":206,"column":8},"end":{"line":206,"column":null}},"97":{"start":{"line":207,"column":8},"end":{"line":207,"column":null}},"98":{"start":{"line":209,"column":8},"end":{"line":209,"column":null}},"99":{"start":{"line":210,"column":8},"end":{"line":210,"column":null}},"100":{"start":{"line":212,"column":6},"end":{"line":212,"column":null}},"101":{"start":{"line":214,"column":6},"end":{"line":214,"column":null}},"102":{"start":{"line":215,"column":6},"end":{"line":220,"column":null}},"103":{"start":{"line":224,"column":2},"end":{"line":401,"column":null}},"104":{"start":{"line":236,"column":31},"end":{"line":236,"column":null}},"105":{"start":{"line":246,"column":31},"end":{"line":246,"column":null}},"106":{"start":{"line":255,"column":33},"end":{"line":255,"column":null}},"107":{"start":{"line":267,"column":35},"end":{"line":267,"column":null}},"108":{"start":{"line":278,"column":37},"end":{"line":278,"column":null}},"109":{"start":{"line":286,"column":37},"end":{"line":286,"column":null}},"110":{"start":{"line":294,"column":35},"end":{"line":294,"column":null}},"111":{"start":{"line":302,"column":33},"end":{"line":302,"column":null}},"112":{"start":{"line":308,"column":29},"end":{"line":308,"column":null}},"113":{"start":{"line":310,"column":18},"end":{"line":310,"column":null}},"114":{"start":{"line":310,"column":50},"end":{"line":310,"column":61}},"115":{"start":{"line":312,"column":36},"end":{"line":312,"column":null}},"116":{"start":{"line":313,"column":18},"end":{"line":313,"column":null}},"117":{"start":{"line":314,"column":18},"end":{"line":314,"column":null}},"118":{"start":{"line":317,"column":35},"end":{"line":317,"column":null}},"119":{"start":{"line":318,"column":18},"end":{"line":318,"column":null}},"120":{"start":{"line":319,"column":18},"end":{"line":319,"column":null}},"121":{"start":{"line":322,"column":18},"end":{"line":327,"column":null}},"122":{"start":{"line":335,"column":29},"end":{"line":335,"column":null}},"123":{"start":{"line":337,"column":18},"end":{"line":337,"column":null}},"124":{"start":{"line":337,"column":54},"end":{"line":337,"column":65}},"125":{"start":{"line":339,"column":36},"end":{"line":339,"column":null}},"126":{"start":{"line":340,"column":18},"end":{"line":340,"column":null}},"127":{"start":{"line":341,"column":18},"end":{"line":341,"column":null}},"128":{"start":{"line":344,"column":37},"end":{"line":344,"column":null}},"129":{"start":{"line":345,"column":18},"end":{"line":345,"column":null}},"130":{"start":{"line":346,"column":18},"end":{"line":346,"column":null}},"131":{"start":{"line":349,"column":18},"end":{"line":354,"column":null}},"132":{"start":{"line":362,"column":29},"end":{"line":362,"column":null}},"133":{"start":{"line":364,"column":18},"end":{"line":364,"column":null}},"134":{"start":{"line":364,"column":54},"end":{"line":364,"column":65}},"135":{"start":{"line":366,"column":36},"end":{"line":366,"column":null}},"136":{"start":{"line":367,"column":18},"end":{"line":367,"column":null}},"137":{"start":{"line":368,"column":18},"end":{"line":368,"column":null}},"138":{"start":{"line":371,"column":37},"end":{"line":371,"column":null}},"139":{"start":{"line":372,"column":18},"end":{"line":372,"column":null}},"140":{"start":{"line":373,"column":18},"end":{"line":373,"column":null}},"141":{"start":{"line":376,"column":18},"end":{"line":381,"column":null}},"142":{"start":{"line":392,"column":27},"end":{"line":392,"column":null}}},"fnMap":{"0":{"name":"validatePort","decl":{"start":{"line":42,"column":9},"end":{"line":42,"column":22}},"loc":{"start":{"line":42,"column":60},"end":{"line":48,"column":null}},"line":42},"1":{"name":"validateVolumePath","decl":{"start":{"line":50,"column":9},"end":{"line":50,"column":28}},"loc":{"start":{"line":50,"column":57},"end":{"line":58,"column":null}},"line":50},"2":{"name":"validateEnvVarName","decl":{"start":{"line":60,"column":9},"end":{"line":60,"column":28}},"loc":{"start":{"line":60,"column":57},"end":{"line":68,"column":null}},"line":60},"3":{"name":"EnvironmentForm","decl":{"start":{"line":70,"column":16},"end":{"line":70,"column":32}},"loc":{"start":{"line":70,"column":87},"end":{"line":403,"column":null}},"line":70},"4":{"name":"(anonymous_4)","decl":{"start":{"line":97,"column":59},"end":{"line":97,"column":60}},"loc":{"start":{"line":97,"column":79},"end":{"line":97,"column":95}},"line":97},"5":{"name":"(anonymous_5)","decl":{"start":{"line":104,"column":27},"end":{"line":104,"column":28}},"loc":{"start":{"line":104,"column":57},"end":{"line":124,"column":null}},"line":104},"6":{"name":"(anonymous_6)","decl":{"start":{"line":127,"column":28},"end":{"line":127,"column":43}},"loc":{"start":{"line":127,"column":43},"end":{"line":173,"column":null}},"line":127},"7":{"name":"(anonymous_7)","decl":{"start":{"line":136,"column":18},"end":{"line":136,"column":19}},"loc":{"start":{"line":136,"column":35},"end":{"line":145,"column":5}},"line":136},"8":{"name":"(anonymous_8)","decl":{"start":{"line":148,"column":20},"end":{"line":148,"column":21}},"loc":{"start":{"line":148,"column":39},"end":{"line":157,"column":5}},"line":148},"9":{"name":"(anonymous_9)","decl":{"start":{"line":160,"column":20},"end":{"line":160,"column":21}},"loc":{"start":{"line":160,"column":39},"end":{"line":166,"column":5}},"line":160},"10":{"name":"(anonymous_10)","decl":{"start":{"line":175,"column":23},"end":{"line":175,"column":30}},"loc":{"start":{"line":175,"column":53},"end":{"line":222,"column":null}},"line":175},"11":{"name":"(anonymous_11)","decl":{"start":{"line":199,"column":54},"end":{"line":199,"column":55}},"loc":{"start":{"line":199,"column":62},"end":{"line":199,"column":81}},"line":199},"12":{"name":"(anonymous_12)","decl":{"start":{"line":236,"column":24},"end":{"line":236,"column":25}},"loc":{"start":{"line":236,"column":31},"end":{"line":236,"column":null}},"line":236},"13":{"name":"(anonymous_13)","decl":{"start":{"line":246,"column":24},"end":{"line":246,"column":25}},"loc":{"start":{"line":246,"column":31},"end":{"line":246,"column":null}},"line":246},"14":{"name":"(anonymous_14)","decl":{"start":{"line":255,"column":26},"end":{"line":255,"column":27}},"loc":{"start":{"line":255,"column":33},"end":{"line":255,"column":null}},"line":255},"15":{"name":"(anonymous_15)","decl":{"start":{"line":267,"column":28},"end":{"line":267,"column":29}},"loc":{"start":{"line":267,"column":35},"end":{"line":267,"column":null}},"line":267},"16":{"name":"(anonymous_16)","decl":{"start":{"line":278,"column":30},"end":{"line":278,"column":31}},"loc":{"start":{"line":278,"column":37},"end":{"line":278,"column":null}},"line":278},"17":{"name":"(anonymous_17)","decl":{"start":{"line":286,"column":30},"end":{"line":286,"column":31}},"loc":{"start":{"line":286,"column":37},"end":{"line":286,"column":null}},"line":286},"18":{"name":"(anonymous_18)","decl":{"start":{"line":294,"column":28},"end":{"line":294,"column":29}},"loc":{"start":{"line":294,"column":35},"end":{"line":294,"column":null}},"line":294},"19":{"name":"(anonymous_19)","decl":{"start":{"line":302,"column":26},"end":{"line":302,"column":27}},"loc":{"start":{"line":302,"column":33},"end":{"line":302,"column":null}},"line":302},"20":{"name":"(anonymous_20)","decl":{"start":{"line":308,"column":23},"end":{"line":308,"column":29}},"loc":{"start":{"line":308,"column":29},"end":{"line":308,"column":null}},"line":308},"21":{"name":"(anonymous_21)","decl":{"start":{"line":309,"column":26},"end":{"line":309,"column":27}},"loc":{"start":{"line":309,"column":37},"end":{"line":315,"column":null}},"line":309},"22":{"name":"(anonymous_22)","decl":{"start":{"line":310,"column":40},"end":{"line":310,"column":41}},"loc":{"start":{"line":310,"column":50},"end":{"line":310,"column":61}},"line":310},"23":{"name":"(anonymous_23)","decl":{"start":{"line":316,"column":26},"end":{"line":316,"column":27}},"loc":{"start":{"line":316,"column":43},"end":{"line":320,"column":null}},"line":316},"24":{"name":"(anonymous_24)","decl":{"start":{"line":321,"column":28},"end":{"line":321,"column":29}},"loc":{"start":{"line":322,"column":18},"end":{"line":327,"column":null}},"line":322},"25":{"name":"(anonymous_25)","decl":{"start":{"line":335,"column":23},"end":{"line":335,"column":29}},"loc":{"start":{"line":335,"column":29},"end":{"line":335,"column":null}},"line":335},"26":{"name":"(anonymous_26)","decl":{"start":{"line":336,"column":26},"end":{"line":336,"column":27}},"loc":{"start":{"line":336,"column":37},"end":{"line":342,"column":null}},"line":336},"27":{"name":"(anonymous_27)","decl":{"start":{"line":337,"column":44},"end":{"line":337,"column":45}},"loc":{"start":{"line":337,"column":54},"end":{"line":337,"column":65}},"line":337},"28":{"name":"(anonymous_28)","decl":{"start":{"line":343,"column":26},"end":{"line":343,"column":27}},"loc":{"start":{"line":343,"column":43},"end":{"line":347,"column":null}},"line":343},"29":{"name":"(anonymous_29)","decl":{"start":{"line":348,"column":28},"end":{"line":348,"column":29}},"loc":{"start":{"line":349,"column":18},"end":{"line":354,"column":null}},"line":349},"30":{"name":"(anonymous_30)","decl":{"start":{"line":362,"column":23},"end":{"line":362,"column":29}},"loc":{"start":{"line":362,"column":29},"end":{"line":362,"column":null}},"line":362},"31":{"name":"(anonymous_31)","decl":{"start":{"line":363,"column":26},"end":{"line":363,"column":27}},"loc":{"start":{"line":363,"column":37},"end":{"line":369,"column":null}},"line":363},"32":{"name":"(anonymous_32)","decl":{"start":{"line":364,"column":44},"end":{"line":364,"column":45}},"loc":{"start":{"line":364,"column":54},"end":{"line":364,"column":65}},"line":364},"33":{"name":"(anonymous_33)","decl":{"start":{"line":370,"column":26},"end":{"line":370,"column":27}},"loc":{"start":{"line":370,"column":43},"end":{"line":374,"column":null}},"line":370},"34":{"name":"(anonymous_34)","decl":{"start":{"line":375,"column":28},"end":{"line":375,"column":29}},"loc":{"start":{"line":376,"column":18},"end":{"line":381,"column":null}},"line":376},"35":{"name":"(anonymous_35)","decl":{"start":{"line":392,"column":21},"end":{"line":392,"column":27}},"loc":{"start":{"line":392,"column":27},"end":{"line":392,"column":null}},"line":392}},"branchMap":{"0":{"loc":{"start":{"line":43,"column":18},"end":{"line":43,"column":null}},"type":"cond-expr","locations":[{"start":{"line":43,"column":45},"end":{"line":43,"column":66}},{"start":{"line":43,"column":66},"end":{"line":43,"column":null}}],"line":43},"1":{"loc":{"start":{"line":44,"column":2},"end":{"line":46,"column":null}},"type":"if","locations":[{"start":{"line":44,"column":2},"end":{"line":46,"column":null}},{"start":{},"end":{}}],"line":44},"2":{"loc":{"start":{"line":44,"column":6},"end":{"line":44,"column":56}},"type":"binary-expr","locations":[{"start":{"line":44,"column":6},"end":{"line":44,"column":24}},{"start":{"line":44,"column":24},"end":{"line":44,"column":39}},{"start":{"line":44,"column":39},"end":{"line":44,"column":56}}],"line":44},"3":{"loc":{"start":{"line":51,"column":2},"end":{"line":53,"column":null}},"type":"if","locations":[{"start":{"line":51,"column":2},"end":{"line":53,"column":null}},{"start":{},"end":{}}],"line":51},"4":{"loc":{"start":{"line":54,"column":2},"end":{"line":56,"column":null}},"type":"if","locations":[{"start":{"line":54,"column":2},"end":{"line":56,"column":null}},{"start":{},"end":{}}],"line":54},"5":{"loc":{"start":{"line":61,"column":2},"end":{"line":63,"column":null}},"type":"if","locations":[{"start":{"line":61,"column":2},"end":{"line":63,"column":null}},{"start":{},"end":{}}],"line":61},"6":{"loc":{"start":{"line":64,"column":2},"end":{"line":66,"column":null}},"type":"if","locations":[{"start":{"line":64,"column":2},"end":{"line":66,"column":null}},{"start":{},"end":{}}],"line":64},"7":{"loc":{"start":{"line":70,"column":47},"end":{"line":70,"column":62}},"type":"default-arg","locations":[{"start":{"line":70,"column":56},"end":{"line":70,"column":62}}],"line":70},"8":{"loc":{"start":{"line":76,"column":35},"end":{"line":76,"column":58}},"type":"binary-expr","locations":[{"start":{"line":76,"column":35},"end":{"line":76,"column":56}},{"start":{"line":76,"column":56},"end":{"line":76,"column":58}}],"line":76},"9":{"loc":{"start":{"line":77,"column":52},"end":{"line":77,"column":79}},"type":"binary-expr","locations":[{"start":{"line":77,"column":52},"end":{"line":77,"column":73}},{"start":{"line":77,"column":73},"end":{"line":77,"column":79}}],"line":77},"10":{"loc":{"start":{"line":85,"column":43},"end":{"line":85,"column":72}},"type":"binary-expr","locations":[{"start":{"line":85,"column":43},"end":{"line":85,"column":70}},{"start":{"line":85,"column":70},"end":{"line":85,"column":72}}],"line":85},"11":{"loc":{"start":{"line":88,"column":37},"end":{"line":88,"column":69}},"type":"binary-expr","locations":[{"start":{"line":88,"column":37},"end":{"line":88,"column":67}},{"start":{"line":88,"column":67},"end":{"line":88,"column":69}}],"line":88},"12":{"loc":{"start":{"line":89,"column":62},"end":{"line":89,"column":107}},"type":"binary-expr","locations":[{"start":{"line":89,"column":62},"end":{"line":89,"column":99}},{"start":{"line":89,"column":99},"end":{"line":89,"column":107}}],"line":89},"13":{"loc":{"start":{"line":90,"column":68},"end":{"line":90,"column":111}},"type":"binary-expr","locations":[{"start":{"line":90,"column":68},"end":{"line":90,"column":107}},{"start":{"line":90,"column":107},"end":{"line":90,"column":111}}],"line":90},"14":{"loc":{"start":{"line":91,"column":41},"end":{"line":91,"column":76}},"type":"binary-expr","locations":[{"start":{"line":91,"column":41},"end":{"line":91,"column":74}},{"start":{"line":91,"column":74},"end":{"line":91,"column":76}}],"line":91},"15":{"loc":{"start":{"line":92,"column":47},"end":{"line":92,"column":87}},"type":"binary-expr","locations":[{"start":{"line":92,"column":47},"end":{"line":92,"column":82}},{"start":{"line":92,"column":82},"end":{"line":92,"column":87}}],"line":92},"16":{"loc":{"start":{"line":93,"column":52},"end":{"line":93,"column":84}},"type":"binary-expr","locations":[{"start":{"line":93,"column":52},"end":{"line":93,"column":82}},{"start":{"line":93,"column":82},"end":{"line":93,"column":84}}],"line":93},"17":{"loc":{"start":{"line":94,"column":58},"end":{"line":94,"column":92}},"type":"binary-expr","locations":[{"start":{"line":94,"column":58},"end":{"line":94,"column":90}},{"start":{"line":94,"column":90},"end":{"line":94,"column":92}}],"line":94},"18":{"loc":{"start":{"line":96,"column":4},"end":{"line":98,"column":null}},"type":"cond-expr","locations":[{"start":{"line":97,"column":8},"end":{"line":97,"column":null}},{"start":{"line":98,"column":8},"end":{"line":98,"column":null}}],"line":96},"19":{"loc":{"start":{"line":101,"column":23},"end":{"line":101,"column":null}},"type":"binary-expr","locations":[{"start":{"line":101,"column":23},"end":{"line":101,"column":51}},{"start":{"line":101,"column":51},"end":{"line":101,"column":null}}],"line":101},"20":{"loc":{"start":{"line":108,"column":4},"end":{"line":123,"column":null}},"type":"if","locations":[{"start":{"line":108,"column":4},"end":{"line":123,"column":null}},{"start":{},"end":{}}],"line":108},"21":{"loc":{"start":{"line":109,"column":6},"end":{"line":122,"column":null}},"type":"if","locations":[{"start":{"line":109,"column":6},"end":{"line":122,"column":null}},{"start":{"line":119,"column":6},"end":{"line":122,"column":null}}],"line":109},"22":{"loc":{"start":{"line":119,"column":6},"end":{"line":122,"column":null}},"type":"if","locations":[{"start":{"line":119,"column":6},"end":{"line":122,"column":null}},{"start":{},"end":{}}],"line":119},"23":{"loc":{"start":{"line":128,"column":4},"end":{"line":128,"column":null}},"type":"if","locations":[{"start":{"line":128,"column":4},"end":{"line":128,"column":null}},{"start":{},"end":{}}],"line":128},"24":{"loc":{"start":{"line":139,"column":6},"end":{"line":144,"column":null}},"type":"if","locations":[{"start":{"line":139,"column":6},"end":{"line":144,"column":null}},{"start":{},"end":{}}],"line":139},"25":{"loc":{"start":{"line":139,"column":10},"end":{"line":139,"column":39}},"type":"binary-expr","locations":[{"start":{"line":139,"column":10},"end":{"line":139,"column":23}},{"start":{"line":139,"column":23},"end":{"line":139,"column":39}}],"line":139},"26":{"loc":{"start":{"line":141,"column":8},"end":{"line":141,"column":null}},"type":"if","locations":[{"start":{"line":141,"column":8},"end":{"line":141,"column":null}},{"start":{},"end":{}}],"line":141},"27":{"loc":{"start":{"line":142,"column":8},"end":{"line":142,"column":null}},"type":"if","locations":[{"start":{"line":142,"column":8},"end":{"line":142,"column":null}},{"start":{},"end":{}}],"line":142},"28":{"loc":{"start":{"line":151,"column":6},"end":{"line":156,"column":null}},"type":"if","locations":[{"start":{"line":151,"column":6},"end":{"line":156,"column":null}},{"start":{},"end":{}}],"line":151},"29":{"loc":{"start":{"line":151,"column":10},"end":{"line":151,"column":39}},"type":"binary-expr","locations":[{"start":{"line":151,"column":10},"end":{"line":151,"column":23}},{"start":{"line":151,"column":23},"end":{"line":151,"column":39}}],"line":151},"30":{"loc":{"start":{"line":153,"column":8},"end":{"line":153,"column":null}},"type":"if","locations":[{"start":{"line":153,"column":8},"end":{"line":153,"column":null}},{"start":{},"end":{}}],"line":153},"31":{"loc":{"start":{"line":154,"column":8},"end":{"line":154,"column":null}},"type":"if","locations":[{"start":{"line":154,"column":8},"end":{"line":154,"column":null}},{"start":{},"end":{}}],"line":154},"32":{"loc":{"start":{"line":162,"column":6},"end":{"line":165,"column":null}},"type":"if","locations":[{"start":{"line":162,"column":6},"end":{"line":165,"column":null}},{"start":{},"end":{}}],"line":162},"33":{"loc":{"start":{"line":179,"column":4},"end":{"line":182,"column":null}},"type":"if","locations":[{"start":{"line":179,"column":4},"end":{"line":182,"column":null}},{"start":{},"end":{}}],"line":179},"34":{"loc":{"start":{"line":187,"column":10},"end":{"line":189,"column":null}},"type":"binary-expr","locations":[{"start":{"line":187,"column":10},"end":{"line":187,"column":29}},{"start":{"line":187,"column":29},"end":{"line":189,"column":null}}],"line":187},"35":{"loc":{"start":{"line":190,"column":10},"end":{"line":201,"column":null}},"type":"binary-expr","locations":[{"start":{"line":190,"column":10},"end":{"line":190,"column":31}},{"start":{"line":190,"column":31},"end":{"line":201,"column":null}}],"line":190},"36":{"loc":{"start":{"line":195,"column":20},"end":{"line":195,"column":null}},"type":"binary-expr","locations":[{"start":{"line":195,"column":20},"end":{"line":195,"column":31}},{"start":{"line":195,"column":31},"end":{"line":195,"column":null}}],"line":195},"37":{"loc":{"start":{"line":205,"column":6},"end":{"line":211,"column":null}},"type":"if","locations":[{"start":{"line":205,"column":6},"end":{"line":211,"column":null}},{"start":{"line":208,"column":13},"end":{"line":211,"column":null}}],"line":205},"38":{"loc":{"start":{"line":205,"column":10},"end":{"line":205,"column":33}},"type":"binary-expr","locations":[{"start":{"line":205,"column":10},"end":{"line":205,"column":20}},{"start":{"line":205,"column":20},"end":{"line":205,"column":33}}],"line":205},"39":{"loc":{"start":{"line":216,"column":15},"end":{"line":218,"column":null}},"type":"cond-expr","locations":[{"start":{"line":217,"column":12},"end":{"line":217,"column":null}},{"start":{"line":218,"column":12},"end":{"line":218,"column":null}}],"line":216},"40":{"loc":{"start":{"line":229,"column":13},"end":{"line":229,"column":null}},"type":"cond-expr","locations":[{"start":{"line":229,"column":22},"end":{"line":229,"column":43}},{"start":{"line":229,"column":43},"end":{"line":229,"column":null}}],"line":229},"41":{"loc":{"start":{"line":251,"column":11},"end":{"line":259,"column":null}},"type":"binary-expr","locations":[{"start":{"line":251,"column":11},"end":{"line":251,"column":null}},{"start":{"line":252,"column":12},"end":{"line":259,"column":null}}],"line":251},"42":{"loc":{"start":{"line":262,"column":11},"end":{"line":385,"column":null}},"type":"binary-expr","locations":[{"start":{"line":262,"column":11},"end":{"line":262,"column":null}},{"start":{"line":263,"column":12},"end":{"line":385,"column":null}}],"line":262},"43":{"loc":{"start":{"line":397,"column":13},"end":{"line":397,"column":null}},"type":"cond-expr","locations":[{"start":{"line":397,"column":22},"end":{"line":397,"column":33}},{"start":{"line":397,"column":33},"end":{"line":397,"column":null}}],"line":397}},"s":{"0":0,"1":0,"2":0,"3":0,"4":0,"5":0,"6":0,"7":0,"8":0,"9":0,"10":0,"11":0,"12":0,"13":0,"14":0,"15":0,"16":0,"17":0,"18":0,"19":0,"20":0,"21":0,"22":0,"23":0,"24":0,"25":0,"26":0,"27":0,"28":0,"29":0,"30":0,"31":0,"32":0,"33":0,"34":0,"35":0,"36":0,"37":0,"38":0,"39":0,"40":0,"41":0,"42":0,"43":0,"44":0,"45":0,"46":0,"47":0,"48":0,"49":0,"50":0,"51":0,"52":0,"53":0,"54":0,"55":0,"56":0,"57":0,"58":0,"59":0,"60":0,"61":0,"62":0,"63":0,"64":0,"65":0,"66":0,"67":0,"68":0,"69":0,"70":0,"71":0,"72":0,"73":0,"74":0,"75":0,"76":0,"77":0,"78":0,"79":0,"80":0,"81":0,"82":0,"83":0,"84":0,"85":0,"86":0,"87":0,"88":0,"89":0,"90":0,"91":0,"92":0,"93":0,"94":0,"95":0,"96":0,"97":0,"98":0,"99":0,"100":0,"101":0,"102":0,"103":0,"104":0,"105":0,"106":0,"107":0,"108":0,"109":0,"110":0,"111":0,"112":0,"113":0,"114":0,"115":0,"116":0,"117":0,"118":0,"119":0,"120":0,"121":0,"122":0,"123":0,"124":0,"125":0,"126":0,"127":0,"128":0,"129":0,"130":0,"131":0,"132":0,"133":0,"134":0,"135":0,"136":0,"137":0,"138":0,"139":0,"140":0,"141":0,"142":0},"f":{"0":0,"1":0,"2":0,"3":0,"4":0,"5":0,"6":0,"7":0,"8":0,"9":0,"10":0,"11":0,"12":0,"13":0,"14":0,"15":0,"16":0,"17":0,"18":0,"19":0,"20":0,"21":0,"22":0,"23":0,"24":0,"25":0,"26":0,"27":0,"28":0,"29":0,"30":0,"31":0,"32":0,"33":0,"34":0,"35":0},"b":{"0":[0,0],"1":[0,0],"2":[0,0,0],"3":[0,0],"4":[0,0],"5":[0,0],"6":[0,0],"7":[0],"8":[0,0],"9":[0,0],"10":[0,0],"11":[0,0],"12":[0,0],"13":[0,0],"14":[0,0],"15":[0,0],"16":[0,0],"17":[0,0],"18":[0,0],"19":[0,0],"20":[0,0],"21":[0,0],"22":[0,0],"23":[0,0],"24":[0,0],"25":[0,0],"26":[0,0],"27":[0,0],"28":[0,0],"29":[0,0],"30":[0,0],"31":[0,0],"32":[0,0],"33":[0,0],"34":[0,0],"35":[0,0],"36":[0,0],"37":[0,0],"38":[0,0],"39":[0,0],"40":[0,0],"41":[0,0],"42":[0,0],"43":[0,0]},"meta":{"lastBranch":44,"lastFunction":36,"lastStatement":143,"seen":{"s:15:29:22:Infinity":0,"s:24:31:29:Infinity":1,"s:31:21:34:Infinity":2,"f:42:9:42:22":0,"s:43:18:43:Infinity":3,"b:43:45:43:66:43:66:43:Infinity":0,"b:44:2:46:Infinity:undefined:undefined:undefined:undefined":1,"s:44:2:46:Infinity":4,"b:44:6:44:24:44:24:44:39:44:39:44:56":2,"s:45:4:45:Infinity":5,"s:47:2:47:Infinity":6,"f:50:9:50:28":1,"b:51:2:53:Infinity:undefined:undefined:undefined:undefined":3,"s:51:2:53:Infinity":7,"s:52:4:52:Infinity":8,"b:54:2:56:Infinity:undefined:undefined:undefined:undefined":4,"s:54:2:56:Infinity":9,"s:55:4:55:Infinity":10,"s:57:2:57:Infinity":11,"f:60:9:60:28":2,"b:61:2:63:Infinity:undefined:undefined:undefined:undefined":5,"s:61:2:63:Infinity":12,"s:62:4:62:Infinity":13,"b:64:2:66:Infinity:undefined:undefined:undefined:undefined":6,"s:64:2:66:Infinity":14,"s:65:4:65:Infinity":15,"s:67:2:67:Infinity":16,"f:70:16:70:32":3,"b:70:56:70:62":7,"s:71:8:71:Infinity":17,"s:72:16:72:Infinity":18,"s:73:8:73:Infinity":19,"s:74:8:74:Infinity":20,"s:76:22:76:Infinity":21,"b:76:35:76:56:76:56:76:58":8,"s:77:22:77:Infinity":22,"b:77:52:77:73:77:73:77:79":9,"s:80:34:80:Infinity":23,"s:81:38:81:Infinity":24,"s:82:38:82:Infinity":25,"s:85:30:85:Infinity":26,"b:85:43:85:70:85:70:85:72":10,"s:88:24:88:Infinity":27,"b:88:37:88:67:88:67:88:69":11,"s:89:36:89:Infinity":28,"b:89:62:89:99:89:99:89:107":12,"s:90:40:90:Infinity":29,"b:90:68:90:107:90:107:90:111":13,"s:91:28:91:Infinity":30,"b:91:41:91:74:91:74:91:76":14,"s:92:34:92:Infinity":31,"b:92:47:92:82:92:82:92:87":15,"s:93:24:93:Infinity":32,"b:93:52:93:82:93:82:93:84":16,"s:94:28:94:Infinity":33,"b:94:58:94:90:94:90:94:92":17,"s:95:28:99:Infinity":34,"b:97:8:97:Infinity:98:8:98:Infinity":18,"f:97:59:97:60":4,"s:97:79:97:95":35,"s:101:23:101:Infinity":36,"b:101:23:101:51:101:51:101:Infinity":19,"s:104:27:124:Infinity":37,"f:104:27:104:28":5,"s:105:4:105:Infinity":38,"b:108:4:123:Infinity:undefined:undefined:undefined:undefined":20,"s:108:4:123:Infinity":39,"b:109:6:122:Infinity:119:6:122:Infinity":21,"s:109:6:122:Infinity":40,"s:111:8:111:Infinity":41,"s:112:8:112:Infinity":42,"s:113:8:113:Infinity":43,"s:114:8:114:Infinity":44,"s:115:8:115:Infinity":45,"s:116:8:116:Infinity":46,"s:117:8:117:Infinity":47,"s:118:8:118:Infinity":48,"b:119:6:122:Infinity:undefined:undefined:undefined:undefined":22,"s:119:6:122:Infinity":49,"s:121:8:121:Infinity":50,"s:127:28:173:Infinity":51,"f:127:28:127:43":6,"b:128:4:128:Infinity:undefined:undefined:undefined:undefined":23,"s:128:4:128:Infinity":52,"s:128:27:128:Infinity":53,"s:130:20:130:Infinity":54,"s:131:81:131:Infinity":55,"s:132:83:132:Infinity":56,"s:133:63:133:Infinity":57,"s:136:4:145:Infinity":58,"f:136:18:136:19":7,"s:137:24:137:Infinity":59,"s:138:29:138:Infinity":60,"b:139:6:144:Infinity:undefined:undefined:undefined:undefined":24,"s:139:6:144:Infinity":61,"b:139:10:139:23:139:23:139:39":25,"s:140:8:140:Infinity":62,"b:141:8:141:Infinity:undefined:undefined:undefined:undefined":26,"s:141:8:141:Infinity":63,"s:141:23:141:Infinity":64,"b:142:8:142:Infinity:undefined:undefined:undefined:undefined":27,"s:142:8:142:Infinity":65,"s:142:28:142:Infinity":66,"s:143:8:143:Infinity":67,"s:148:4:157:Infinity":68,"f:148:20:148:21":8,"s:149:24:149:Infinity":69,"s:150:29:150:Infinity":70,"b:151:6:156:Infinity:undefined:undefined:undefined:undefined":28,"s:151:6:156:Infinity":71,"b:151:10:151:23:151:23:151:39":29,"s:152:8:152:Infinity":72,"b:153:8:153:Infinity:undefined:undefined:undefined:undefined":30,"s:153:8:153:Infinity":73,"s:153:23:153:Infinity":74,"b:154:8:154:Infinity:undefined:undefined:undefined:undefined":31,"s:154:8:154:Infinity":75,"s:154:28:154:Infinity":76,"s:155:8:155:Infinity":77,"s:160:4:166:Infinity":78,"f:160:20:160:21":9,"s:161:24:161:Infinity":79,"b:162:6:165:Infinity:undefined:undefined:undefined:undefined":32,"s:162:6:165:Infinity":80,"s:163:8:163:Infinity":81,"s:164:8:164:Infinity":82,"s:168:4:168:Infinity":83,"s:169:4:169:Infinity":84,"s:170:4:170:Infinity":85,"s:172:4:172:Infinity":86,"s:175:23:222:Infinity":87,"f:175:23:175:30":10,"s:176:4:176:Infinity":88,"b:179:4:182:Infinity:undefined:undefined:undefined:undefined":33,"s:179:4:182:Infinity":89,"s:180:6:180:Infinity":90,"s:181:6:181:Infinity":91,"s:184:42:202:Infinity":92,"b:187:10:187:29:187:29:189:Infinity":34,"b:190:10:190:31:190:31:201:Infinity":35,"b:195:20:195:31:195:31:195:Infinity":36,"f:199:54:199:55":11,"s:199:62:199:81":93,"s:204:4:221:Infinity":94,"b:205:6:211:Infinity:208:13:211:Infinity":37,"s:205:6:211:Infinity":95,"b:205:10:205:20:205:20:205:33":38,"s:206:8:206:Infinity":96,"s:207:8:207:Infinity":97,"s:209:8:209:Infinity":98,"s:210:8:210:Infinity":99,"s:212:6:212:Infinity":100,"s:214:6:214:Infinity":101,"s:215:6:220:Infinity":102,"b:217:12:217:Infinity:218:12:218:Infinity":39,"s:224:2:401:Infinity":103,"b:229:22:229:43:229:43:229:Infinity":40,"f:236:24:236:25":12,"s:236:31:236:Infinity":104,"f:246:24:246:25":13,"s:246:31:246:Infinity":105,"b:251:11:251:Infinity:252:12:259:Infinity":41,"f:255:26:255:27":14,"s:255:33:255:Infinity":106,"b:262:11:262:Infinity:263:12:385:Infinity":42,"f:267:28:267:29":15,"s:267:35:267:Infinity":107,"f:278:30:278:31":16,"s:278:37:278:Infinity":108,"f:286:30:286:31":17,"s:286:37:286:Infinity":109,"f:294:28:294:29":18,"s:294:35:294:Infinity":110,"f:302:26:302:27":19,"s:302:33:302:Infinity":111,"f:308:23:308:29":20,"s:308:29:308:Infinity":112,"f:309:26:309:27":21,"s:310:18:310:Infinity":113,"f:310:40:310:41":22,"s:310:50:310:61":114,"s:312:36:312:Infinity":115,"s:313:18:313:Infinity":116,"s:314:18:314:Infinity":117,"f:316:26:316:27":23,"s:317:35:317:Infinity":118,"s:318:18:318:Infinity":119,"s:319:18:319:Infinity":120,"f:321:28:321:29":24,"s:322:18:327:Infinity":121,"f:335:23:335:29":25,"s:335:29:335:Infinity":122,"f:336:26:336:27":26,"s:337:18:337:Infinity":123,"f:337:44:337:45":27,"s:337:54:337:65":124,"s:339:36:339:Infinity":125,"s:340:18:340:Infinity":126,"s:341:18:341:Infinity":127,"f:343:26:343:27":28,"s:344:37:344:Infinity":128,"s:345:18:345:Infinity":129,"s:346:18:346:Infinity":130,"f:348:28:348:29":29,"s:349:18:354:Infinity":131,"f:362:23:362:29":30,"s:362:29:362:Infinity":132,"f:363:26:363:27":31,"s:364:18:364:Infinity":133,"f:364:44:364:45":32,"s:364:54:364:65":134,"s:366:36:366:Infinity":135,"s:367:18:367:Infinity":136,"s:368:18:368:Infinity":137,"f:370:26:370:27":33,"s:371:37:371:Infinity":138,"s:372:18:372:Infinity":139,"s:373:18:373:Infinity":140,"f:375:28:375:29":34,"s:376:18:381:Infinity":141,"f:392:21:392:27":35,"s:392:27:392:Infinity":142,"b:397:22:397:33:397:33:397:Infinity":43},"fnNames":{}}}
,"/home/dan/repos/personal/taskflows/frontend/src/components/environments/EnvironmentTable.tsx": {"path":"/home/dan/repos/personal/taskflows/frontend/src/components/environments/EnvironmentTable.tsx","statementMap":{"0":{"start":{"line":23,"column":16},"end":{"line":23,"column":null}},"1":{"start":{"line":24,"column":8},"end":{"line":24,"column":null}},"2":{"start":{"line":25,"column":8},"end":{"line":25,"column":null}},"3":{"start":{"line":27,"column":23},"end":{"line":47,"column":null}},"4":{"start":{"line":28,"column":22},"end":{"line":33,"column":null}},"5":{"start":{"line":35,"column":4},"end":{"line":35,"column":null}},"6":{"start":{"line":35,"column":20},"end":{"line":35,"column":null}},"7":{"start":{"line":37,"column":4},"end":{"line":46,"column":null}},"8":{"start":{"line":38,"column":6},"end":{"line":38,"column":null}},"9":{"start":{"line":39,"column":6},"end":{"line":39,"column":null}},"10":{"start":{"line":41,"column":6},"end":{"line":41,"column":null}},"11":{"start":{"line":42,"column":6},"end":{"line":45,"column":null}},"12":{"start":{"line":49,"column":2},"end":{"line":144,"column":null}},"13":{"start":{"line":106,"column":16},"end":{"line":138,"column":null}},"14":{"start":{"line":130,"column":39},"end":{"line":130,"column":null}}},"fnMap":{"0":{"name":"EnvironmentTable","decl":{"start":{"line":22,"column":16},"end":{"line":22,"column":33}},"loc":{"start":{"line":22,"column":85},"end":{"line":146,"column":null}},"line":22},"1":{"name":"(anonymous_1)","decl":{"start":{"line":27,"column":23},"end":{"line":27,"column":30}},"loc":{"start":{"line":27,"column":47},"end":{"line":47,"column":null}},"line":27},"2":{"name":"(anonymous_2)","decl":{"start":{"line":105,"column":31},"end":{"line":105,"column":32}},"loc":{"start":{"line":106,"column":16},"end":{"line":138,"column":null}},"line":106},"3":{"name":"(anonymous_3)","decl":{"start":{"line":130,"column":33},"end":{"line":130,"column":39}},"loc":{"start":{"line":130,"column":39},"end":{"line":130,"column":null}},"line":130}},"branchMap":{"0":{"loc":{"start":{"line":35,"column":4},"end":{"line":35,"column":null}},"type":"if","locations":[{"start":{"line":35,"column":4},"end":{"line":35,"column":null}},{"start":{},"end":{}}],"line":35},"1":{"loc":{"start":{"line":78,"column":13},"end":{"line":139,"column":null}},"type":"cond-expr","locations":[{"start":{"line":79,"column":14},"end":{"line":85,"column":null}},{"start":{"line":86,"column":16},"end":{"line":139,"column":null}}],"line":78},"2":{"loc":{"start":{"line":86,"column":16},"end":{"line":139,"column":null}},"type":"cond-expr","locations":[{"start":{"line":87,"column":14},"end":{"line":103,"column":null}},{"start":{"line":105,"column":14},"end":{"line":139,"column":null}}],"line":86},"3":{"loc":{"start":{"line":111,"column":36},"end":{"line":111,"column":null}},"type":"cond-expr","locations":[{"start":{"line":111,"column":60},"end":{"line":111,"column":71}},{"start":{"line":111,"column":71},"end":{"line":111,"column":null}}],"line":111},"4":{"loc":{"start":{"line":112,"column":23},"end":{"line":112,"column":null}},"type":"cond-expr","locations":[{"start":{"line":112,"column":47},"end":{"line":112,"column":58}},{"start":{"line":112,"column":58},"end":{"line":112,"column":null}}],"line":112},"5":{"loc":{"start":{"line":116,"column":21},"end":{"line":116,"column":null}},"type":"binary-expr","locations":[{"start":{"line":116,"column":21},"end":{"line":116,"column":44}},{"start":{"line":116,"column":44},"end":{"line":116,"column":null}}],"line":116},"6":{"loc":{"start":{"line":117,"column":21},"end":{"line":117,"column":null}},"type":"binary-expr","locations":[{"start":{"line":117,"column":21},"end":{"line":117,"column":46}},{"start":{"line":117,"column":46},"end":{"line":117,"column":null}}],"line":117}},"s":{"0":0,"1":0,"2":0,"3":0,"4":0,"5":0,"6":0,"7":0,"8":0,"9":0,"10":0,"11":0,"12":0,"13":0,"14":0},"f":{"0":0,"1":0,"2":0,"3":0},"b":{"0":[0,0],"1":[0,0],"2":[0,0],"3":[0,0],"4":[0,0],"5":[0,0],"6":[0,0]},"meta":{"lastBranch":7,"lastFunction":4,"lastStatement":15,"seen":{"f:22:16:22:33":0,"s:23:16:23:Infinity":0,"s:24:8:24:Infinity":1,"s:25:8:25:Infinity":2,"s:27:23:47:Infinity":3,"f:27:23:27:30":1,"s:28:22:33:Infinity":4,"b:35:4:35:Infinity:undefined:undefined:undefined:undefined":0,"s:35:4:35:Infinity":5,"s:35:20:35:Infinity":6,"s:37:4:46:Infinity":7,"s:38:6:38:Infinity":8,"s:39:6:39:Infinity":9,"s:41:6:41:Infinity":10,"s:42:6:45:Infinity":11,"s:49:2:144:Infinity":12,"b:79:14:85:Infinity:86:16:139:Infinity":1,"b:87:14:103:Infinity:105:14:139:Infinity":2,"f:105:31:105:32":2,"s:106:16:138:Infinity":13,"b:111:60:111:71:111:71:111:Infinity":3,"b:112:47:112:58:112:58:112:Infinity":4,"b:116:21:116:44:116:44:116:Infinity":5,"b:117:21:117:46:117:46:117:Infinity":6,"f:130:33:130:39":3,"s:130:39:130:Infinity":14},"fnNames":{}}}
,"/home/dan/repos/personal/taskflows/frontend/src/components/environments/index.ts": {"path":"/home/dan/repos/personal/taskflows/frontend/src/components/environments/index.ts","statementMap":{},"fnMap":{},"branchMap":{},"s":{},"f":{},"b":{},"meta":{"lastBranch":0,"lastFunction":0,"lastStatement":0,"seen":{},"fnNames":{}}}
[...]
umn":22},"end":{"line":16,"column":null}},"2":{"start":{"line":17,"column":24},"end":{"line":17,"column":null}},"3":{"start":{"line":18,"column":32},"end":{"line":18,"column":null}},"4":{"start":{"line":19,"column":24},"end":{"line":19,"column":null}},"5":{"start":{"line":21,"column":8},"end":{"line":23,"column":null}},"6":{"start":{"line":22,"column":4},"end":{"line":22,"column":null}},"7":{"start":{"line":25,"column":8},"end":{"line":27,"column":null}},"8":{"start":{"line":26,"column":4},"end":{"line":26,"column":null}},"9":{"start":{"line":29,"column":2},"end":{"line":38,"column":null}},"10":{"start":{"line":30,"column":4},"end":{"line":36,"column":null}},"11":{"start":{"line":40,"column":21},"end":{"line":40,"column":null}},"12":{"start":{"line":42,"column":2},"end":{"line":88,"column":null}}},"fnMap":{"0":{"name":"LogsPage","decl":{"start":{"line":15,"column":16},"end":{"line":15,"column":27}},"loc":{"start":{"line":15,"column":27},"end":{"line":90,"column":null}},"line":15},"1":{"name":"(anonymous_1)","decl":{"start":{"line":21,"column":44},"end":{"line":21,"column":45}},"loc":{"start":{"line":21,"column":66},"end":{"line":23,"column":5}},"line":21},"2":{"name":"(anonymous_2)","decl":{"start":{"line":25,"column":40},"end":{"line":25,"column":41}},"loc":{"start":{"line":25,"column":62},"end":{"line":27,"column":5}},"line":25}},"branchMap":{"0":{"loc":{"start":{"line":29,"column":2},"end":{"line":38,"column":null}},"type":"if","locations":[{"start":{"line":29,"column":2},"end":{"line":38,"column":null}},{"start":{},"end":{}}],"line":29}},"s":{"0":0,"1":0,"2":0,"3":0,"4":0,"5":0,"6":0,"7":0,"8":0,"9":0,"10":0,"11":0,"12":0},"f":{"0":0,"1":0,"2":0},"b":{"0":[0,0]},"meta":{"lastBranch":1,"lastFunction":3,"lastStatement":13,"seen":{"s:9:38:13:Infinity":0,"f:15:16:15:27":0,"s:16:22:16:Infinity":1,"s:17:24:17:Infinity":2,"s:18:32:18:Infinity":3,"s:19:24:19:Infinity":4,"s:21:8:23:Infinity":5,"f:21:44:21:45":1,"s:22:4:22:Infinity":6,"s:25:8:27:Infinity":7,"f:25:40:25:41":2,"s:26:4:26:Infinity":8,"b:29:2:38:Infinity:undefined:undefined:undefined:undefined":0,"s:29:2:38:Infinity":9,"s:30:4:36:Infinity":10,"s:40:21:40:Infinity":11,"s:42:2:88:Infinity":12},"fnNames":{}}}
,"/home/dan/repos/personal/taskflows/frontend/src/stores/authStore.ts": {"path":"/home/dan/repos/personal/taskflows/frontend/src/stores/authStore.ts","statementMap":{"0":{"start":{"line":19,"column":13},"end":{"line":83,"column":null}},"1":{"start":{"line":21,"column":14},"end":{"line":80,"column":null}},"2":{"start":{"line":29,"column":28},"end":{"line":29,"column":null}},"3":{"start":{"line":30,"column":29},"end":{"line":30,"column":null}},"4":{"start":{"line":31,"column":26},"end":{"line":31,"column":null}},"5":{"start":{"line":32,"column":8},"end":{"line":42,"column":null}},"6":{"start":{"line":33,"column":10},"end":{"line":39,"column":null}},"7":{"start":{"line":41,"column":10},"end":{"line":41,"column":null}},"8":{"start":{"line":46,"column":8},"end":{"line":46,"column":null}},"9":{"start":{"line":47,"column":8},"end":{"line":47,"column":null}},"10":{"start":{"line":48,"column":8},"end":{"line":52,"column":null}},"11":{"start":{"line":49,"column":10},"end":{"line":49,"column":null}},"12":{"start":{"line":51,"column":10},"end":{"line":51,"column":null}},"13":{"start":{"line":53,"column":8},"end":{"line":58,"column":null}},"14":{"start":{"line":62,"column":8},"end":{"line":62,"column":null}},"15":{"start":{"line":63,"column":8},"end":{"line":63,"column":null}},"16":{"start":{"line":64,"column":8},"end":{"line":64,"column":null}},"17":{"start":{"line":65,"column":8},"end":{"line":70,"column":null}},"18":{"start":{"line":74,"column":8},"end":{"line":74,"column":null}},"19":{"start":{"line":75,"column":8},"end":{"line":77,"column":null}},"20":{"start":{"line":76,"column":10},"end":{"line":76,"column":null}},"21":{"start":{"line":78,"column":8},"end":{"line":78,"column":null}},"22":{"start":{"line":78,"column":24},"end":{"line":78,"column":91}}},"fnMap":{"0":{"name":"(anonymous_0)","decl":{"start":{"line":21,"column":4},"end":{"line":21,"column":5}},"loc":{"start":{"line":21,"column":14},"end":{"line":80,"column":null}},"line":21},"1":{"name":"(anonymous_1)","decl":{"start":{"line":28,"column":18},"end":{"line":28,"column":24}},"loc":{"start":{"line":28,"column":24},"end":{"line":43,"column":null}},"line":28},"2":{"name":"(anonymous_2)","decl":{"start":{"line":45,"column":13},"end":{"line":45,"column":14}},"loc":{"start":{"line":45,"column":87},"end":{"line":59,"column":null}},"line":45},"3":{"name":"(anonymous_3)","decl":{"start":{"line":61,"column":14},"end":{"line":61,"column":20}},"loc":{"start":{"line":61,"column":20},"end":{"line":71,"column":null}},"line":61},"4":{"name":"(anonymous_4)","decl":{"start":{"line":73,"column":26},"end":{"line":73,"column":27}},"loc":{"start":{"line":73,"column":75},"end":{"line":79,"column":null}},"line":73},"5":{"name":"(anonymous_5)","decl":{"start":{"line":78,"column":12},"end":{"line":78,"column":13}},"loc":{"start":{"line":78,"column":24},"end":{"line":78,"column":91}},"line":78}},"branchMap":{"0":{"loc":{"start":{"line":32,"column":8},"end":{"line":42,"column":null}},"type":"if","locations":[{"start":{"line":32,"column":8},"end":{"line":42,"column":null}},{"start":{"line":40,"column":15},"end":{"line":42,"column":null}}],"line":32},"1":{"loc":{"start":{"line":32,"column":12},"end":{"line":32,"column":41}},"type":"binary-expr","locations":[{"start":{"line":32,"column":12},"end":{"line":32,"column":27}},{"start":{"line":32,"column":27},"end":{"line":32,"column":41}}],"line":32},"2":{"loc":{"start":{"line":48,"column":8},"end":{"line":52,"column":null}},"type":"if","locations":[{"start":{"line":48,"column":8},"end":{"line":52,"column":null}},{"start":{"line":50,"column":15},"end":{"line":52,"column":null}}],"line":48},"3":{"loc":{"start":{"line":56,"column":21},"end":{"line":56,"column":null}},"type":"binary-expr","locations":[{"start":{"line":56,"column":21},"end":{"line":56,"column":34}},{"start":{"line":56,"column":34},"end":{"line":56,"column":null}}],"line":56},"4":{"loc":{"start":{"line":75,"column":8},"end":{"line":77,"column":null}},"type":"if","locations":[{"start":{"line":75,"column":8},"end":{"line":77,"column":null}},{"start":{},"end":{}}],"line":75},"5":{"loc":{"start":{"line":78,"column":60},"end":{"line":78,"column":89}},"type":"binary-expr","locations":[{"start":{"line":78,"column":60},"end":{"line":78,"column":73}},{"start":{"line":78,"column":73},"end":{"line":78,"column":89}}],"line":78}},"s":{"0":5,"1":5,"2":5,"3":5,"4":5,"5":5,"6":2,"7":3,"8":22,"9":22,"10":22,"11":0,"12":22,"13":22,"14":8,"15":8,"16":8,"17":8,"18":12,"19":12,"20":0,"21":12,"22":12},"f":{"0":5,"1":5,"2":22,"3":8,"4":12,"5":12},"b":{"0":[2,3],"1":[5,3],"2":[0,22],"3":[22,22],"4":[0,12],"5":[12,12]},"meta":{"lastBranch":6,"lastFunction":6,"lastStatement":23,"seen":{"s:19:13:83:Infinity":0,"f:21:4:21:5":0,"s:21:14:80:Infinity":1,"f:28:18:28:24":1,"s:29:28:29:Infinity":2,"s:30:29:30:Infinity":3,"s:31:26:31:Infinity":4,"b:32:8:42:Infinity:40:15:42:Infinity":0,"s:32:8:42:Infinity":5,"b:32:12:32:27:32:27:32:41":1,"s:33:10:39:Infinity":6,"s:41:10:41:Infinity":7,"f:45:13:45:14":2,"s:46:8:46:Infinity":8,"s:47:8:47:Infinity":9,"b:48:8:52:Infinity:50:15:52:Infinity":2,"s:48:8:52:Infinity":10,"s:49:10:49:Infinity":11,"s:51:10:51:Infinity":12,"s:53:8:58:Infinity":13,"b:56:21:56:34:56:34:56:Infinity":3,"f:61:14:61:20":3,"s:62:8:62:Infinity":14,"s:63:8:63:Infinity":15,"s:64:8:64:Infinity":16,"s:65:8:70:Infinity":17,"f:73:26:73:27":4,"s:74:8:74:Infinity":18,"b:75:8:77:Infinity:undefined:undefined:undefined:undefined":4,"s:75:8:77:Infinity":19,"s:76:10:76:Infinity":20,"s:78:8:78:Infinity":21,"f:78:12:78:13":5,"s:78:24:78:91":22,"b:78:60:78:73:78:73:78:89":5},"fnNames":{}}}
,"/home/dan/repos/personal/taskflows/frontend/src/stores/index.ts": {"path":"/home/dan/repos/personal/taskflows/frontend/src/stores/index.ts","statementMap":{},"fnMap":{},"branchMap":{},"s":{},"f":{},"b":{},"meta":{"lastBranch":0,"lastFunction":0,"lastStatement":0,"seen":{},"fnNames":{}}}
,"/home/dan/repos/personal/taskflows/frontend/src/stores/serviceStore.ts": {"path":"/home/dan/repos/personal/taskflows/frontend/src/stores/serviceStore.ts","statementMap":{"0":{"start":{"line":6,"column":28},"end":{"line":6,"column":null}},"1":{"start":{"line":7,"column":21},"end":{"line":7,"column":null}},"2":{"start":{"line":10,"column":2},"end":{"line":17,"column":null}},"3":{"start":{"line":11,"column":19},"end":{"line":11,"column":null}},"4":{"start":{"line":12,"column":4},"end":{"line":14,"column":null}},"5":{"start":{"line":13,"column":6},"end":{"line":13,"column":null}},"6":{"start":{"line":18,"column":2},"end":{"line":18,"column":null}},"7":{"start":{"line":22,"column":2},"end":{"line":29,"column":null}},"8":{"start":{"line":23,"column":19},"end":{"line":23,"column":null}},"9":{"start":{"line":24,"column":4},"end":{"line":26,"column":null}},"10":{"start":{"line":25,"column":6},"end":{"line":25,"column":null}},"11":{"start":{"line":30,"column":2},"end":{"line":30,"column":null}},"12":{"start":{"line":49,"column":13},"end":{"line":98,"column":null}},"13":{"start":{"line":51,"column":14},"end":{"line":95,"column":null}},"14":{"start":{"line":58,"column":8},"end":{"line":66,"column":null}},"15":{"start":{"line":59,"column":30},"end":{"line":59,"column":null}},"16":{"start":{"line":60,"column":10},"end":{"line":64,"column":null}},"17":{"start":{"line":61,"column":12},"end":{"line":61,"column":null}},"18":{"start":{"line":63,"column":12},"end":{"line":63,"column":null}},"19":{"start":{"line":65,"column":10},"end":{"line":65,"column":null}},"20":{"start":{"line":70,"column":8},"end":{"line":70,"column":null}},"21":{"start":{"line":74,"column":8},"end":{"line":74,"column":null}},"22":{"start":{"line":78,"column":8},"end":{"line":78,"column":null}},"23":{"start":{"line":82,"column":8},"end":{"line":88,"column":null}},"24":{"start":{"line":83,"column":29},"end":{"line":85,"column":null}},"25":{"start":{"line":84,"column":50},"end":{"line":84,"column":65}},"26":{"start":{"line":86,"column":10},"end":{"line":86,"column":null}},"27":{"start":{"line":87,"column":10},"end":{"line":87,"column":null}},"28":{"start":{"line":92,"column":8},"end":{"line":92,"column":null}},"29":{"start":{"line":93,"column":8},"end":{"line":93,"column":null}}},"fnMap":{"0":{"name":"loadVisibleColumns","decl":{"start":{"line":9,"column":9},"end":{"line":9,"column":42}},"loc":{"start":{"line":9,"column":42},"end":{"line":19,"column":null}},"line":9},"1":{"name":"loadTimezone","decl":{"start":{"line":21,"column":9},"end":{"line":21,"column":32}},"loc":{"start":{"line":21,"column":32},"end":{"line":31,"column":null}},"line":21},"2":{"name":"(anonymous_2)","decl":{"start":{"line":51,"column":4},"end":{"line":51,"column":5}},"loc":{"start":{"line":51,"column":14},"end":{"line":95,"column":null}},"line":51},"3":{"name":"(anonymous_3)","decl":{"start":{"line":57,"column":23},"end":{"line":57,"column":24}},"loc":{"start":{"line":57,"column":48},"end":{"line":67,"column":null}},"line":57},"4":{"name":"(anonymous_4)","decl":{"start":{"line":58,"column":12},"end":{"line":58,"column":13}},"loc":{"start":{"line":58,"column":23},"end":{"line":66,"column":9}},"line":58},"5":{"name":"(anonymous_5)","decl":{"start":{"line":69,"column":17},"end":{"line":69,"column":18}},"loc":{"start":{"line":69,"column":45},"end":{"line":71,"column":null}},"line":69},"6":{"name":"(anonymous_6)","decl":{"start":{"line":73,"column":22},"end":{"line":73,"column":28}},"loc":{"start":{"line":73,"column":28},"end":{"line":75,"column":null}},"line":73},"7":{"name":"(anonymous_7)","decl":{"start":{"line":77,"column":22},"end":{"line":77,"column":23}},"loc":{"start":{"line":77,"column":41},"end":{"line":79,"column":null}},"line":77},"8":{"name":"(anonymous_8)","decl":{"start":{"line":81,"column":20},"end":{"line":81,"column":21}},"loc":{"start":{"line":81,"column":44},"end":{"line":89,"column":null}},"line":81},"9":{"name":"(anonymous_9)","decl":{"start":{"line":82,"column":12},"end":{"line":82,"column":13}},"loc":{"start":{"line":82,"column":23},"end":{"line":88,"column":9}},"line":82},"10":{"name":"(anonymous_10)","decl":{"start":{"line":84,"column":42},"end":{"line":84,"column":43}},"loc":{"start":{"line":84,"column":50},"end":{"line":84,"column":65}},"line":84},"11":{"name":"(anonymous_11)","decl":{"start":{"line":91,"column":19},"end":{"line":91,"column":20}},"loc":{"start":{"line":91,"column":41},"end":{"line":94,"column":null}},"line":91}},"branchMap":{"0":{"loc":{"start":{"line":12,"column":4},"end":{"line":14,"column":null}},"type":"if","locations":[{"start":{"line":12,"column":4},"end":{"line":14,"column":null}},{"start":{},"end":{}}],"line":12},"1":{"loc":{"start":{"line":24,"column":4},"end":{"line":26,"column":null}},"type":"if","locations":[{"start":{"line":24,"column":4},"end":{"line":26,"column":null}},{"start":{},"end":{}}],"line":24},"2":{"loc":{"start":{"line":60,"column":10},"end":{"line":64,"column":null}},"type":"if","locations":[{"start":{"line":60,"column":10},"end":{"line":64,"column":null}},{"start":{"line":62,"column":17},"end":{"line":64,"column":null}}],"line":60},"3":{"loc":{"start":{"line":83,"column":29},"end":{"line":85,"column":null}},"type":"cond-expr","locations":[{"start":{"line":84,"column":14},"end":{"line":84,"column":null}},{"start":{"line":85,"column":14},"end":{"line":85,"column":null}}],"line":83}},"s":{"0":0,"1":0,"2":0,"3":0,"4":0,"5":0,"6":0,"7":0,"8":0,"9":0,"10":0,"11":0,"12":0,"13":0,"14":0,"15":0,"16":0,"17":0,"18":0,"19":0,"20":0,"21":0,"22":0,"23":0,"24":0,"25":0,"26":0,"27":0,"28":0,"29":0},"f":{"0":0,"1":0,"2":0,"3":0,"4":0,"5":0,"6":0,"7":0,"8":0,"9":0,"10":0,"11":0},"b":{"0":[0,0],"1":[0,0],"2":[0,0],"3":[0,0]},"meta":{"lastBranch":4,"lastFunction":12,"lastStatement":30,"seen":{"s:6:28:6:Infinity":0,"s:7:21:7:Infinity":1,"f:9:9:9:42":0,"s:10:2:17:Infinity":2,"s:11:19:11:Infinity":3,"b:12:4:14:Infinity:undefined:undefined:undefined:undefined":0,"s:12:4:14:Infinity":4,"s:13:6:13:Infinity":5,"s:18:2:18:Infinity":6,"f:21:9:21:32":1,"s:22:2:29:Infinity":7,"s:23:19:23:Infinity":8,"b:24:4:26:Infinity:undefined:undefined:undefined:undefined":1,"s:24:4:26:Infinity":9,"s:25:6:25:Infinity":10,"s:30:2:30:Infinity":11,"s:49:13:98:Infinity":12,"f:51:4:51:5":2,"s:51:14:95:Infinity":13,"f:57:23:57:24":3,"s:58:8:66:Infinity":14,"f:58:12:58:13":4,"s:59:30:59:Infinity":15,"b:60:10:64:Infinity:62:17:64:Infinity":2,"s:60:10:64:Infinity":16,"s:61:12:61:Infinity":17,"s:63:12:63:Infinity":18,"s:65:10:65:Infinity":19,"f:69:17:69:18":5,"s:70:8:70:Infinity":20,"f:73:22:73:28":6,"s:74:8:74:Infinity":21,"f:77:22:77:23":7,"s:78:8:78:Infinity":22,"f:81:20:81:21":8,"s:82:8:88:Infinity":23,"f:82:12:82:13":9,"s:83:29:85:Infinity":24,"b:84:14:84:Infinity:85:14:85:Infinity":3,"f:84:42:84:43":10,"s:84:50:84:65":25,"s:86:10:86:Infinity":26,"s:87:10:87:Infinity":27,"f:91:19:91:20":11,"s:92:8:92:Infinity":28,"s:93:8:93:Infinity":29},"fnNames":{}}}
,"/home/dan/repos/personal/taskflows/frontend/src/types/auth.ts": {"path":"/home/dan/repos/personal/taskflows/frontend/src/types/auth.ts","statementMap":{},"fnMap":{},"branchMap":{},"s":{},"f":{},"b":{},"meta":{"lastBranch":0,"lastFunction":0,"lastStatement":0,"seen":{},"fnNames":{}}}
,"/home/dan/repos/personal/taskflows/frontend/src/types/environment.ts": {"path":"/home/dan/repos/personal/taskflows/frontend/src/types/environment.ts","statementMap":{},"fnMap":{},"branchMap":{},"s":{},"f":{},"b":{},"meta":{"lastBranch":0,"lastFunction":0,"lastStatement":0,"seen":{},"fnNames":{}}}
,"/home/dan/repos/personal/taskflows/frontend/src/types/index.ts": {"path":"/home/dan/repos/personal/taskflows/frontend/src/types/index.ts","statementMap":{},"fnMap":{},"branchMap":{},"s":{},"f":{},"b":{},"meta":{"lastBranch":0,"lastFunction":0,"lastStatement":0,"seen":{},"fnNames":{}}}
,"/home/dan/repos/personal/taskflows/frontend/src/types/service.ts": {"path":"/home/dan/repos/personal/taskflows/frontend/src/types/service.ts","statementMap":{},"fnMap":{},"branchMap":{},"s":{},"f":{},"b":{},"meta":{"lastBranch":0,"lastFunction":0,"lastStatement":0,"seen":{},"fnNames":{}}}
,"/home/dan/repos/personal/taskflows/frontend/src/utils/error.ts": {"path":"/home/dan/repos/personal/taskflows/frontend/src/utils/error.ts","statementMap":{"0":{"start":{"line":2,"column":2},"end":{"line":2,"column":null}},"1":{"start":{"line":2,"column":30},"end":{"line":2,"column":null}},"2":{"start":{"line":3,"column":2},"end":{"line":3,"column":null}},"3":{"start":{"line":3,"column":33},"end":{"line":3,"column":null}},"4":{"start":{"line":4,"column":2},"end":{"line":4,"column":null}}},"fnMap":{"0":{"name":"getErrorMessage","decl":{"start":{"line":1,"column":16},"end":{"line":1,"column":32}},"loc":{"start":{"line":1,"column":56},"end":{"line":5,"column":null}},"line":1}},"branchMap":{"0":{"loc":{"start":{"line":2,"column":2},"end":{"line":2,"column":null}},"type":"if","locations":[{"start":{"line":2,"column":2},"end":{"line":2,"column":null}},{"start":{},"end":{}}],"line":2},"1":{"loc":{"start":{"line":3,"column":2},"end":{"line":3,"column":null}},"type":"if","locations":[{"start":{"line":3,"column":2},"end":{"line":3,"column":null}},{"start":{},"end":{}}],"line":3}},"s":{"0":0,"1":0,"2":0,"3":0,"4":0},"f":{"0":0},"b":{"0":[0,0],"1":[0,0]},"meta":{"lastBranch":2,"lastFunction":1,"lastStatement":5,"seen":{"f:1:16:1:32":0,"b:2:2:2:Infinity:undefined:undefined:undefined:undefined":0,"s:2:2:2:Infinity":0,"s:2:30:2:Infinity":1,"b:3:2:3:Infinity:undefined:undefined:undefined:undefined":1,"s:3:2:3:Infinity":2,"s:3:33:3:Infinity":3,"s:4:2:4:Infinity":4},"fnNames":{}}}
,"/home/dan/repos/personal/taskflows/frontend/src/utils/logger.ts": {"path":"/home/dan/repos/personal/taskflows/frontend/src/utils/logger.ts","statementMap":{"0":{"start":{"line":1,"column":22},"end":{"line":11,"column":null}},"1":{"start":{"line":3,"column":4},"end":{"line":3,"column":null}},"2":{"start":{"line":3,"column":29},"end":{"line":3,"column":null}},"3":{"start":{"line":6,"column":4},"end":{"line":6,"column":null}},"4":{"start":{"line":6,"column":29},"end":{"line":6,"column":null}},"5":{"start":{"line":9,"column":4},"end":{"line":9,"column":null}},"6":{"start":{"line":9,"column":29},"end":{"line":9,"column":null}}},"fnMap":{"0":{"name":"(anonymous_0)","decl":{"start":{"line":2,"column":9},"end":{"line":2,"column":13}},"loc":{"start":{"line":2,"column":33},"end":{"line":4,"column":null}},"line":2},"1":{"name":"(anonymous_1)","decl":{"start":{"line":5,"column":8},"end":{"line":5,"column":12}},"loc":{"start":{"line":5,"column":32},"end":{"line":7,"column":null}},"line":5},"2":{"name":"(anonymous_2)","decl":{"start":{"line":8,"column":7},"end":{"line":8,"column":11}},"loc":{"start":{"line":8,"column":31},"end":{"line":10,"column":null}},"line":8}},"branchMap":{"0":{"loc":{"start":{"line":3,"column":4},"end":{"line":3,"column":null}},"type":"if","locations":[{"start":{"line":3,"column":4},"end":{"line":3,"column":null}},{"start":{},"end":{}}],"line":3},"1":{"loc":{"start":{"line":6,"column":4},"end":{"line":6,"column":null}},"type":"if","locations":[{"start":{"line":6,"column":4},"end":{"line":6,"column":null}},{"start":{},"end":{}}],"line":6},"2":{"loc":{"start":{"line":9,"column":4},"end":{"line":9,"column":null}},"type":"if","locations":[{"start":{"line":9,"column":4},"end":{"line":9,"column":null}},{"start":{},"end":{}}],"line":9}},"s":{"0":4,"1":0,"2":0,"3":0,"4":0,"5":0,"6":0},"f":{"0":0,"1":0,"2":0},"b":{"0":[0,0],"1":[0,0],"2":[0,0]},"meta":{"lastBranch":3,"lastFunction":3,"lastStatement":7,"seen":{"s:1:22:11:Infinity":0,"f:2:9:2:13":0,"b:3:4:3:Infinity:undefined:undefined:undefined:undefined":0,"s:3:4:3:Infinity":1,"s:3:29:3:Infinity":2,"f:5:8:5:12":1,"b:6:4:6:Infinity:undefined:undefined:undefined:undefined":1,"s:6:4:6:Infinity":3,"s:6:29:6:Infinity":4,"f:8:7:8:11":2,"b:9:4:9:Infinity:undefined:undefined:undefined:undefined":2,"s:9:4:9:Infinity":5,"s:9:29:9:Infinity":6},"fnNames":{}}}
}
