TN:
SF:src/App.tsx
FN:16,ProtectedRoute
FN:17,(anonymous_1)
FN:26,App
FN:27,(anonymous_3)
FN:29,(anonymous_4)
FNF:5
FNH:0
FNDA:0,ProtectedRoute
FNDA:0,(anonymous_1)
FNDA:0,App
FNDA:0,(anonymous_3)
FNDA:0,(anonymous_4)
DA:17,0
DA:19,0
DA:20,0
DA:23,0
DA:27,0
DA:29,0
DA:30,0
DA:33,0
LF:8
LH:0
BRDA:19,0,0,0
BRDA:19,0,1,0
BRF:2
BRH:0
end_of_record
TN:
SF:src/api/client.ts
FN:9,refreshAccessToken
FN:34,(anonymous_1)
FN:42,(anonymous_2)
FN:65,login
FN:80,logout
FN:96,getServices
FN:118,serviceAction
FN:129,batchAction
FN:144,getLogs
FN:155,getEnvironments
FN:165,getEnvironment
FN:175,createEnvironment
FN:190,updateEnvironment
FN:205,deleteEnvironment
FNF:14
FNH:11
FNDA:5,refreshAccessToken
FNDA:0,(anonymous_1)
FNDA:0,(anonymous_2)
FNDA:9,login
FNDA:3,logout
FNDA:12,getServices
FNDA:5,serviceAction
FNDA:6,batchAction
FNDA:0,getLogs
FNDA:2,getEnvironments
FNDA:2,getEnvironment
FNDA:2,createEnvironment
FNDA:2,updateEnvironment
FNDA:2,deleteEnvironment
DA:6,4
DA:10,5
DA:11,5
DA:13,5
DA:14,5
DA:20,5
DA:21,3
DA:22,3
DA:23,3
DA:26,0
DA:29,2
DA:33,4
DA:35,0
DA:36,0
DA:37,0
DA:39,0
DA:43,0
DA:44,0
DA:45,0
DA:47,0
DA:48,0
DA:49,0
DA:53,0
DA:56,0
DA:61,4
DA:62,4
DA:66,9
DA:72,8
DA:73,4
DA:74,4
DA:77,4
DA:81,3
DA:82,3
DA:83,3
DA:91,3
DA:97,12
DA:98,12
DA:102,11
DA:103,5
DA:104,5
DA:105,3
DA:108,3
DA:109,2
DA:111,2
DA:114,6
DA:115,5
DA:119,5
DA:120,5
DA:125,5
DA:126,4
DA:130,6
DA:131,6
DA:140,6
DA:141,5
DA:145,0
DA:146,0
DA:150,0
DA:151,0
DA:156,2
DA:157,2
DA:161,2
DA:162,1
DA:166,2
DA:167,2
DA:171,2
DA:172,1
DA:176,2
DA:177,2
DA:186,2
DA:187,1
DA:191,2
DA:192,2
DA:201,2
DA:202,1
DA:206,2
DA:207,2
DA:212,2
DA:213,1
LF:78
LH:61
BRDA:11,0,0,0
BRDA:11,0,1,5
BRDA:20,1,0,3
BRDA:20,1,1,2
BRDA:36,2,0,0
BRDA:36,2,1,0
BRDA:43,3,0,0
BRDA:43,3,1,0
BRDA:45,4,0,0
BRDA:45,4,1,0
BRDA:72,5,0,4
BRDA:72,5,1,4
BRDA:74,6,0,4
BRDA:74,6,1,0
BRDA:87,7,0,2
BRDA:87,7,1,1
BRDA:102,8,0,5
BRDA:102,8,1,6
BRDA:104,9,0,3
BRDA:104,9,1,2
BRDA:108,10,0,1
BRDA:108,10,1,2
BRDA:114,11,0,1
BRDA:114,11,1,5
BRDA:125,12,0,1
BRDA:125,12,1,4
BRDA:140,13,0,1
BRDA:140,13,1,5
BRDA:144,14,0,0
BRDA:150,15,0,0
BRDA:150,15,1,0
BRDA:161,16,0,1
BRDA:161,16,1,1
BRDA:171,17,0,1
BRDA:171,17,1,1
BRDA:186,18,0,1
BRDA:186,18,1,1
BRDA:201,19,0,1
BRDA:201,19,1,1
BRDA:212,20,0,1
BRDA:212,20,1,1
BRF:41
BRH:30
end_of_record
TN:
SF:src/api/index.ts
FNF:0
FNH:0
LF:0
LH:0
BRF:0
BRH:0
end_of_record
TN:
SF:src/components/environments/DynamicFieldList.tsx
FN:15,DynamicFieldList
FN:38,(anonymous_1)
FN:45,(anonymous_2)
FN:51,(anonymous_3)
FN:72,PortMappingField
FN:78,(anonymous_5)
FN:85,(anonymous_6)
FN:98,VolumeMappingField
FN:104,(anonymous_8)
FN:111,(anonymous_9)
FN:124,EnvVarField
FN:130,(anonymous_11)
FN:137,(anonymous_12)
FNF:13
FNH:0
FNDA:0,DynamicFieldList
FNDA:0,(anonymous_1)
FNDA:0,(anonymous_2)
FNDA:0,(anonymous_3)
FNDA:0,PortMappingField
FNDA:0,(anonymous_5)
FNDA:0,(anonymous_6)
FNDA:0,VolumeMappingField
FNDA:0,(anonymous_8)
FNDA:0,(anonymous_9)
FNDA:0,EnvVarField
FNDA:0,(anonymous_11)
FNDA:0,(anonymous_12)
DA:25,0
DA:39,0
DA:42,0
DA:45,0
DA:51,0
DA:73,0
DA:78,0
DA:85,0
DA:99,0
DA:104,0
DA:111,0
DA:125,0
DA:130,0
DA:137,0
LF:14
LH:0
BRDA:23,0,0,0
BRDA:34,1,0,0
BRDA:34,1,1,0
BRDA:39,2,0,0
BRDA:39,2,1,0
BRF:5
BRH:0
end_of_record
TN:
SF:src/components/environments/EnvironmentForm.tsx
FN:39,EnvironmentForm
FN:61,(anonymous_1)
FN:68,(anonymous_2)
FN:90,(anonymous_3)
FN:108,(anonymous_4)
FN:145,(anonymous_5)
FN:154,(anonymous_6)
FN:162,(anonymous_7)
FN:173,(anonymous_8)
FN:183,(anonymous_9)
FN:190,(anonymous_10)
FN:197,(anonymous_11)
FN:204,(anonymous_12)
FN:210,(anonymous_13)
FN:211,(anonymous_14)
FN:211,(anonymous_15)
FN:212,(anonymous_16)
FN:217,(anonymous_17)
FN:230,(anonymous_18)
FN:231,(anonymous_19)
FN:231,(anonymous_20)
FN:232,(anonymous_21)
FN:237,(anonymous_22)
FN:250,(anonymous_23)
FN:251,(anonymous_24)
FN:251,(anonymous_25)
FN:252,(anonymous_26)
FN:257,(anonymous_27)
FN:273,(anonymous_28)
FNF:29
FNH:0
FNDA:0,EnvironmentForm
FNDA:0,(anonymous_1)
FNDA:0,(anonymous_2)
FNDA:0,(anonymous_3)
FNDA:0,(anonymous_4)
FNDA:0,(anonymous_5)
FNDA:0,(anonymous_6)
FNDA:0,(anonymous_7)
FNDA:0,(anonymous_8)
FNDA:0,(anonymous_9)
FNDA:0,(anonymous_10)
FNDA:0,(anonymous_11)
FNDA:0,(anonymous_12)
FNDA:0,(anonymous_13)
FNDA:0,(anonymous_14)
FNDA:0,(anonymous_15)
FNDA:0,(anonymous_16)
FNDA:0,(anonymous_17)
FNDA:0,(anonymous_18)
FNDA:0,(anonymous_19)
FNDA:0,(anonymous_20)
FNDA:0,(anonymous_21)
FNDA:0,(anonymous_22)
FNDA:0,(anonymous_23)
FNDA:0,(anonymous_24)
FNDA:0,(anonymous_25)
FNDA:0,(anonymous_26)
FNDA:0,(anonymous_27)
FNDA:0,(anonymous_28)
DA:13,0
DA:22,0
DA:29,0
DA:40,0
DA:41,0
DA:42,0
DA:43,0
DA:45,0
DA:46,0
DA:49,0
DA:52,0
DA:53,0
DA:54,0
DA:55,0
DA:56,0
DA:57,0
DA:58,0
DA:59,0
DA:61,0
DA:65,0
DA:68,0
DA:69,0
DA:72,0
DA:73,0
DA:75,0
DA:76,0
DA:77,0
DA:78,0
DA:79,0
DA:80,0
DA:81,0
DA:82,0
DA:83,0
DA:85,0
DA:90,0
DA:91,0
DA:93,0
DA:108,0
DA:113,0
DA:114,0
DA:115,0
DA:116,0
DA:118,0
DA:119,0
DA:121,0
DA:123,0
DA:124,0
DA:125,0
DA:133,0
DA:145,0
DA:154,0
DA:162,0
DA:173,0
DA:183,0
DA:190,0
DA:197,0
DA:204,0
DA:210,0
DA:211,0
DA:213,0
DA:214,0
DA:215,0
DA:218,0
DA:230,0
DA:231,0
DA:233,0
DA:234,0
DA:235,0
DA:238,0
DA:250,0
DA:251,0
DA:253,0
DA:254,0
DA:255,0
DA:258,0
DA:273,0
LF:76
LH:0
BRDA:39,0,0,0
BRDA:45,1,0,0
BRDA:45,1,1,0
BRDA:46,2,0,0
BRDA:46,2,1,0
BRDA:49,3,0,0
BRDA:49,3,1,0
BRDA:52,4,0,0
BRDA:52,4,1,0
BRDA:53,5,0,0
BRDA:53,5,1,0
BRDA:54,6,0,0
BRDA:54,6,1,0
BRDA:55,7,0,0
BRDA:55,7,1,0
BRDA:56,8,0,0
BRDA:56,8,1,0
BRDA:57,9,0,0
BRDA:57,9,1,0
BRDA:58,10,0,0
BRDA:58,10,1,0
BRDA:60,11,0,0
BRDA:60,11,1,0
BRDA:65,12,0,0
BRDA:65,12,1,0
BRDA:72,13,0,0
BRDA:72,13,1,0
BRDA:73,14,0,0
BRDA:73,14,1,0
BRDA:83,15,0,0
BRDA:83,15,1,0
BRDA:96,16,0,0
BRDA:96,16,1,0
BRDA:99,17,0,0
BRDA:99,17,1,0
BRDA:104,18,0,0
BRDA:104,18,1,0
BRDA:114,19,0,0
BRDA:114,19,1,0
BRDA:114,20,0,0
BRDA:114,20,1,0
BRDA:124,21,0,0
BRDA:124,21,1,0
BRDA:126,22,0,0
BRDA:126,22,1,0
BRDA:138,23,0,0
BRDA:138,23,1,0
BRDA:158,24,0,0
BRDA:158,24,1,0
BRDA:168,25,0,0
BRDA:168,25,1,0
BRDA:278,26,0,0
BRDA:278,26,1,0
BRF:53
BRH:0
end_of_record
TN:
SF:src/components/environments/EnvironmentTable.tsx
FN:12,EnvironmentTable
FN:17,(anonymous_1)
FN:96,(anonymous_2)
FN:121,(anonymous_3)
FNF:4
FNH:0
FNDA:0,EnvironmentTable
FNDA:0,(anonymous_1)
FNDA:0,(anonymous_2)
FNDA:0,(anonymous_3)
DA:13,0
DA:14,0
DA:15,0
DA:17,0
DA:18,0
DA:25,0
DA:27,0
DA:28,0
DA:29,0
DA:31,0
DA:32,0
DA:33,0
DA:37,0
DA:97,0
DA:121,0
LF:15
LH:0
BRDA:25,0,0,0
BRDA:25,0,1,0
BRDA:32,1,0,0
BRDA:32,1,1,0
BRDA:58,2,0,0
BRDA:58,2,1,0
BRDA:86,3,0,0
BRDA:86,3,1,0
BRDA:102,4,0,0
BRDA:102,4,1,0
BRDA:103,5,0,0
BRDA:103,5,1,0
BRDA:107,6,0,0
BRDA:107,6,1,0
BRDA:108,7,0,0
BRDA:108,7,1,0
BRF:16
BRH:0
end_of_record
TN:
SF:src/components/environments/index.ts
FNF:0
FNH:0
LF:0
LH:0
BRF:0
BRH:0
end_of_record
TN:
SF:src/components/layout/Header.tsx
FN:14,Header
FN:21,(anonymous_1)
FNF:2
FNH:0
FNDA:0,Header
FNDA:0,(anonymous_1)
DA:15,0
DA:22,0
LF:2
LH:0
BRDA:19,0,0,0
BRDA:19,0,1,0
BRDA:19,0,2,0
BRDA:23,1,0,0
BRDA:23,1,1,0
BRDA:24,2,0,0
BRDA:24,2,1,0
BRDA:37,3,0,0
BRDA:37,3,1,0
BRF:9
BRH:0
end_of_record
TN:
SF:src/components/layout/MainLayout.tsx
FN:4,MainLayout
FNF:1
FNH:0
FNDA:0,MainLayout
DA:5,0
LF:1
LH:0
BRF:0
BRH:0
end_of_record
TN:
SF:src/components/layout/Sidebar.tsx
FN:13,NavItem
FN:17,(anonymous_1)
FN:32,Sidebar
FN:35,(anonymous_3)
FNF:4
FNH:0
FNDA:0,NavItem
FNDA:0,(anonymous_1)
FNDA:0,Sidebar
FNDA:0,(anonymous_3)
DA:14,0
DA:17,0
DA:33,0
DA:35,0
DA:36,0
DA:37,0
DA:40,0
LF:7
LH:0
BRDA:20,0,0,0
BRDA:20,0,1,0
BRF:2
BRH:0
end_of_record
TN:
SF:src/components/layout/index.ts
FNF:0
FNH:0
LF:0
LH:0
BRF:0
BRH:0
end_of_record
TN:
SF:src/components/logs/LogViewer.tsx
FN:19,LogViewer
FN:31,(anonymous_1)
FN:35,(anonymous_2)
FN:40,(anonymous_3)
FN:47,(anonymous_4)
FN:51,(anonymous_5)
FN:66,(anonymous_6)
FN:69,(anonymous_7)
FN:73,(anonymous_8)
FN:96,(anonymous_9)
FN:103,(anonymous_10)
FN:111,(anonymous_11)
FNF:12
FNH:0
FNDA:0,LogViewer
FNDA:0,(anonymous_1)
FNDA:0,(anonymous_2)
FNDA:0,(anonymous_3)
FNDA:0,(anonymous_4)
FNDA:0,(anonymous_5)
FNDA:0,(anonymous_6)
FNDA:0,(anonymous_7)
FNDA:0,(anonymous_8)
FNDA:0,(anonymous_9)
FNDA:0,(anonymous_10)
FNDA:0,(anonymous_11)
DA:12,0
DA:20,0
DA:21,0
DA:22,0
DA:23,0
DA:24,0
DA:26,0
DA:27,0
DA:29,0
DA:31,0
DA:32,0
DA:33,0
DA:34,0
DA:35,0
DA:40,0
DA:41,0
DA:42,0
DA:47,0
DA:48,0
DA:49,0
DA:51,0
DA:53,0
DA:56,0
DA:57,0
DA:58,0
DA:61,0
DA:65,0
DA:66,0
DA:69,0
DA:70,0
DA:73,0
DA:74,0
DA:75,0
DA:76,0
DA:77,0
DA:78,0
DA:79,0
DA:80,0
DA:81,0
DA:82,0
DA:85,0
DA:96,0
DA:103,0
DA:111,0
LF:44
LH:0
BRDA:29,0,0,0
BRDA:29,0,1,0
BRDA:32,1,0,0
BRDA:32,1,1,0
BRDA:41,2,0,0
BRDA:41,2,1,0
BRDA:41,3,0,0
BRDA:41,3,1,0
BRDA:49,4,0,0
BRDA:49,4,1,0
BRDA:56,5,0,0
BRDA:56,5,1,0
BRDA:56,6,0,0
BRDA:56,6,1,0
BRDA:58,7,0,0
BRDA:58,7,1,0
BRDA:60,8,0,0
BRDA:60,8,1,0
BRDA:117,9,0,0
BRDA:117,9,1,0
BRDA:128,10,0,0
BRDA:128,10,1,0
BRDA:157,11,0,0
BRDA:157,11,1,0
BRF:24
BRH:0
end_of_record
TN:
SF:src/components/logs/index.ts
FNF:0
FNH:0
LF:0
LH:0
BRF:0
BRH:0
end_of_record
TN:
SF:src/components/services/BatchActions.tsx
FN:7,BatchActions
FN:17,(anonymous_1)
FN:57,(anonymous_2)
FN:66,(anonymous_3)
FN:75,(anonymous_4)
FNF:5
FNH:0
FNDA:0,BatchActions
FNDA:0,(anonymous_1)
FNDA:0,(anonymous_2)
FNDA:0,(anonymous_3)
FNDA:0,(anonymous_4)
DA:8,0
DA:9,0
DA:10,0
DA:11,0
DA:12,0
DA:14,0
DA:15,0
DA:17,0
DA:18,0
DA:20,0
DA:23,0
DA:24,0
DA:30,0
DA:33,0
DA:34,0
DA:35,0
DA:36,0
DA:37,0
DA:39,0
DA:40,0
DA:41,0
DA:43,0
DA:47,0
DA:57,0
DA:66,0
DA:75,0
LF:26
LH:0
BRDA:18,0,0,0
BRDA:18,0,1,0
BRDA:23,1,0,0
BRDA:23,1,1,0
BRDA:23,2,0,0
BRDA:23,2,1,0
BRDA:28,3,0,0
BRDA:28,3,1,0
BRDA:30,4,0,0
BRDA:30,4,1,0
BRDA:40,5,0,0
BRDA:40,5,1,0
BRDA:55,6,0,0
BRDA:55,6,1,0
BRDA:64,7,0,0
BRDA:64,7,1,0
BRDA:73,8,0,0
BRDA:73,8,1,0
BRF:18
BRH:0
end_of_record
TN:
SF:src/components/services/ServiceRow.tsx
FN:15,ServiceRow
FN:23,(anonymous_1)
FN:42,(anonymous_2)
FN:66,(anonymous_3)
FN:75,(anonymous_4)
FN:86,(anonymous_5)
FN:94,(anonymous_6)
FNF:7
FNH:0
FNDA:0,ServiceRow
FNDA:0,(anonymous_1)
FNDA:0,(anonymous_2)
FNDA:0,(anonymous_3)
FNDA:0,(anonymous_4)
FNDA:0,(anonymous_5)
FNDA:0,(anonymous_6)
DA:16,0
DA:17,0
DA:18,0
DA:19,0
DA:21,0
DA:23,0
DA:24,0
DA:25,0
DA:26,0
DA:27,0
DA:29,0
DA:30,0
DA:31,0
DA:33,0
DA:37,0
DA:42,0
DA:66,0
DA:75,0
DA:86,0
DA:94,0
LF:20
LH:0
BRDA:21,0,0,0
BRDA:21,0,1,0
BRDA:30,1,0,0
BRDA:30,1,1,0
BRDA:52,2,0,0
BRDA:52,2,1,0
BRDA:55,3,0,0
BRDA:55,3,1,0
BRDA:59,4,0,0
BRDA:59,4,1,0
BRF:10
BRH:0
end_of_record
TN:
SF:src/components/services/ServiceTable.tsx
FN:15,ServiceTable
FN:21,(anonymous_1)
FN:23,(anonymous_2)
FN:28,(anonymous_3)
FN:29,(anonymous_4)
FN:31,(anonymous_5)
FN:35,(anonymous_6)
FN:48,(anonymous_7)
FN:119,(anonymous_8)
FNF:9
FNH:0
FNDA:0,ServiceTable
FNDA:0,(anonymous_1)
FNDA:0,(anonymous_2)
FNDA:0,(anonymous_3)
FNDA:0,(anonymous_4)
FNDA:0,(anonymous_5)
FNDA:0,(anonymous_6)
FNDA:0,(anonymous_7)
FNDA:0,(anonymous_8)
DA:16,0
DA:19,0
DA:21,0
DA:22,0
DA:23,0
DA:24,0
DA:28,0
DA:29,0
DA:31,0
DA:32,0
DA:33,0
DA:35,0
DA:39,0
DA:48,0
DA:120,0
LF:15
LH:0
BRDA:22,0,0,0
BRDA:22,0,1,0
BRDA:28,1,0,0
BRDA:28,1,1,0
BRDA:29,2,0,0
BRDA:29,2,1,0
BRDA:32,3,0,0
BRDA:32,3,1,0
BRDA:84,4,0,0
BRDA:84,4,1,0
BRDA:84,5,0,0
BRDA:84,5,1,0
BRDA:112,6,0,0
BRDA:112,6,1,0
BRF:14
BRH:0
end_of_record
TN:
SF:src/components/services/StatusBadge.tsx
FN:8,StatusBadge
FNF:1
FNH:1
FNDA:7,StatusBadge
DA:9,7
DA:10,2
DA:13,5
DA:14,2
DA:17,3
DA:18,1
DA:21,2
LF:7
LH:7
BRDA:9,0,0,2
BRDA:9,0,1,5
BRDA:9,1,0,7
BRDA:9,1,1,6
BRDA:13,2,0,2
BRDA:13,2,1,3
BRDA:13,3,0,5
BRDA:13,3,1,4
BRDA:17,4,0,1
BRDA:17,4,1,2
BRDA:21,5,0,2
BRDA:21,5,1,1
BRF:12
BRH:12
end_of_record
TN:
SF:src/components/services/index.ts
FNF:0
FNH:0
LF:0
LH:0
BRF:0
BRH:0
end_of_record
TN:
SF:src/components/ui/Badge.tsx
FN:19,Badge
FNF:1
FNH:1
FNDA:14,Badge
DA:11,3
DA:20,14
LF:2
LH:2
BRDA:19,0,0,14
BRF:1
BRH:1
end_of_record
TN:
SF:src/components/ui/Button.tsx
FN:28,(anonymous_0)
FNF:1
FNH:1
FNDA:75,(anonymous_0)
DA:14,2
DA:21,2
DA:27,2
DA:41,75
DA:82,2
LF:5
LH:5
BRDA:30,0,0,75
BRDA:31,1,0,75
BRDA:32,2,0,75
BRDA:33,3,0,75
BRDA:48,4,0,75
BRDA:48,4,1,75
BRDA:51,5,0,75
BRDA:51,5,1,75
BRDA:54,6,0,75
BRDA:54,6,1,5
BRF:10
BRH:10
end_of_record
TN:
SF:src/components/ui/Card.tsx
FN:8,Card
FN:21,CardHeader
FN:34,CardContent
FN:43,CardFooter
FNF:4
FNH:3
FNDA:75,Card
FNDA:75,CardHeader
FNDA:75,CardContent
FNDA:0,CardFooter
DA:9,75
DA:22,75
DA:35,75
DA:44,0
LF:4
LH:3
BRF:0
BRH:0
end_of_record
TN:
SF:src/components/ui/Checkbox.tsx
FN:10,(anonymous_0)
FN:16,(anonymous_1)
FNF:2
FNH:2
FNDA:9,(anonymous_0)
FNDA:18,(anonymous_1)
DA:9,3
DA:11,9
DA:13,9
DA:17,18
DA:18,0
DA:19,18
DA:20,0
DA:22,18
DA:23,9
DA:45,3
LF:10
LH:8
BRDA:11,0,0,9
BRDA:11,0,1,8
BRDA:17,1,0,0
BRDA:17,1,1,18
BRDA:19,2,0,0
BRDA:19,2,1,18
BRDA:22,3,0,9
BRDA:22,3,1,9
BRDA:23,4,0,9
BRDA:23,4,1,9
BRDA:35,5,0,9
BRDA:35,5,1,3
BRF:12
BRH:10
end_of_record
TN:
SF:src/components/ui/ConfirmDialog.tsx
FN:10,ConfirmProvider
FN:16,(anonymous_1)
FN:17,(anonymous_2)
FN:22,(anonymous_3)
FN:27,(anonymous_4)
FN:33,(anonymous_5)
FN:53,(anonymous_6)
FNF:7
FNH:0
FNDA:0,ConfirmProvider
FNDA:0,(anonymous_1)
FNDA:0,(anonymous_2)
FNDA:0,(anonymous_3)
FNDA:0,(anonymous_4)
FNDA:0,(anonymous_5)
FNDA:0,(anonymous_6)
DA:11,0
DA:16,0
DA:17,0
DA:18,0
DA:22,0
DA:23,0
DA:24,0
DA:27,0
DA:28,0
DA:29,0
DA:32,0
DA:34,0
DA:35,0
DA:41,0
DA:53,0
LF:15
LH:0
BRDA:34,0,0,0
BRDA:34,0,1,0
BRDA:44,1,0,0
BRDA:44,1,1,0
BRDA:58,2,0,0
BRDA:58,2,1,0
BRDA:61,3,0,0
BRDA:61,3,1,0
BRDA:65,4,0,0
BRDA:65,4,1,0
BRF:10
BRH:0
end_of_record
TN:
SF:src/components/ui/Input.tsx
FN:10,(anonymous_0)
FNF:1
FNH:1
FNDA:150,(anonymous_0)
DA:9,2
DA:11,150
DA:13,150
DA:38,2
LF:4
LH:4
BRDA:11,0,0,150
BRDA:11,0,1,150
BRDA:15,1,0,150
BRDA:15,1,1,150
BRDA:27,2,0,150
BRDA:27,2,1,10
BRDA:32,3,0,150
BRDA:32,3,1,10
BRF:8
BRH:8
end_of_record
TN:
SF:src/components/ui/Select.tsx
FN:16,(anonymous_0)
FN:37,(anonymous_1)
FNF:2
FNH:2
FNDA:11,(anonymous_0)
FNDA:33,(anonymous_1)
DA:15,3
DA:17,11
DA:19,11
DA:38,33
DA:49,3
LF:5
LH:5
BRDA:17,0,0,11
BRDA:17,0,1,10
BRDA:21,1,0,11
BRDA:21,1,1,3
BRDA:32,2,0,11
BRDA:32,2,1,2
BRDA:43,3,0,11
BRDA:43,3,1,2
BRF:8
BRH:8
end_of_record
TN:
SF:src/components/ui/Toast.tsx
FN:40,ToastItem
FN:51,(anonymous_1)
FN:64,ToastProvider
FN:67,(anonymous_3)
FN:69,(anonymous_4)
FN:71,(anonymous_5)
FN:72,(anonymous_6)
FN:72,(anonymous_7)
FN:76,(anonymous_8)
FN:77,(anonymous_9)
FN:77,(anonymous_10)
FN:80,(anonymous_11)
FN:81,(anonymous_12)
FN:82,(anonymous_13)
FN:83,(anonymous_14)
FN:89,(anonymous_15)
FNF:16
FNH:6
FNDA:2,ToastItem
FNDA:0,(anonymous_1)
FNDA:9,ToastProvider
FNDA:2,(anonymous_3)
FNDA:2,(anonymous_4)
FNDA:0,(anonymous_5)
FNDA:0,(anonymous_6)
FNDA:0,(anonymous_7)
FNDA:0,(anonymous_8)
FNDA:0,(anonymous_9)
FNDA:0,(anonymous_10)
FNDA:0,(anonymous_11)
FNDA:2,(anonymous_12)
FNDA:0,(anonymous_13)
FNDA:0,(anonymous_14)
FNDA:2,(anonymous_15)
DA:14,2
DA:21,2
DA:28,2
DA:41,2
DA:51,0
DA:65,9
DA:67,9
DA:68,2
DA:69,2
DA:71,2
DA:72,0
DA:76,9
DA:77,0
DA:80,9
DA:81,9
DA:82,9
DA:83,9
DA:85,9
DA:90,2
LF:19
LH:16
BRF:0
BRH:0
end_of_record
TN:
SF:src/components/ui/index.ts
FNF:0
FNH:0
LF:0
LH:0
BRF:0
BRH:0
end_of_record
TN:
SF:src/contexts/ConfirmContext.ts
FNF:0
FNH:0
DA:14,2
LF:1
LH:1
BRF:0
BRH:0
end_of_record
TN:
SF:src/contexts/ToastContext.ts
FNF:0
FNH:0
DA:10,2
LF:1
LH:1
BRF:0
BRH:0
end_of_record
TN:
SF:src/hooks/index.ts
FNF:0
FNH:0
LF:0
LH:0
BRF:0
BRH:0
end_of_record
TN:
SF:src/hooks/useConfirm.ts
FN:4,useConfirm
FNF:1
FNH:0
FNDA:0,useConfirm
DA:5,0
DA:6,0
DA:7,0
DA:9,0
LF:4
LH:0
BRDA:6,0,0,0
BRDA:6,0,1,0
BRF:2
BRH:0
end_of_record
TN:
SF:src/hooks/useEnvironments.ts
FN:5,useEnvironments
FN:12,useEnvironment
FN:15,(anonymous_2)
FN:20,useCreateEnvironment
FN:24,(anonymous_4)
FN:25,(anonymous_5)
FN:31,useUpdateEnvironment
FN:35,(anonymous_7)
FN:37,(anonymous_8)
FN:43,useDeleteEnvironment
FN:47,(anonymous_10)
FN:48,(anonymous_11)
FNF:12
FNH:12
FNDA:4,useEnvironments
FNDA:5,useEnvironment
FNDA:2,(anonymous_2)
FNDA:4,useCreateEnvironment
FNDA:2,(anonymous_4)
FNDA:1,(anonymous_5)
FNDA:4,useUpdateEnvironment
FNDA:2,(anonymous_7)
FNDA:1,(anonymous_8)
FNDA:4,useDeleteEnvironment
FNDA:2,(anonymous_10)
FNDA:1,(anonymous_11)
DA:6,4
DA:13,5
DA:15,2
DA:21,4
DA:23,4
DA:24,2
DA:26,1
DA:32,4
DA:34,4
DA:35,2
DA:38,1
DA:44,4
DA:46,4
DA:47,2
DA:49,1
LF:15
LH:15
BRF:0
BRH:0
end_of_record
TN:
SF:src/hooks/useLogs.ts
FN:10,useLogs
FN:13,(anonymous_1)
FNF:2
FNH:0
FNDA:0,useLogs
FNDA:0,(anonymous_1)
DA:11,0
DA:13,0
LF:2
LH:0
BRDA:10,0,0,0
BRF:1
BRH:0
end_of_record
TN:
SF:src/hooks/useServices.ts
FN:5,useServices
FN:13,useServiceAction
FN:17,(anonymous_2)
FN:19,(anonymous_3)
FN:21,(anonymous_4)
FN:28,useBatchAction
FN:32,(anonymous_6)
FN:34,(anonymous_7)
FN:36,(anonymous_8)
FNF:9
FNH:7
FNDA:5,useServices
FNDA:10,useServiceAction
FNDA:5,(anonymous_2)
FNDA:4,(anonymous_3)
FNDA:0,(anonymous_4)
FNDA:12,useBatchAction
FNDA:6,(anonymous_6)
FNDA:5,(anonymous_7)
FNDA:0,(anonymous_8)
DA:6,5
DA:14,10
DA:16,10
DA:17,5
DA:21,4
DA:22,0
DA:29,12
DA:31,12
DA:32,6
DA:36,5
DA:37,0
LF:11
LH:9
BRF:0
BRH:0
end_of_record
TN:
SF:src/hooks/useToast.ts
FN:4,useToast
FNF:1
FNH:1
FNDA:75,useToast
DA:5,75
DA:6,75
DA:7,0
DA:9,75
LF:4
LH:3
BRDA:6,0,0,0
BRDA:6,0,1,75
BRF:2
BRH:1
end_of_record
TN:
SF:src/pages/DashboardPage.tsx
FN:5,DashboardPage
FNF:1
FNH:0
FNDA:0,DashboardPage
DA:6,0
DA:7,0
DA:9,0
LF:3
LH:0
BRDA:7,0,0,0
BRDA:7,0,1,0
BRF:2
BRH:0
end_of_record
TN:
SF:src/pages/EnvironmentCreatePage.tsx
FN:4,EnvironmentCreatePage
FNF:1
FNH:0
FNDA:0,EnvironmentCreatePage
DA:5,0
LF:1
LH:0
BRF:0
BRH:0
end_of_record
TN:
SF:src/pages/EnvironmentEditPage.tsx
FN:6,EnvironmentEditPage
FNF:1
FNH:0
FNDA:0,EnvironmentEditPage
DA:7,0
DA:8,0
DA:10,0
DA:11,0
DA:21,0
DA:22,0
DA:58,0
DA:59,0
DA:75,0
LF:9
LH:0
BRDA:8,0,0,0
BRDA:8,0,1,0
BRDA:10,1,0,0
BRDA:10,1,1,0
BRDA:21,2,0,0
BRDA:21,2,1,0
BRDA:58,3,0,0
BRDA:58,3,1,0
BRF:8
BRH:0
end_of_record
TN:
SF:src/pages/EnvironmentsPage.tsx
FN:8,EnvironmentsPage
FNF:1
FNH:0
FNDA:0,EnvironmentsPage
DA:9,0
DA:10,0
DA:12,0
LF:3
LH:0
BRDA:10,0,0,0
BRDA:10,0,1,0
BRF:2
BRH:0
end_of_record
TN:
SF:src/pages/LoginPage.tsx
FN:7,LoginPage
FN:17,(anonymous_1)
FN:23,(anonymous_2)
FN:56,(anonymous_3)
FN:66,(anonymous_4)
FNF:5
FNH:5
FNDA:75,LoginPage
FNDA:10,(anonymous_1)
FNDA:5,(anonymous_2)
FNDA:22,(anonymous_3)
FNDA:36,(anonymous_4)
DA:8,75
DA:9,75
DA:10,75
DA:12,75
DA:13,75
DA:14,75
DA:15,75
DA:17,75
DA:18,10
DA:19,4
DA:23,75
DA:24,5
DA:25,5
DA:26,5
DA:28,5
DA:29,5
DA:30,3
DA:31,3
DA:33,2
DA:34,2
DA:35,2
DA:37,5
DA:41,75
DA:56,22
DA:66,36
LF:25
LH:25
BRDA:18,0,0,4
BRDA:18,0,1,6
BRDA:33,1,0,2
BRDA:33,1,1,0
BRF:4
BRH:3
end_of_record
TN:
SF:src/pages/LogsPage.tsx
FN:6,LogsPage
FNF:1
FNH:0
FNDA:0,LogsPage
DA:7,0
DA:9,0
DA:10,0
DA:20,0
LF:4
LH:0
BRDA:9,0,0,0
BRDA:9,0,1,0
BRF:2
BRH:0
end_of_record
TN:
SF:src/stores/authStore.ts
FN:19,(anonymous_0)
FN:24,(anonymous_1)
FN:36,(anonymous_2)
FN:46,(anonymous_3)
FN:56,(anonymous_4)
FNF:5
FNH:5
FNDA:5,(anonymous_0)
FNDA:5,(anonymous_1)
FNDA:22,(anonymous_2)
FNDA:6,(anonymous_3)
FNDA:6,(anonymous_4)
DA:17,5
DA:19,5
DA:25,5
DA:26,5
DA:27,5
DA:28,2
DA:37,22
DA:38,22
DA:39,22
DA:47,6
DA:48,6
DA:49,6
DA:57,6
DA:58,6
LF:14
LH:14
BRDA:27,0,0,2
BRDA:27,0,1,3
BRDA:27,1,0,5
BRDA:27,1,1,3
BRF:4
BRH:4
end_of_record
TN:
SF:src/stores/index.ts
FNF:0
FNH:0
LF:0
LH:0
BRF:0
BRH:0
end_of_record
TN:
SF:src/stores/serviceStore.ts
FN:18,(anonymous_0)
FN:22,(anonymous_1)
FN:23,(anonymous_2)
FN:34,(anonymous_3)
FN:38,(anonymous_4)
FN:42,(anonymous_5)
FNF:6
FNH:0
FNDA:0,(anonymous_0)
FNDA:0,(anonymous_1)
FNDA:0,(anonymous_2)
FNDA:0,(anonymous_3)
FNDA:0,(anonymous_4)
FNDA:0,(anonymous_5)
DA:16,0
DA:18,0
DA:23,0
DA:24,0
DA:25,0
DA:26,0
DA:28,0
DA:30,0
DA:35,0
DA:39,0
DA:43,0
LF:11
LH:0
BRDA:25,0,0,0
BRDA:25,0,1,0
BRF:2
BRH:0
end_of_record
TN:
SF:src/types/auth.ts
FNF:0
FNH:0
LF:0
LH:0
BRF:0
BRH:0
end_of_record
TN:
SF:src/types/environment.ts
FNF:0
FNH:0
LF:0
LH:0
BRF:0
BRH:0
end_of_record
TN:
SF:src/types/index.ts
FNF:0
FNH:0
LF:0
LH:0
BRF:0
BRH:0
end_of_record
TN:
SF:src/types/service.ts
FNF:0
FNH:0
LF:0
LH:0
BRF:0
BRH:0
end_of_record
