TN:
SF:src/App.tsx
FN:17,ProtectedRoute
FN:18,(anonymous_1)
FN:19,(anonymous_2)
FN:33,App
FN:34,(anonymous_4)
FN:35,(anonymous_5)
FN:40,(anonymous_6)
FNF:7
FNH:0
FNDA:0,ProtectedRoute
FNDA:0,(anonymous_1)
FNDA:0,(anonymous_2)
FNDA:0,App
FNDA:0,(anonymous_4)
FNDA:0,(anonymous_5)
FNDA:0,(anonymous_6)
DA:18,0
DA:19,0
DA:22,0
DA:23,0
DA:26,0
DA:27,0
DA:30,0
DA:34,0
DA:35,0
DA:38,0
DA:40,0
DA:41,0
DA:45,0
DA:46,0
DA:49,0
LF:15
LH:0
BRDA:22,0,0,0
BRDA:22,0,1,0
BRDA:26,1,0,0
BRDA:26,1,1,0
BRDA:45,2,0,0
BRDA:45,2,1,0
BRF:6
BRH:0
end_of_record
TN:
SF:src/api/client.ts
FN:10,refreshAccessToken
FN:20,(anonymous_1)
FN:50,fetchWithAuth
FN:90,login
FN:105,logout
FN:125,getServices
FN:132,serviceAction
FN:142,enableService
FN:152,disableService
FN:162,removeService
FN:172,showService
FN:181,createService
FN:197,getServers
FN:204,batchAction
FN:215,getLogs
FN:225,getEnvironments
FN:232,getEnvironment
FN:239,createEnvironment
FN:250,updateEnvironment
FN:261,deleteEnvironment
FNF:20
FNH:18
FNDA:11,refreshAccessToken
FNDA:11,(anonymous_1)
FNDA:38,fetchWithAuth
FNDA:9,login
FNDA:3,logout
FNDA:12,getServices
FNDA:5,serviceAction
FNDA:1,enableService
FNDA:1,disableService
FNDA:1,removeService
FNDA:1,showService
FNDA:0,createService
FNDA:1,getServers
FNDA:6,batchAction
FNDA:0,getLogs
FNDA:2,getEnvironments
FNDA:2,getEnvironment
FNDA:2,createEnvironment
FNDA:2,updateEnvironment
FNDA:2,deleteEnvironment
DA:6,4
DA:12,11
DA:13,0
DA:16,11
DA:17,11
DA:20,11
DA:21,11
DA:22,11
DA:28,11
DA:29,9
DA:30,9
DA:31,9
DA:34,0
DA:37,2
DA:40,11
DA:41,11
DA:44,11
DA:51,38
DA:52,38
DA:55,38
DA:56,38
DA:57,37
DA:59,38
DA:60,38
DA:61,0
DA:65,38
DA:68,37
DA:69,11
DA:70,11
DA:72,9
DA:73,9
DA:74,9
DA:75,9
DA:76,0
DA:78,9
DA:81,2
DA:82,2
DA:86,26
DA:91,9
DA:97,8
DA:98,4
DA:99,4
DA:102,4
DA:106,3
DA:107,3
DA:108,3
DA:109,3
DA:110,3
DA:120,3
DA:126,12
DA:128,9
DA:129,7
DA:133,5
DA:138,5
DA:139,4
DA:143,1
DA:148,1
DA:149,1
DA:153,1
DA:158,1
DA:159,1
DA:163,1
DA:168,1
DA:169,1
DA:173,1
DA:177,1
DA:178,1
DA:182,0
DA:183,0
DA:184,0
DA:185,0
DA:186,0
DA:188,0
DA:193,0
DA:194,0
DA:198,1
DA:200,1
DA:201,1
DA:205,6
DA:211,6
DA:212,5
DA:216,0
DA:220,0
DA:221,0
DA:226,2
DA:228,2
DA:229,1
DA:233,2
DA:235,2
DA:236,1
DA:240,2
DA:246,2
DA:247,1
DA:251,2
DA:257,2
DA:258,1
DA:262,2
DA:266,2
LF:98
LH:83
BRDA:12,0,0,0
BRDA:12,0,1,11
BRDA:17,1,0,0
BRDA:17,1,1,11
BRDA:28,2,0,9
BRDA:28,2,1,2
BRDA:56,3,0,37
BRDA:56,3,1,1
BRDA:59,4,0,38
BRDA:59,4,1,18
BRDA:60,5,0,0
BRDA:60,5,1,38
BRDA:60,6,0,38
BRDA:60,6,1,0
BRDA:68,7,0,11
BRDA:68,7,1,26
BRDA:70,8,0,9
BRDA:70,8,1,2
BRDA:75,9,0,0
BRDA:75,9,1,9
BRDA:75,10,0,9
BRDA:75,10,1,0
BRDA:97,11,0,4
BRDA:97,11,1,4
BRDA:99,12,0,4
BRDA:99,12,1,0
BRDA:114,13,0,2
BRDA:114,13,1,1
BRDA:115,14,0,0
BRDA:115,14,1,3
BRDA:128,15,0,2
BRDA:128,15,1,7
BRDA:138,16,0,1
BRDA:138,16,1,4
BRDA:148,17,0,0
BRDA:148,17,1,1
BRDA:158,18,0,0
BRDA:158,18,1,1
BRDA:168,19,0,0
BRDA:168,19,1,1
BRDA:177,20,0,0
BRDA:177,20,1,1
BRDA:184,21,0,0
BRDA:184,21,1,0
BRDA:185,22,0,0
BRDA:185,22,1,0
BRDA:186,23,0,0
BRDA:186,23,1,0
BRDA:193,24,0,0
BRDA:193,24,1,0
BRDA:200,25,0,0
BRDA:200,25,1,1
BRDA:211,26,0,1
BRDA:211,26,1,5
BRDA:215,27,0,0
BRDA:220,28,0,0
BRDA:220,28,1,0
BRDA:228,29,0,1
BRDA:228,29,1,1
BRDA:235,30,0,1
BRDA:235,30,1,1
BRDA:246,31,0,1
BRDA:246,31,1,1
BRDA:257,32,0,1
BRDA:257,32,1,1
BRDA:266,33,0,1
BRDA:266,33,1,1
BRF:67
BRH:43
end_of_record
TN:
SF:src/api/index.ts
FNF:0
FNH:0
LF:0
LH:0
BRF:0
BRH:0
end_of_record
TN:
SF:src/components/environments/DynamicFieldList.tsx
FN:15,DynamicFieldList
FN:38,(anonymous_1)
FN:43,(anonymous_2)
FN:49,(anonymous_3)
FN:71,PortMappingField
FN:79,(anonymous_5)
FN:89,(anonymous_6)
FN:106,VolumeMappingField
FN:114,(anonymous_8)
FN:124,(anonymous_9)
FN:141,EnvVarField
FN:149,(anonymous_11)
FN:158,(anonymous_12)
FNF:13
FNH:0
FNDA:0,DynamicFieldList
FNDA:0,(anonymous_1)
FNDA:0,(anonymous_2)
FNDA:0,(anonymous_3)
FNDA:0,PortMappingField
FNDA:0,(anonymous_5)
FNDA:0,(anonymous_6)
FNDA:0,VolumeMappingField
FNDA:0,(anonymous_8)
FNDA:0,(anonymous_9)
FNDA:0,EnvVarField
FNDA:0,(anonymous_11)
FNDA:0,(anonymous_12)
DA:25,0
DA:39,0
DA:40,0
DA:43,0
DA:49,0
DA:72,0
DA:79,0
DA:89,0
DA:107,0
DA:114,0
DA:124,0
DA:142,0
DA:149,0
DA:158,0
LF:14
LH:0
BRDA:23,0,0,0
BRDA:34,1,0,0
BRDA:34,1,1,0
BRDA:39,2,0,0
BRDA:39,2,1,0
BRDA:82,3,0,0
BRDA:82,3,1,0
BRDA:92,4,0,0
BRDA:92,4,1,0
BRDA:117,5,0,0
BRDA:117,5,1,0
BRDA:127,6,0,0
BRDA:127,6,1,0
BRDA:152,7,0,0
BRDA:152,7,1,0
BRF:15
BRH:0
end_of_record
TN:
SF:src/components/environments/EnvironmentForm.tsx
FN:42,validatePort
FN:50,validateVolumePath
FN:60,validateEnvVarName
FN:70,EnvironmentForm
FN:97,(anonymous_4)
FN:104,(anonymous_5)
FN:127,(anonymous_6)
FN:136,(anonymous_7)
FN:148,(anonymous_8)
FN:160,(anonymous_9)
FN:175,(anonymous_10)
FN:199,(anonymous_11)
FN:236,(anonymous_12)
FN:246,(anonymous_13)
FN:255,(anonymous_14)
FN:267,(anonymous_15)
FN:278,(anonymous_16)
FN:286,(anonymous_17)
FN:294,(anonymous_18)
FN:302,(anonymous_19)
FN:308,(anonymous_20)
FN:309,(anonymous_21)
FN:310,(anonymous_22)
FN:316,(anonymous_23)
FN:321,(anonymous_24)
FN:335,(anonymous_25)
FN:336,(anonymous_26)
FN:337,(anonymous_27)
FN:343,(anonymous_28)
FN:348,(anonymous_29)
FN:362,(anonymous_30)
FN:363,(anonymous_31)
FN:364,(anonymous_32)
FN:370,(anonymous_33)
FN:375,(anonymous_34)
FN:392,(anonymous_35)
FNF:36
FNH:0
FNDA:0,validatePort
FNDA:0,validateVolumePath
FNDA:0,validateEnvVarName
FNDA:0,EnvironmentForm
FNDA:0,(anonymous_4)
FNDA:0,(anonymous_5)
FNDA:0,(anonymous_6)
FNDA:0,(anonymous_7)
FNDA:0,(anonymous_8)
FNDA:0,(anonymous_9)
FNDA:0,(anonymous_10)
FNDA:0,(anonymous_11)
FNDA:0,(anonymous_12)
FNDA:0,(anonymous_13)
FNDA:0,(anonymous_14)
FNDA:0,(anonymous_15)
FNDA:0,(anonymous_16)
FNDA:0,(anonymous_17)
FNDA:0,(anonymous_18)
FNDA:0,(anonymous_19)
FNDA:0,(anonymous_20)
FNDA:0,(anonymous_21)
FNDA:0,(anonymous_22)
FNDA:0,(anonymous_23)
FNDA:0,(anonymous_24)
FNDA:0,(anonymous_25)
FNDA:0,(anonymous_26)
FNDA:0,(anonymous_27)
FNDA:0,(anonymous_28)
FNDA:0,(anonymous_29)
FNDA:0,(anonymous_30)
FNDA:0,(anonymous_31)
FNDA:0,(anonymous_32)
FNDA:0,(anonymous_33)
FNDA:0,(anonymous_34)
FNDA:0,(anonymous_35)
DA:15,0
DA:24,0
DA:31,0
DA:43,0
DA:44,0
DA:45,0
DA:47,0
DA:51,0
DA:52,0
DA:54,0
DA:55,0
DA:57,0
DA:61,0
DA:62,0
DA:64,0
DA:65,0
DA:67,0
DA:71,0
DA:72,0
DA:73,0
DA:74,0
DA:76,0
DA:77,0
DA:80,0
DA:81,0
DA:82,0
DA:85,0
DA:88,0
DA:89,0
DA:90,0
DA:91,0
DA:92,0
DA:93,0
DA:94,0
DA:95,0
DA:97,0
DA:101,0
DA:104,0
DA:105,0
DA:108,0
DA:109,0
DA:111,0
DA:112,0
DA:113,0
DA:114,0
DA:115,0
DA:116,0
DA:117,0
DA:118,0
DA:119,0
DA:121,0
DA:127,0
DA:128,0
DA:130,0
DA:131,0
DA:132,0
DA:133,0
DA:136,0
DA:137,0
DA:138,0
DA:139,0
DA:140,0
DA:141,0
DA:142,0
DA:143,0
DA:148,0
DA:149,0
DA:150,0
DA:151,0
DA:152,0
DA:153,0
DA:154,0
DA:155,0
DA:160,0
DA:161,0
DA:162,0
DA:163,0
DA:164,0
DA:168,0
DA:169,0
DA:170,0
DA:172,0
DA:175,0
DA:176,0
DA:179,0
DA:180,0
DA:181,0
DA:184,0
DA:199,0
DA:204,0
DA:205,0
DA:206,0
DA:207,0
DA:209,0
DA:210,0
DA:212,0
DA:214,0
DA:215,0
DA:224,0
DA:236,0
DA:246,0
DA:255,0
DA:267,0
DA:278,0
DA:286,0
DA:294,0
DA:302,0
DA:308,0
DA:310,0
DA:312,0
DA:313,0
DA:314,0
DA:317,0
DA:318,0
DA:319,0
DA:322,0
DA:335,0
DA:337,0
DA:339,0
DA:340,0
DA:341,0
DA:344,0
DA:345,0
DA:346,0
DA:349,0
DA:362,0
DA:364,0
DA:366,0
DA:367,0
DA:368,0
DA:371,0
DA:372,0
DA:373,0
DA:376,0
DA:392,0
LF:135
LH:0
BRDA:43,0,0,0
BRDA:43,0,1,0
BRDA:44,1,0,0
BRDA:44,1,1,0
BRDA:44,2,0,0
BRDA:44,2,1,0
BRDA:44,2,2,0
BRDA:51,3,0,0
BRDA:51,3,1,0
BRDA:54,4,0,0
BRDA:54,4,1,0
BRDA:61,5,0,0
BRDA:61,5,1,0
BRDA:64,6,0,0
BRDA:64,6,1,0
BRDA:70,7,0,0
BRDA:76,8,0,0
BRDA:76,8,1,0
BRDA:77,9,0,0
BRDA:77,9,1,0
BRDA:85,10,0,0
BRDA:85,10,1,0
BRDA:88,11,0,0
BRDA:88,11,1,0
BRDA:89,12,0,0
BRDA:89,12,1,0
BRDA:90,13,0,0
BRDA:90,13,1,0
BRDA:91,14,0,0
BRDA:91,14,1,0
BRDA:92,15,0,0
BRDA:92,15,1,0
BRDA:93,16,0,0
BRDA:93,16,1,0
BRDA:94,17,0,0
BRDA:94,17,1,0
BRDA:96,18,0,0
BRDA:96,18,1,0
BRDA:101,19,0,0
BRDA:101,19,1,0
BRDA:108,20,0,0
BRDA:108,20,1,0
BRDA:109,21,0,0
BRDA:109,21,1,0
BRDA:119,22,0,0
BRDA:119,22,1,0
BRDA:128,23,0,0
BRDA:128,23,1,0
BRDA:139,24,0,0
BRDA:139,24,1,0
BRDA:139,25,0,0
BRDA:139,25,1,0
BRDA:141,26,0,0
BRDA:141,26,1,0
BRDA:142,27,0,0
BRDA:142,27,1,0
BRDA:151,28,0,0
BRDA:151,28,1,0
BRDA:151,29,0,0
BRDA:151,29,1,0
BRDA:153,30,0,0
BRDA:153,30,1,0
BRDA:154,31,0,0
BRDA:154,31,1,0
BRDA:162,32,0,0
BRDA:162,32,1,0
BRDA:179,33,0,0
BRDA:179,33,1,0
BRDA:187,34,0,0
BRDA:187,34,1,0
BRDA:190,35,0,0
BRDA:190,35,1,0
BRDA:195,36,0,0
BRDA:195,36,1,0
BRDA:205,37,0,0
BRDA:205,37,1,0
BRDA:205,38,0,0
BRDA:205,38,1,0
BRDA:216,39,0,0
BRDA:216,39,1,0
BRDA:229,40,0,0
BRDA:229,40,1,0
BRDA:251,41,0,0
BRDA:251,41,1,0
BRDA:262,42,0,0
BRDA:262,42,1,0
BRDA:397,43,0,0
BRDA:397,43,1,0
BRF:88
BRH:0
end_of_record
TN:
SF:src/components/environments/EnvironmentTable.tsx
FN:22,EnvironmentTable
FN:27,(anonymous_1)
FN:105,(anonymous_2)
FN:130,(anonymous_3)
FNF:4
FNH:0
FNDA:0,EnvironmentTable
FNDA:0,(anonymous_1)
FNDA:0,(anonymous_2)
FNDA:0,(anonymous_3)
DA:23,0
DA:24,0
DA:25,0
DA:27,0
DA:28,0
DA:35,0
DA:37,0
DA:38,0
DA:39,0
DA:41,0
DA:42,0
DA:49,0
DA:106,0
DA:130,0
LF:14
LH:0
BRDA:35,0,0,0
BRDA:35,0,1,0
BRDA:78,1,0,0
BRDA:78,1,1,0
BRDA:86,2,0,0
BRDA:86,2,1,0
BRDA:111,3,0,0
BRDA:111,3,1,0
BRDA:112,4,0,0
BRDA:112,4,1,0
BRDA:116,5,0,0
BRDA:116,5,1,0
BRDA:117,6,0,0
BRDA:117,6,1,0
BRF:14
BRH:0
end_of_record
TN:
SF:src/components/environments/index.ts
FNF:0
FNH:0
LF:0
LH:0
BRF:0
BRH:0
end_of_record
TN:
SF:src/components/layout/AppBar.tsx
FN:14,TabItem
FN:19,(anonymous_1)
FN:34,AppBar
FN:37,(anonymous_3)
FNF:4
FNH:0
FNDA:0,TabItem
FNDA:0,(anonymous_1)
FNDA:0,AppBar
FNDA:0,(anonymous_3)
DA:15,0
DA:19,0
DA:35,0
DA:37,0
DA:38,0
DA:39,0
DA:42,0
LF:7
LH:0
BRDA:22,0,0,0
BRDA:22,0,1,0
BRF:2
BRH:0
end_of_record
TN:
SF:src/components/layout/Header.tsx
FN:14,Header
FN:21,(anonymous_1)
FNF:2
FNH:0
FNDA:0,Header
FNDA:0,(anonymous_1)
DA:15,0
DA:22,0
LF:2
LH:0
BRDA:19,0,0,0
BRDA:19,0,1,0
BRDA:19,0,2,0
BRDA:23,1,0,0
BRDA:23,1,1,0
BRDA:24,2,0,0
BRDA:24,2,1,0
BRDA:37,3,0,0
BRDA:37,3,1,0
BRF:9
BRH:0
end_of_record
TN:
SF:src/components/layout/MainLayout.tsx
FN:4,MainLayout
FNF:1
FNH:0
FNDA:0,MainLayout
DA:5,0
LF:1
LH:0
BRF:0
BRH:0
end_of_record
TN:
SF:src/components/layout/index.ts
FNF:0
FNH:0
LF:0
LH:0
BRF:0
BRH:0
end_of_record
TN:
SF:src/components/logs/DateRangePicker.tsx
FN:25,toLocalDatetime
FN:34,DateRangePicker
FN:47,(anonymous_2)
FN:48,handleClickOutside
FN:54,(anonymous_4)
FN:57,(anonymous_5)
FN:63,(anonymous_6)
FN:80,(anonymous_7)
FN:98,(anonymous_8)
FN:102,(anonymous_9)
FN:122,(anonymous_10)
FN:137,(anonymous_11)
FN:143,(anonymous_12)
FN:154,(anonymous_13)
FN:160,(anonymous_14)
FN:168,(anonymous_15)
FNF:16
FNH:0
FNDA:0,toLocalDatetime
FNDA:0,DateRangePicker
FNDA:0,(anonymous_2)
FNDA:0,handleClickOutside
FNDA:0,(anonymous_4)
FNDA:0,(anonymous_5)
FNDA:0,(anonymous_6)
FNDA:0,(anonymous_7)
FNDA:0,(anonymous_8)
FNDA:0,(anonymous_9)
FNDA:0,(anonymous_10)
FNDA:0,(anonymous_11)
FNDA:0,(anonymous_12)
FNDA:0,(anonymous_13)
FNDA:0,(anonymous_14)
FNDA:0,(anonymous_15)
DA:16,0
DA:26,0
DA:27,0
DA:28,0
DA:29,0
DA:30,0
DA:31,0
DA:35,0
DA:36,0
DA:37,0
DA:39,0
DA:40,0
DA:41,0
DA:42,0
DA:43,0
DA:44,0
DA:47,0
DA:49,0
DA:50,0
DA:53,0
DA:54,0
DA:57,0
DA:58,0
DA:59,0
DA:60,0
DA:63,0
DA:64,0
DA:65,0
DA:66,0
DA:67,0
DA:72,0
DA:73,0
DA:76,0
DA:80,0
DA:99,0
DA:102,0
DA:122,0
DA:137,0
DA:143,0
DA:154,0
DA:160,0
DA:168,0
LF:42
LH:0
BRDA:49,0,0,0
BRDA:49,0,1,0
BRDA:49,1,0,0
BRDA:49,1,1,0
BRDA:66,2,0,0
BRDA:66,2,1,0
BRDA:91,3,0,0
BRDA:91,3,1,0
BRDA:106,4,0,0
BRDA:106,4,1,0
BRDA:129,5,0,0
BRDA:129,5,1,0
BRF:12
BRH:0
end_of_record
TN:
SF:src/components/logs/GrafanaEmbed.tsx
FN:12,GrafanaEmbed
FN:15,(anonymous_1)
FN:39,(anonymous_2)
FNF:3
FNH:0
FNDA:0,GrafanaEmbed
FNDA:0,(anonymous_1)
FNDA:0,(anonymous_2)
DA:13,0
DA:15,0
DA:16,0
DA:25,0
DA:28,0
DA:39,0
LF:6
LH:0
BRDA:30,0,0,0
BRDA:30,0,1,0
BRF:2
BRH:0
end_of_record
TN:
SF:src/components/logs/LogLevelFilter.tsx
FN:19,LogLevelFilter
FN:23,(anonymous_1)
FN:25,(anonymous_2)
FN:26,handleClickOutside
FN:32,(anonymous_4)
FN:35,(anonymous_5)
FN:44,(anonymous_6)
FN:57,(anonymous_7)
FN:61,(anonymous_8)
FNF:9
FNH:0
FNDA:0,LogLevelFilter
FNDA:0,(anonymous_1)
FNDA:0,(anonymous_2)
FNDA:0,handleClickOutside
FNDA:0,(anonymous_4)
FNDA:0,(anonymous_5)
FNDA:0,(anonymous_6)
FNDA:0,(anonymous_7)
FNDA:0,(anonymous_8)
DA:10,0
DA:20,0
DA:21,0
DA:23,0
DA:25,0
DA:27,0
DA:28,0
DA:31,0
DA:32,0
DA:35,0
DA:36,0
DA:37,0
DA:40,0
DA:44,0
DA:58,0
DA:61,0
LF:16
LH:0
BRDA:23,0,0,0
BRDA:23,0,1,0
BRDA:27,1,0,0
BRDA:27,1,1,0
BRDA:27,2,0,0
BRDA:27,2,1,0
BRDA:55,3,0,0
BRDA:55,3,1,0
BRDA:65,4,0,0
BRDA:65,4,1,0
BRF:10
BRH:0
end_of_record
TN:
SF:src/components/logs/LogViewer.tsx
FN:19,LogViewer
FN:32,(anonymous_1)
FN:34,(anonymous_2)
FN:38,(anonymous_3)
FN:43,(anonymous_4)
FN:50,(anonymous_5)
FN:54,(anonymous_6)
FN:69,(anonymous_7)
FN:72,(anonymous_8)
FN:76,(anonymous_9)
FN:99,(anonymous_10)
FN:106,(anonymous_11)
FN:114,(anonymous_12)
FNF:13
FNH:0
FNDA:0,LogViewer
FNDA:0,(anonymous_1)
FNDA:0,(anonymous_2)
FNDA:0,(anonymous_3)
FNDA:0,(anonymous_4)
FNDA:0,(anonymous_5)
FNDA:0,(anonymous_6)
FNDA:0,(anonymous_7)
FNDA:0,(anonymous_8)
FNDA:0,(anonymous_9)
FNDA:0,(anonymous_10)
FNDA:0,(anonymous_11)
FNDA:0,(anonymous_12)
DA:12,0
DA:20,0
DA:21,0
DA:22,0
DA:23,0
DA:24,0
DA:26,0
DA:27,0
DA:29,0
DA:32,0
DA:34,0
DA:35,0
DA:36,0
DA:37,0
DA:38,0
DA:43,0
DA:44,0
DA:45,0
DA:50,0
DA:51,0
DA:52,0
DA:54,0
DA:56,0
DA:59,0
DA:60,0
DA:61,0
DA:64,0
DA:68,0
DA:69,0
DA:72,0
DA:73,0
DA:76,0
DA:77,0
DA:78,0
DA:79,0
DA:80,0
DA:81,0
DA:82,0
DA:83,0
DA:84,0
DA:85,0
DA:88,0
DA:99,0
DA:106,0
DA:114,0
LF:45
LH:0
BRDA:29,0,0,0
BRDA:29,0,1,0
BRDA:35,1,0,0
BRDA:35,1,1,0
BRDA:44,2,0,0
BRDA:44,2,1,0
BRDA:44,3,0,0
BRDA:44,3,1,0
BRDA:52,4,0,0
BRDA:52,4,1,0
BRDA:59,5,0,0
BRDA:59,5,1,0
BRDA:59,6,0,0
BRDA:59,6,1,0
BRDA:61,7,0,0
BRDA:61,7,1,0
BRDA:63,8,0,0
BRDA:63,8,1,0
BRDA:120,9,0,0
BRDA:120,9,1,0
BRDA:131,10,0,0
BRDA:131,10,1,0
BRDA:140,11,0,0
BRDA:140,11,1,0
BRF:24
BRH:0
end_of_record
TN:
SF:src/components/logs/index.ts
FNF:0
FNH:0
LF:0
LH:0
BRF:0
BRH:0
end_of_record
TN:
SF:src/components/services/BatchActions.tsx
FN:9,BatchActions
FN:19,(anonymous_1)
FN:63,(anonymous_2)
FN:72,(anonymous_3)
FN:81,(anonymous_4)
FN:90,(anonymous_5)
FN:99,(anonymous_6)
FN:108,(anonymous_7)
FNF:8
FNH:0
FNDA:0,BatchActions
FNDA:0,(anonymous_1)
FNDA:0,(anonymous_2)
FNDA:0,(anonymous_3)
FNDA:0,(anonymous_4)
FNDA:0,(anonymous_5)
FNDA:0,(anonymous_6)
FNDA:0,(anonymous_7)
DA:10,0
DA:11,0
DA:12,0
DA:13,0
DA:14,0
DA:16,0
DA:17,0
DA:19,0
DA:20,0
DA:22,0
DA:25,0
DA:26,0
DA:32,0
DA:34,0
DA:35,0
DA:36,0
DA:37,0
DA:41,0
DA:43,0
DA:44,0
DA:49,0
DA:53,0
DA:63,0
DA:72,0
DA:81,0
DA:90,0
DA:99,0
DA:108,0
LF:28
LH:0
BRDA:20,0,0,0
BRDA:20,0,1,0
BRDA:30,1,0,0
BRDA:30,1,1,0
BRDA:32,2,0,0
BRDA:32,2,1,0
BRDA:61,3,0,0
BRDA:61,3,1,0
BRDA:70,4,0,0
BRDA:70,4,1,0
BRDA:79,5,0,0
BRDA:79,5,1,0
BRDA:88,6,0,0
BRDA:88,6,1,0
BRDA:97,7,0,0
BRDA:97,7,1,0
BRDA:106,8,0,0
BRDA:106,8,1,0
BRF:18
BRH:0
end_of_record
TN:
SF:src/components/services/ColumnPicker.tsx
FN:79,ColumnPicker
FN:82,(anonymous_1)
FN:83,(anonymous_2)
FN:84,(anonymous_3)
FN:85,(anonymous_4)
FN:87,(anonymous_5)
FN:88,handleClickOutside
FN:95,(anonymous_7)
FN:102,(anonymous_8)
FN:102,(anonymous_9)
FN:116,(anonymous_10)
FN:124,(anonymous_11)
FN:131,(anonymous_12)
FNF:13
FNH:0
FNDA:0,ColumnPicker
FNDA:0,(anonymous_1)
FNDA:0,(anonymous_2)
FNDA:0,(anonymous_3)
FNDA:0,(anonymous_4)
FNDA:0,(anonymous_5)
FNDA:0,handleClickOutside
FNDA:0,(anonymous_7)
FNDA:0,(anonymous_8)
FNDA:0,(anonymous_9)
FNDA:0,(anonymous_10)
FNDA:0,(anonymous_11)
FNDA:0,(anonymous_12)
DA:7,0
DA:80,0
DA:81,0
DA:82,0
DA:83,0
DA:84,0
DA:85,0
DA:87,0
DA:89,0
DA:90,0
DA:93,0
DA:94,0
DA:95,0
DA:99,0
DA:102,0
DA:116,0
DA:125,0
DA:131,0
LF:18
LH:0
BRDA:89,0,0,0
BRDA:89,0,1,0
BRDA:89,1,0,0
BRDA:89,1,1,0
BRDA:93,2,0,0
BRDA:93,2,1,0
BRDA:108,3,0,0
BRDA:108,3,1,0
BRF:8
BRH:0
end_of_record
TN:
SF:src/components/services/ServiceFileViewer.tsx
FN:11,ServiceFileViewer
FN:16,(anonymous_1)
FN:22,(anonymous_2)
FN:24,(anonymous_3)
FN:27,(anonymous_4)
FN:39,(anonymous_5)
FN:59,(anonymous_6)
FN:61,(anonymous_7)
FNF:8
FNH:0
FNDA:0,ServiceFileViewer
FNDA:0,(anonymous_1)
FNDA:0,(anonymous_2)
FNDA:0,(anonymous_3)
FNDA:0,(anonymous_4)
FNDA:0,(anonymous_5)
FNDA:0,(anonymous_6)
FNDA:0,(anonymous_7)
DA:12,0
DA:13,0
DA:15,0
DA:17,0
DA:22,0
DA:23,0
DA:24,0
DA:27,0
DA:28,0
DA:31,0
DA:39,0
DA:60,0
DA:62,0
LF:13
LH:0
BRDA:17,0,0,0
BRDA:17,0,1,0
BRDA:54,1,0,0
BRDA:54,1,1,0
BRDA:58,2,0,0
BRDA:58,2,1,0
BRF:6
BRH:0
end_of_record
TN:
SF:src/components/services/ServiceRow.tsx
FN:17,formatTime
FN:37,RenderCell
FN:38,(anonymous_2)
FN:63,ServiceRow
FN:69,(anonymous_4)
FN:72,(anonymous_5)
FNF:6
FNH:0
FNDA:0,formatTime
FNDA:0,RenderCell
FNDA:0,(anonymous_2)
FNDA:0,ServiceRow
FNDA:0,(anonymous_4)
FNDA:0,(anonymous_5)
DA:15,0
DA:18,0
DA:20,0
DA:21,0
DA:22,0
DA:24,0
DA:33,0
DA:38,0
DA:40,0
DA:41,0
DA:43,0
DA:44,0
DA:47,0
DA:50,0
DA:51,0
DA:52,0
DA:55,0
DA:56,0
DA:57,0
DA:60,0
DA:64,0
DA:69,0
DA:73,0
LF:23
LH:0
BRDA:18,0,0,0
BRDA:18,0,1,0
BRDA:18,1,0,0
BRDA:18,1,1,0
BRDA:22,2,0,0
BRDA:22,2,1,0
BRDA:40,3,0,0
BRDA:40,3,1,0
BRDA:43,4,0,0
BRDA:43,4,1,0
BRDA:50,5,0,0
BRDA:50,5,1,0
BRDA:55,6,0,0
BRDA:55,6,1,0
BRDA:55,7,0,0
BRDA:55,7,1,0
BRDA:56,8,0,0
BRDA:56,8,1,0
BRF:18
BRH:0
end_of_record
TN:
SF:src/components/services/ServiceTable.tsx
FN:18,ServiceTable
FN:24,(anonymous_1)
FN:25,(anonymous_2)
FN:26,(anonymous_3)
FN:27,(anonymous_4)
FN:28,(anonymous_5)
FN:31,(anonymous_6)
FN:32,(anonymous_7)
FN:36,(anonymous_8)
FN:38,(anonymous_9)
FN:44,(anonymous_10)
FN:44,(anonymous_11)
FN:51,(anonymous_12)
FN:52,(anonymous_13)
FN:54,(anonymous_14)
FN:58,(anonymous_15)
FN:71,(anonymous_16)
FN:98,(anonymous_17)
FN:124,(anonymous_18)
FNF:19
FNH:0
FNDA:0,ServiceTable
FNDA:0,(anonymous_1)
FNDA:0,(anonymous_2)
FNDA:0,(anonymous_3)
FNDA:0,(anonymous_4)
FNDA:0,(anonymous_5)
FNDA:0,(anonymous_6)
FNDA:0,(anonymous_7)
FNDA:0,(anonymous_8)
FNDA:0,(anonymous_9)
FNDA:0,(anonymous_10)
FNDA:0,(anonymous_11)
FNDA:0,(anonymous_12)
FNDA:0,(anonymous_13)
FNDA:0,(anonymous_14)
FNDA:0,(anonymous_15)
FNDA:0,(anonymous_16)
FNDA:0,(anonymous_17)
FNDA:0,(anonymous_18)
DA:20,0
DA:21,0
DA:24,0
DA:25,0
DA:26,0
DA:27,0
DA:28,0
DA:31,0
DA:32,0
DA:33,0
DA:36,0
DA:37,0
DA:38,0
DA:39,0
DA:43,0
DA:44,0
DA:49,0
DA:51,0
DA:52,0
DA:54,0
DA:55,0
DA:56,0
DA:58,0
DA:62,0
DA:71,0
DA:99,0
DA:125,0
LF:27
LH:0
BRDA:37,0,0,0
BRDA:37,0,1,0
BRDA:51,1,0,0
BRDA:51,1,1,0
BRDA:52,2,0,0
BRDA:52,2,1,0
BRDA:55,3,0,0
BRDA:55,3,1,0
BRDA:109,4,0,0
BRDA:109,4,1,0
BRDA:109,5,0,0
BRDA:109,5,1,0
BRDA:117,6,0,0
BRDA:117,6,1,0
BRF:14
BRH:0
end_of_record
TN:
SF:src/components/services/StatusBadge.tsx
FN:18,StatusBadge
FNF:1
FNH:1
FNDA:7,StatusBadge
DA:10,1
DA:19,7
DA:21,7
DA:22,5
DA:25,2
LF:5
LH:5
BRDA:21,0,0,5
BRDA:21,0,1,2
BRDA:25,1,0,2
BRDA:25,1,1,1
BRF:4
BRH:4
end_of_record
TN:
SF:src/components/services/columns.ts
FN:59,(anonymous_0)
FN:60,(anonymous_1)
FN:61,(anonymous_2)
FN:62,(anonymous_3)
FN:63,(anonymous_4)
FN:64,(anonymous_5)
FN:65,(anonymous_6)
FN:66,(anonymous_7)
FN:67,(anonymous_8)
FN:68,(anonymous_9)
FN:69,(anonymous_10)
FN:70,(anonymous_11)
FN:71,(anonymous_12)
FN:75,(anonymous_13)
FN:76,(anonymous_14)
FNF:15
FNH:0
FNDA:0,(anonymous_0)
FNDA:0,(anonymous_1)
FNDA:0,(anonymous_2)
FNDA:0,(anonymous_3)
FNDA:0,(anonymous_4)
FNDA:0,(anonymous_5)
FNDA:0,(anonymous_6)
FNDA:0,(anonymous_7)
FNDA:0,(anonymous_8)
FNDA:0,(anonymous_9)
FNDA:0,(anonymous_10)
FNDA:0,(anonymous_11)
FNDA:0,(anonymous_12)
FNDA:0,(anonymous_13)
FNDA:0,(anonymous_14)
DA:16,0
DA:22,0
DA:32,0
DA:41,0
DA:58,0
DA:59,0
DA:60,0
DA:61,0
DA:62,0
DA:63,0
DA:64,0
DA:65,0
DA:66,0
DA:67,0
DA:68,0
DA:69,0
DA:70,0
DA:71,0
DA:74,0
DA:75,0
DA:76,0
LF:21
LH:0
BRF:0
BRH:0
end_of_record
TN:
SF:src/components/services/index.ts
FNF:0
FNH:0
LF:0
LH:0
BRF:0
BRH:0
end_of_record
TN:
SF:src/components/ui/index.ts
FNF:0
FNH:0
LF:0
LH:0
BRF:0
BRH:0
end_of_record
TN:
SF:src/hooks/index.ts
FNF:0
FNH:0
LF:0
LH:0
BRF:0
BRH:0
end_of_record
TN:
SF:src/hooks/useDelayedInvalidation.ts
FN:4,useDelayedInvalidation
FN:8,(anonymous_1)
FN:9,(anonymous_2)
FN:16,(anonymous_3)
FN:20,(anonymous_4)
FNF:5
FNH:4
FNDA:28,useDelayedInvalidation
FNDA:14,(anonymous_1)
FNDA:14,(anonymous_2)
FNDA:12,(anonymous_3)
FNDA:0,(anonymous_4)
DA:5,28
DA:6,28
DA:8,28
DA:9,14
DA:10,14
DA:11,12
DA:16,28
DA:17,12
DA:18,0
DA:20,12
DA:21,0
DA:25,28
LF:12
LH:10
BRDA:4,0,0,28
BRDA:10,1,0,12
BRDA:10,1,1,2
BRDA:17,2,0,0
BRDA:17,2,1,12
BRF:5
BRH:4
end_of_record
TN:
SF:src/hooks/useEnvironments.ts
FN:5,useEnvironments
FN:12,useEnvironment
FN:15,(anonymous_2)
FN:20,useCreateEnvironment
FN:24,(anonymous_4)
FN:25,(anonymous_5)
FN:31,useUpdateEnvironment
FN:35,(anonymous_7)
FN:37,(anonymous_8)
FN:43,useDeleteEnvironment
FN:47,(anonymous_10)
FN:48,(anonymous_11)
FNF:12
FNH:12
FNDA:4,useEnvironments
FNDA:5,useEnvironment
FNDA:2,(anonymous_2)
FNDA:4,useCreateEnvironment
FNDA:2,(anonymous_4)
FNDA:1,(anonymous_5)
FNDA:4,useUpdateEnvironment
FNDA:2,(anonymous_7)
FNDA:1,(anonymous_8)
FNDA:4,useDeleteEnvironment
FNDA:2,(anonymous_10)
FNDA:1,(anonymous_11)
DA:6,4
DA:13,5
DA:15,2
DA:21,4
DA:23,4
DA:24,2
DA:26,1
DA:32,4
DA:34,4
DA:35,2
DA:38,1
DA:44,4
DA:46,4
DA:47,2
DA:49,1
LF:15
LH:15
BRF:0
BRH:0
end_of_record
TN:
SF:src/hooks/useLogs.ts
FN:10,useLogs
FN:13,(anonymous_1)
FNF:2
FNH:0
FNDA:0,useLogs
FNDA:0,(anonymous_1)
DA:11,0
DA:13,0
LF:2
LH:0
BRDA:10,0,0,0
BRF:1
BRH:0
end_of_record
TN:
SF:src/hooks/usePreline.ts
FN:4,usePreline
FN:7,(anonymous_1)
FN:10,(anonymous_2)
FNF:3
FNH:0
FNDA:0,usePreline
FNDA:0,(anonymous_1)
FNDA:0,(anonymous_2)
DA:5,0
DA:7,0
DA:10,0
DA:11,0
DA:12,0
DA:13,0
DA:18,0
LF:7
LH:0
BRF:0
BRH:0
end_of_record
TN:
SF:src/hooks/useServices.ts
FN:16,useServices
FN:25,useServiceAction
FN:29,(anonymous_2)
FN:35,useBatchAction
FN:39,(anonymous_4)
FN:45,useEnableService
FN:49,(anonymous_6)
FN:54,useDisableService
FN:58,(anonymous_8)
FN:63,useRemoveService
FN:67,(anonymous_10)
FN:72,useCreateService
FN:76,(anonymous_12)
FN:82,useShowService
FN:85,(anonymous_14)
FN:90,useServers
FNF:16
FNH:14
FNDA:5,useServices
FNDA:10,useServiceAction
FNDA:5,(anonymous_2)
FNDA:12,useBatchAction
FNDA:6,(anonymous_4)
FNDA:2,useEnableService
FNDA:1,(anonymous_6)
FNDA:2,useDisableService
FNDA:1,(anonymous_8)
FNDA:2,useRemoveService
FNDA:1,(anonymous_10)
FNDA:0,useCreateService
FNDA:0,(anonymous_12)
FNDA:3,useShowService
FNDA:1,(anonymous_14)
FNDA:2,useServers
DA:17,5
DA:26,10
DA:28,10
DA:29,5
DA:36,12
DA:38,12
DA:39,6
DA:46,2
DA:48,2
DA:49,1
DA:55,2
DA:57,2
DA:58,1
DA:64,2
DA:66,2
DA:67,1
DA:73,0
DA:75,0
DA:76,0
DA:83,3
DA:85,1
DA:91,2
LF:22
LH:19
BRF:0
BRH:0
end_of_record
TN:
SF:src/pages/CreateServicePage.tsx
FN:10,CreateServicePage
FN:22,(anonymous_1)
FN:27,(anonymous_2)
FN:52,(anonymous_3)
FN:82,(anonymous_4)
FN:95,(anonymous_5)
FN:119,(anonymous_6)
FN:130,(anonymous_7)
FNF:8
FNH:0
FNDA:0,CreateServicePage
FNDA:0,(anonymous_1)
FNDA:0,(anonymous_2)
FNDA:0,(anonymous_3)
FNDA:0,(anonymous_4)
FNDA:0,(anonymous_5)
FNDA:0,(anonymous_6)
FNDA:0,(anonymous_7)
DA:11,0
DA:12,0
DA:13,0
DA:14,0
DA:15,0
DA:17,0
DA:18,0
DA:19,0
DA:20,0
DA:22,0
DA:23,0
DA:24,0
DA:27,0
DA:28,0
DA:29,0
DA:30,0
DA:31,0
DA:34,0
DA:35,0
DA:41,0
DA:42,0
DA:44,0
DA:45,0
DA:49,0
DA:52,0
DA:59,0
DA:82,0
DA:95,0
DA:119,0
DA:130,0
LF:30
LH:0
BRDA:23,0,0,0
BRDA:23,0,1,0
BRDA:29,1,0,0
BRDA:29,1,1,0
BRDA:37,2,0,0
BRDA:37,2,1,0
BRDA:38,3,0,0
BRDA:38,3,1,0
BRDA:39,4,0,0
BRDA:39,4,1,0
BRDA:51,5,0,0
BRDA:51,5,1,0
BRDA:101,6,0,0
BRDA:101,6,1,0
BRDA:140,7,0,0
BRDA:140,7,1,0
BRF:16
BRH:0
end_of_record
TN:
SF:src/pages/DashboardPage.tsx
FN:4,DashboardPage
FNF:1
FNH:0
FNDA:0,DashboardPage
DA:5,0
DA:6,0
DA:8,0
LF:3
LH:0
BRDA:6,0,0,0
BRDA:6,0,1,0
BRF:2
BRH:0
end_of_record
TN:
SF:src/pages/EnvironmentCreatePage.tsx
FN:4,EnvironmentCreatePage
FNF:1
FNH:0
FNDA:0,EnvironmentCreatePage
DA:5,0
LF:1
LH:0
BRF:0
BRH:0
end_of_record
TN:
SF:src/pages/EnvironmentEditPage.tsx
FN:7,EnvironmentEditPage
FNF:1
FNH:0
FNDA:0,EnvironmentEditPage
DA:8,0
DA:9,0
DA:11,0
DA:12,0
DA:22,0
DA:23,0
DA:39,0
DA:40,0
DA:56,0
LF:9
LH:0
BRDA:9,0,0,0
BRDA:9,0,1,0
BRDA:11,1,0,0
BRDA:11,1,1,0
BRDA:22,2,0,0
BRDA:22,2,1,0
BRDA:39,3,0,0
BRDA:39,3,1,0
BRF:8
BRH:0
end_of_record
TN:
SF:src/pages/EnvironmentsPage.tsx
FN:4,EnvironmentsPage
FNF:1
FNH:0
FNDA:0,EnvironmentsPage
DA:5,0
DA:6,0
DA:8,0
LF:3
LH:0
BRDA:6,0,0,0
BRDA:6,0,1,0
BRF:2
BRH:0
end_of_record
TN:
SF:src/pages/LoginPage.tsx
FN:7,LoginPage
FN:17,(anonymous_1)
FN:23,(anonymous_2)
FN:56,(anonymous_3)
FN:67,(anonymous_4)
FNF:5
FNH:5
FNDA:75,LoginPage
FNDA:10,(anonymous_1)
FNDA:5,(anonymous_2)
FNDA:22,(anonymous_3)
FNDA:36,(anonymous_4)
DA:8,75
DA:9,75
DA:10,75
DA:12,75
DA:13,75
DA:14,75
DA:15,75
DA:17,75
DA:18,10
DA:19,4
DA:23,75
DA:24,5
DA:25,5
DA:26,5
DA:28,5
DA:29,5
DA:30,3
DA:31,3
DA:33,2
DA:34,2
DA:35,2
DA:37,5
DA:41,75
DA:56,22
DA:67,36
LF:25
LH:25
BRDA:18,0,0,4
BRDA:18,0,1,6
BRDA:33,1,0,2
BRDA:33,1,1,0
BRF:4
BRH:3
end_of_record
TN:
SF:src/pages/LogsPage.tsx
FN:15,LogsPage
FN:21,(anonymous_1)
FN:25,(anonymous_2)
FNF:3
FNH:0
FNDA:0,LogsPage
FNDA:0,(anonymous_1)
FNDA:0,(anonymous_2)
DA:9,0
DA:16,0
DA:17,0
DA:18,0
DA:19,0
DA:21,0
DA:22,0
DA:25,0
DA:26,0
DA:29,0
DA:30,0
DA:40,0
DA:42,0
LF:13
LH:0
BRDA:29,0,0,0
BRDA:29,0,1,0
BRF:2
BRH:0
end_of_record
TN:
SF:src/stores/authStore.ts
FN:21,(anonymous_0)
FN:28,(anonymous_1)
FN:45,(anonymous_2)
FN:61,(anonymous_3)
FN:73,(anonymous_4)
FN:78,(anonymous_5)
FNF:6
FNH:6
FNDA:5,(anonymous_0)
FNDA:5,(anonymous_1)
FNDA:22,(anonymous_2)
FNDA:8,(anonymous_3)
FNDA:12,(anonymous_4)
FNDA:12,(anonymous_5)
DA:19,5
DA:21,5
DA:29,5
DA:30,5
DA:31,5
DA:32,5
DA:33,2
DA:41,3
DA:46,22
DA:47,22
DA:48,22
DA:49,0
DA:51,22
DA:53,22
DA:62,8
DA:63,8
DA:64,8
DA:65,8
DA:74,12
DA:75,12
DA:76,0
DA:78,12
LF:22
LH:20
BRDA:32,0,0,2
BRDA:32,0,1,3
BRDA:32,1,0,5
BRDA:32,1,1,3
BRDA:48,2,0,0
BRDA:48,2,1,22
BRDA:56,3,0,22
BRDA:56,3,1,22
BRDA:75,4,0,0
BRDA:75,4,1,12
BRDA:78,5,0,12
BRDA:78,5,1,12
BRF:12
BRH:10
end_of_record
TN:
SF:src/stores/index.ts
FNF:0
FNH:0
LF:0
LH:0
BRF:0
BRH:0
end_of_record
TN:
SF:src/stores/serviceStore.ts
FN:9,loadVisibleColumns
FN:21,loadTimezone
FN:51,(anonymous_2)
FN:57,(anonymous_3)
FN:58,(anonymous_4)
FN:69,(anonymous_5)
FN:73,(anonymous_6)
FN:77,(anonymous_7)
FN:81,(anonymous_8)
FN:82,(anonymous_9)
FN:84,(anonymous_10)
FN:91,(anonymous_11)
FNF:12
FNH:0
FNDA:0,loadVisibleColumns
FNDA:0,loadTimezone
FNDA:0,(anonymous_2)
FNDA:0,(anonymous_3)
FNDA:0,(anonymous_4)
FNDA:0,(anonymous_5)
FNDA:0,(anonymous_6)
FNDA:0,(anonymous_7)
FNDA:0,(anonymous_8)
FNDA:0,(anonymous_9)
FNDA:0,(anonymous_10)
FNDA:0,(anonymous_11)
DA:6,0
DA:7,0
DA:10,0
DA:11,0
DA:12,0
DA:13,0
DA:18,0
DA:22,0
DA:23,0
DA:24,0
DA:25,0
DA:30,0
DA:49,0
DA:51,0
DA:58,0
DA:59,0
DA:60,0
DA:61,0
DA:63,0
DA:65,0
DA:70,0
DA:74,0
DA:78,0
DA:82,0
DA:83,0
DA:84,0
DA:86,0
DA:87,0
DA:92,0
DA:93,0
LF:30
LH:0
BRDA:12,0,0,0
BRDA:12,0,1,0
BRDA:24,1,0,0
BRDA:24,1,1,0
BRDA:60,2,0,0
BRDA:60,2,1,0
BRDA:83,3,0,0
BRDA:83,3,1,0
BRF:8
BRH:0
end_of_record
TN:
SF:src/types/auth.ts
FNF:0
FNH:0
LF:0
LH:0
BRF:0
BRH:0
end_of_record
TN:
SF:src/types/environment.ts
FNF:0
FNH:0
LF:0
LH:0
BRF:0
BRH:0
end_of_record
TN:
SF:src/types/index.ts
FNF:0
FNH:0
LF:0
LH:0
BRF:0
BRH:0
end_of_record
TN:
SF:src/types/service.ts
FNF:0
FNH:0
LF:0
LH:0
BRF:0
BRH:0
end_of_record
TN:
SF:src/utils/error.ts
FN:1,getErrorMessage
FNF:1
FNH:0
FNDA:0,getErrorMessage
DA:2,0
DA:3,0
DA:4,0
LF:3
LH:0
BRDA:2,0,0,0
BRDA:2,0,1,0
BRDA:3,1,0,0
BRDA:3,1,1,0
BRF:4
BRH:0
end_of_record
TN:
SF:src/utils/logger.ts
FN:2,(anonymous_0)
FN:5,(anonymous_1)
FN:8,(anonymous_2)
FNF:3
FNH:0
FNDA:0,(anonymous_0)
FNDA:0,(anonymous_1)
FNDA:0,(anonymous_2)
DA:1,4
DA:3,0
DA:6,0
DA:9,0
LF:4
LH:1
BRDA:3,0,0,0
BRDA:3,0,1,0
BRDA:6,1,0,0
BRDA:6,1,1,0
BRDA:9,2,0,0
BRDA:9,2,1,0
BRF:6
BRH:0
end_of_record
